warning: No executable has been specified and target does not support
determining executable automatically.  Try using the "file" command.
0x0000fff0 in ?? ()
Breakpoint 1 at 0x8000
Continuing.

Breakpoint 1, 0x00008000 in ?? ()
=> 0x00008000:	ba 92 00 ec 0c	mov    $0xcec0092,%edx
0x00008003 in ?? ()
=> 0x00008003:	ec	in     (%dx),%al
0x00008004 in ?? ()
=> 0x00008004:	0c 02	or     $0x2,%al
$1 = 2
A syntax error in expression, near `%al'.
0x00008006 in ?? ()
=> 0x00008006:	ee	out    %al,(%dx)
0x00008007 in ?? ()
=> 0x00008007:	66 ba 00 00	mov    $0x0,%dx
0x0000800d in ?? ()
=> 0x0000800d:	66 b8 9d 80	mov    $0x809d,%ax
0x00008013 in ?? ()
=> 0x00008013:	66 b9 00 10	mov    $0x1000,%cx
0x00008019 in ?? ()
=> 0x00008019:	66 f7 f1	div    %cx
A syntax error in expression, near `$edx $ecx'.
$2 = 32925
$3 = 0x809d
$4 = 0x0
$5 = 0x1000
0x0000801c in ?? ()
=> 0x0000801c:	66 f7 e1	mul    %cx
$6 = 0x8
$7 = 0x9d
0x0000801f in ?? ()
=> 0x0000801f:	66 89 c3	mov    %ax,%bx
$8 = 0x8000
0x00008022 in ?? ()
=> 0x00008022:	66 83 fa 00	cmp    $0x0,%dx
0x00008026 in ?? ()
=> 0x00008026:	7e 07	jle    0x802f
0x0000802f in ?? ()
=> 0x0000802f:	66 89 d8	mov    %bx,%ax
Detaching from pid process 1
Remote connection closed
warning: No executable has been specified and target does not support
determining executable automatically.  Try using the "file" command.
0x0000fff0 in ?? ()
Breakpoint 1 at 0x8000
Continuing.

Breakpoint 1, 0x00008000 in ?? ()
=> 0x00008000:	ba 92 00 ec 0c	mov    $0xcec0092,%edx
0x00008003 in ?? ()
=> 0x00008003:	ec	in     (%dx),%al
0x00008004 in ?? ()
=> 0x00008004:	0c 02	or     $0x2,%al
0x00008006 in ?? ()
=> 0x00008006:	ee	out    %al,(%dx)
0x00008007 in ?? ()
=> 0x00008007:	66 ba 00 00	mov    $0x0,%dx
0x0000800d in ?? ()
=> 0x0000800d:	66 b8 96 80	mov    $0x8096,%ax
0x00008013 in ?? ()
=> 0x00008013:	66 b9 00 10	mov    $0x1000,%cx
0x00008019 in ?? ()
=> 0x00008019:	66 f7 f1	div    %cx
0x0000801c in ?? ()
=> 0x0000801c:	66 f7 e1	mul    %cx
0x0000801f in ?? ()
=> 0x0000801f:	66 83 fa 00	cmp    $0x0,%dx
0x00008023 in ?? ()
=> 0x00008023:	76 06	jbe    0x802b
0x0000802b in ?? ()
=> 0x0000802b:	66 bb 92 80	mov    $0x8092,%bx
Detaching from pid process 1
Remote connection closed
warning: No executable has been specified and target does not support
determining executable automatically.  Try using the "file" command.
0x0000fff0 in ?? ()
Breakpoint 1 at 0x8000
Continuing.

Breakpoint 1, 0x00008000 in ?? ()
=> 0x00008000:	ba 92 00 ec 0c	mov    $0xcec0092,%edx
$1 = 0
$2 = (void *) 0x7bff
0x00008003 in ?? ()
=> 0x00008003:	ec	in     (%dx),%al
0x00008004 in ?? ()
=> 0x00008004:	0c 02	or     $0x2,%al
0x00008006 in ?? ()
=> 0x00008006:	ee	out    %al,(%dx)
0x00008007 in ?? ()
=> 0x00008007:	66 ba 00 00	mov    $0x0,%dx
0x0000800d in ?? ()
=> 0x0000800d:	66 b8 96 80	mov    $0x8096,%ax
0x00008013 in ?? ()
=> 0x00008013:	66 b9 00 10	mov    $0x1000,%cx
0x00008019 in ?? ()
=> 0x00008019:	66 f7 f1	div    %cx
0x0000801c in ?? ()
=> 0x0000801c:	66 f7 e1	mul    %cx
0x0000801f in ?? ()
=> 0x0000801f:	66 83 fa 00	cmp    $0x0,%dx
$3 = 32768
$4 = 0x8000
$5 = 0x0
$6 = 0x0
Detaching from pid process 1
Remote connection closed
warning: No executable has been specified and target does not support
determining executable automatically.  Try using the "file" command.
0x0000fff0 in ?? ()
Breakpoint 1 at 0x8000
Continuing.

Breakpoint 1, 0x00008000 in ?? ()
=> 0x00008000:	ba 92 00 ec 0c	mov    $0xcec0092,%edx
0x00008003 in ?? ()
=> 0x00008003:	ec	in     (%dx),%al
0x00008004 in ?? ()
=> 0x00008004:	0c 02	or     $0x2,%al
0x00008006 in ?? ()
=> 0x00008006:	ee	out    %al,(%dx)
0x00008007 in ?? ()
=> 0x00008007:	66 ba 00 00	mov    $0x0,%dx
0x0000800d in ?? ()
=> 0x0000800d:	66 b8 96 80	mov    $0x8096,%ax
0x00008013 in ?? ()
=> 0x00008013:	66 b9 00 10	mov    $0x1000,%cx
0x00008019 in ?? ()
=> 0x00008019:	66 f7 f1	div    %cx
0x0000801c in ?? ()
=> 0x0000801c:	66 f7 e1	mul    %cx
$1 = 150
$2 = 0x96
Detaching from pid process 1
Remote connection closed
warning: No executable has been specified and target does not support
determining executable automatically.  Try using the "file" command.
0x0000fff0 in ?? ()
Breakpoint 1 at 0x8000
0x0000e05b in ?? ()
=> 0x0000e05b:	00 00	add    %al,(%eax)
Continuing.

Breakpoint 1, 0x00008000 in ?? ()
=> 0x00008000:	ba 92 00 ec 0c	mov    $0xcec0092,%edx
0x00008003 in ?? ()
=> 0x00008003:	ec	in     (%dx),%al
0x00008004 in ?? ()
=> 0x00008004:	0c 02	or     $0x2,%al
0x00008006 in ?? ()
=> 0x00008006:	ee	out    %al,(%dx)
0x00008007 in ?? ()
=> 0x00008007:	66 ba 00 00	mov    $0x0,%dx
0x0000800d in ?? ()
=> 0x0000800d:	66 b8 96 80	mov    $0x8096,%ax
0x00008013 in ?? ()
=> 0x00008013:	66 b9 00 10	mov    $0x1000,%cx
0x00008019 in ?? ()
=> 0x00008019:	66 f7 f1	div    %cx
0x0000801c in ?? ()
=> 0x0000801c:	66 83 fa 00	cmp    $0x0,%dx
$1 = 0x96
0x00008020 in ?? ()
=> 0x00008020:	66 f7 e1	mul    %cx
0x00008023 in ?? ()
=> 0x00008023:	74 06	je     0x802b
$2 = 0x8000
$3 = 0x0
0x00008025 in ?? ()
=> 0x00008025:	66 05 00 10	add    $0x1000,%ax
0x0000802b in ?? ()
=> 0x0000802b:	66 bb 92 80	mov    $0x8092,%bx
$4 = 0x9000
0x00008031 in ?? ()
=> 0x00008031:	66 67 89 03	mov    %ax,(%bp,%di)
0x00008035 in ?? ()
=> 0x00008035:	66 89 c7	mov    %ax,%di
0x8090:	0xff	0x00	0x00	0x90	0x00	0x00	0x00	0x00
0x8098:	0x00	0x00	0x00	0x00	0x00	0x00	0x00	0x00
0x80a0:	0x00	0x00	0x00	0x00	0x00	0x00	0x00	0x00
0x80a8:	0x00	0x00	0x00	0x00	0x00	0x00	0x00	0x00
Dump of assembler code from 0x8035 to 0x8065:
=> 0x00008035:	mov    %ax,%di
   0x00008038:	mov    $0x8069,%ax
   0x0000803c:	add    %al,(%eax)
   0x0000803e:	mov    %ax,%si
   0x00008041:	mov    $0x6766000a,%ecx
   0x00008046:	mov    (%esi),%eax
   0x00008048:	mov    %ax,(%bx)
   0x0000804c:	add    $0x4,%di
   0x00008050:	loop   0x8044
   0x00008052:	mov    $0x8092,%bx
   0x00008056:	add    %al,(%eax)
   0x00008058:	lgdtl  (%bp,%di)
   0x0000805c:	mov    %cr0,%eax
   0x0000805f:	or     $0x1,%ax
   0x00008063:	mov    %eax,%cr0
End of assembler dump.
Breakpoint 2 at 0x8052
Continuing.

Breakpoint 2, 0x00008052 in ?? ()
=> 0x00008052:	66 bb 92 80	mov    $0x8092,%bx
0x9000:	0x00	0x00	0x00	0x00	0x00	0x00	0x00	0x00
0x9008:	0x00	0x00	0x00	0x00	0x00	0x00	0x00	0x00
0x9010:	0x00	0x00	0x00	0x00	0x00	0x00	0x00
Detaching from pid process 1
Remote connection closed
warning: No executable has been specified and target does not support
determining executable automatically.  Try using the "file" command.
0x0000fff0 in ?? ()
Breakpoint 1 at 0x8031
Continuing.

Breakpoint 1, 0x00008031 in ?? ()
=> 0x00008031:	66 67 89 03	mov    %ax,(%bp,%di)
Dump of assembler code from 0x8031 to 0x8061:
=> 0x00008031:	mov    %ax,(%bp,%di)
   0x00008035:	mov    %ax,%di
   0x00008038:	mov    $0x8069,%ax
   0x0000803c:	add    %al,(%eax)
   0x0000803e:	mov    %ax,%si
   0x00008041:	mov    $0x6766000a,%ecx
   0x00008046:	mov    (%esi),%eax
   0x00008048:	mov    %ax,(%bx)
   0x0000804c:	add    $0x4,%di
   0x00008050:	loop   0x8044
   0x00008052:	mov    $0x8092,%bx
   0x00008056:	add    %al,(%eax)
   0x00008058:	lgdtl  (%bp,%di)
   0x0000805c:	mov    %cr0,%eax
   0x0000805f:	or     $0x1,%ax
End of assembler dump.
0x00008035 in ?? ()
=> 0x00008035:	66 89 c7	mov    %ax,%di
0x8096:	0x00	0x00	0x00	0x00	0x00	0x00	0x00	0x00
0x809e:	0x00	0x00	0x00	0x00	0x00	0x00	0x00	0x00
0x80a6:	0x00	0x00	0x00	0x00	0x00	0x00	0x00	0x00
0x80ae:	0x00	0x00	0x00	0x00	0x00	0x00	0x00	0x00
0x8069:	0x00	0x00	0x00	0x00	0x00	0x00	0x00	0x00
0x8071:	0x00	0xcf	0x9a	0x00	0x00	0x00	0xff	0xff
0x8079:	0x00	0xcf	0x92	0x00	0x00	0x00	0xff	0xff
0x8081:	0x00	0xcf	0xfa	0x00	0x00	0x00	0xff	0xff
$1 = 0x8092
0x8092:	0x00	0x90	0x00	0x00	0x00	0x00	0x00	0x00
0x809a:	0x00	0x00	0x00	0x00	0x00	0x00	0x00	0x00
0x80a2:	0x00	0x00	0x00	0x00	0x00	0x00	0x00	0x00
0x80aa:	0x00	0x00	0x00	0x00	0x00	0x00	0x00	0x00
0x00008038 in ?? ()
=> 0x00008038:	66 b8 69 80	mov    $0x8069,%ax
0x0000803e in ?? ()
=> 0x0000803e:	66 89 c6	mov    %ax,%si
Detaching from pid process 1
Remote connection closed
warning: No executable has been specified and target does not support
determining executable automatically.  Try using the "file" command.
0x0000fff0 in ?? ()
Breakpoint 1 at 0x8031
Continuing.

Breakpoint 1, 0x00008031 in ?? ()
=> 0x00008031:	66 67 89 43 02	mov    %ax,0x2(%bp,%di)
0x00008036 in ?? ()
=> 0x00008036:	66 b9 28 00	mov    $0x28,%cx
0x0000803c in ?? ()
=> 0x0000803c:	66 67 89 0b	mov    %cx,(%bp,%di)
0x00008040 in ?? ()
=> 0x00008040:	66 89 c7	mov    %ax,%di
$1 = 0x809d
0x809d:	0x28	0x00	0x00	0x00	0x00	0x00	0x00	0x00
0x80a5:	0x00	0x00	0x00	0x00	0x00	0x00	0x00	0x00
0x80ad:	0x00	0x00	0x00	0x00	0x00	0x00	0x00	0x00
0x80b5:	0x00	0x00	0x00	0x00	0x00	0x00	0x00	0x00
Detaching from pid process 1
Remote connection closed
warning: No executable has been specified and target does not support
determining executable automatically.  Try using the "file" command.
0x0000fff0 in ?? ()
Breakpoint 1 at 0x8031
Continuing.

Breakpoint 1, 0x00008031 in ?? ()
=> 0x00008031:	66 67 89 0b	mov    %cx,(%bp,%di)
0x00008035 in ?? ()
=> 0x00008035:	66 bb 9d 80	mov    $0x809d,%bx
Detaching from pid process 1
Remote connection closed
warning: No executable has been specified and target does not support
determining executable automatically.  Try using the "file" command.
0x0000fff0 in ?? ()
Breakpoint 1 at 0x831
Continuing.
[Inferior 1 (process 1) exited normally]
warning: No executable has been specified and target does not support
determining executable automatically.  Try using the "file" command.
0x0000fff0 in ?? ()
Breakpoint 1 at 0x8031
Continuing.

Breakpoint 1, 0x00008031 in ?? ()
=> 0x00008031:	66 b9 28 00	mov    $0x28,%cx
0x00008037 in ?? ()
=> 0x00008037:	66 67 89 0b	mov    %cx,(%bp,%di)
0x0000803b in ?? ()
=> 0x0000803b:	66 67 89 43 02	mov    %ax,0x2(%bp,%di)
0x00008040 in ?? ()
=> 0x00008040:	66 89 c7	mov    %ax,%di
$1 = 0x809d
0x809d:	0x28	0x00	0x00	0x90	0x00	0x00	0x00	0x00
0x80a5:	0x00	0x00	0x00	0x00	0x00	0x00	0x00	0x00
0x80ad:	0x00	0x00	0x00	0x00	0x00	0x00	0x00	0x00
0x80b5:	0x00	0x00	0x00	0x00	0x00	0x00	0x00	0x00
0x00008043 in ?? ()
=> 0x00008043:	66 b8 74 80	mov    $0x8074,%ax
$2 = 0x9000
0x00008049 in ?? ()
=> 0x00008049:	66 89 c6	mov    %ax,%si
0x0000804c in ?? ()
=> 0x0000804c:	b9 0a 00 66 67	mov    $0x6766000a,%ecx
$3 = 0x8074
0x8074:	0x00	0x00	0x00	0x00	0x00	0x00	0x00	0x00
0x807c:	0xff	0xff	0x00	0x00	0x00	0x9a	0xcf	0x00
0x8084:	0xff	0xff	0x00	0x00	0x00	0x92	0xcf	0x00
0x808c:	0xff	0xff	0x00	0x00	0x00	0xfa	0xcf	0x00
0x8074:	0x00	0x00	0x00	0x00	0x00	0x00	0x00	0x00
0x807c:	0xff	0xff	0x00	0x00	0x00	0x9a	0xcf	0x00
0x8084:	0xff	0xff	0x00	0x00	0x00	0x92	0xcf	0x00
0x808c:	0xff	0xff	0x00	0x00	0x00	0xfa	0xcf	0x00
0x8094:	0xff	0xff	0x00	0x00	0x00	0xf2	0xcf	0x00
0x809c:	0x00	0x28	0x00	0x00	0x90	0x00	0x00	0x00
0x0000804f in ?? ()
=> 0x0000804f:	66 67 8b 06 66 67	mov    0x6766,%ax
0x00008053 in ?? ()
=> 0x00008053:	66 67 89 07	mov    %ax,(%bx)
$4 = 0x0
0x00008057 in ?? ()
=> 0x00008057:	66 83 c7 04	add    $0x4,%di
0x0000805b in ?? ()
=> 0x0000805b:	e2 f2	loop   0x804f
0x0000804f in ?? ()
=> 0x0000804f:	66 67 8b 06 66 67	mov    0x6766,%ax
Detaching from pid process 1
Remote connection closed
warning: No executable has been specified and target does not support
determining executable automatically.  Try using the "file" command.
0x0000fff0 in ?? ()
Breakpoint 1 at 0x8031
Continuing.

Breakpoint 1, 0x00008031 in ?? ()
=> 0x00008031:	66 b9 28 00	mov    $0x28,%cx
0x00008037 in ?? ()
=> 0x00008037:	66 67 89 0b	mov    %cx,(%bp,%di)
0x0000803b in ?? ()
=> 0x0000803b:	66 67 89 43 02	mov    %ax,0x2(%bp,%di)
0x00008040 in ?? ()
=> 0x00008040:	66 89 c7	mov    %ax,%di
0x00008043 in ?? ()
=> 0x00008043:	66 b8 78 80	mov    $0x8078,%ax
0x00008049 in ?? ()
=> 0x00008049:	66 89 c6	mov    %ax,%si
0x0000804c in ?? ()
=> 0x0000804c:	b9 0a 00 66 67	mov    $0x6766000a,%ecx
0x0000804f in ?? ()
=> 0x0000804f:	66 67 8b 06 66 67	mov    0x6766,%ax
0x00008053 in ?? ()
=> 0x00008053:	66 67 89 07	mov    %ax,(%bx)
0x00008057 in ?? ()
=> 0x00008057:	66 83 c7 04	add    $0x4,%di
0x0000805b in ?? ()
=> 0x0000805b:	66 83 c6 04	add    $0x4,%si
0x0000805f in ?? ()
=> 0x0000805f:	e2 ee	loop   0x804f
0x0000804f in ?? ()
=> 0x0000804f:	66 67 8b 06 66 67	mov    0x6766,%ax
0x00008053 in ?? ()
=> 0x00008053:	66 67 89 07	mov    %ax,(%bx)
0x00008057 in ?? ()
=> 0x00008057:	66 83 c7 04	add    $0x4,%di
0x0000805b in ?? ()
=> 0x0000805b:	66 83 c6 04	add    $0x4,%si
0x0000805f in ?? ()
=> 0x0000805f:	e2 ee	loop   0x804f
0x0000804f in ?? ()
=> 0x0000804f:	66 67 8b 06 66 67	mov    0x6766,%ax
0x00008053 in ?? ()
=> 0x00008053:	66 67 89 07	mov    %ax,(%bx)
$1 = 0xffff
0x00008057 in ?? ()
=> 0x00008057:	66 83 c7 04	add    $0x4,%di
0x9000:	0x00	0x00	0x00	0x00	0x00	0x00	0x00	0x00
0x9008:	0xff	0xff	0x00	0x00	0x00	0x00	0x00	0x00
0x9010:	0x00	0x00	0x00	0x00	0x00	0x00	0x00	0x00
0x9018:	0x00	0x00	0x00	0x00	0x00	0x00	0x00	0x00
0x0000805b in ?? ()
=> 0x0000805b:	66 83 c6 04	add    $0x4,%si
0x0000805f in ?? ()
=> 0x0000805f:	e2 ee	loop   0x804f
0x0000804f in ?? ()
=> 0x0000804f:	66 67 8b 06 66 67	mov    0x6766,%ax
0x00008053 in ?? ()
=> 0x00008053:	66 67 89 07	mov    %ax,(%bx)
$2 = 0xcf9a00
0x00008057 in ?? ()
=> 0x00008057:	66 83 c7 04	add    $0x4,%di
0x9000:	0x00	0x00	0x00	0x00	0x00	0x00	0x00	0x00
0x9008:	0xff	0xff	0x00	0x00	0x00	0x9a	0xcf	0x00
0x9010:	0x00	0x00	0x00	0x00	0x00	0x00	0x00	0x00
0x9018:	0x00	0x00	0x00	0x00	0x00	0x00	0x00	0x00
Dump of assembler code from 0x8057 to 0x8077:
=> 0x00008057:	add    $0x4,%di
   0x0000805b:	add    $0x4,%si
   0x0000805f:	loop   0x804f
   0x00008061:	mov    $0x80a1,%bx
   0x00008065:	add    %al,(%eax)
   0x00008067:	lgdtl  (%bp,%di)
   0x0000806b:	mov    %cr0,%eax
   0x0000806e:	or     $0x1,%ax
   0x00008072:	mov    %eax,%cr0
   0x00008075:	hlt    
   0x00008076:	jmp    0x8075
End of assembler dump.
Breakpoint 2 at 0x8061
Continuing.

Breakpoint 2, 0x00008061 in ?? ()
=> 0x00008061:	66 bb a1 80	mov    $0x80a1,%bx
0x9000:	0x00	0x00	0x00	0x00	0x00	0x00	0x00	0x00
0x9008:	0xff	0xff	0x00	0x00	0x00	0x9a	0xcf	0x00
0x9010:	0xff	0xff	0x00	0x00	0x00	0x92	0xcf	0x00
0x9018:	0xff	0xff	0x00	0x00	0x00	0xfa	0xcf	0x00
0x9020:	0xff	0xff	0x00	0x00	0x00	0xf2	0xcf	0x00
0x9028:	0x00	0x00	0x00	0x00	0x00	0x00	0x00	0x00
0x00008067 in ?? ()
=> 0x00008067:	67 0f 01 13	lgdtl  (%bp,%di)
0x0000806b in ?? ()
=> 0x0000806b:	0f 20 c0	mov    %cr0,%eax
0x0000806e in ?? ()
=> 0x0000806e:	66 83 c8 01	or     $0x1,%ax
0x00008072 in ?? ()
=> 0x00008072:	0f 22 c0	mov    %eax,%cr0
0x00008075 in ?? ()
=> 0x00008075:	f4	hlt    
0x00008075 in ?? ()
=> 0x00008075:	f4	hlt    
Continuing.

Breakpoint 1, 0x00008031 in ?? ()
=> 0x00008031:	66 b9 28 00	mov    $0x28,%cx
Breakpoint 3 at 0x8075
Continuing.

Breakpoint 2, 0x00008061 in ?? ()
=> 0x00008061:	66 bb a1 80	mov    $0x80a1,%bx
Continuing.

Breakpoint 3, 0x00008075 in ?? ()
=> 0x00008075:	f4	hlt    

Breakpoint 3, 0x00008075 in ?? ()
=> 0x00008075:	f4	hlt    

Breakpoint 3, 0x00008075 in ?? ()
=> 0x00008075:	f4	hlt    

Breakpoint 3, 0x00008075 in ?? ()
=> 0x00008075:	f4	hlt    

Breakpoint 3, 0x00008075 in ?? ()
=> 0x00008075:	f4	hlt    

Breakpoint 3, 0x00008075 in ?? ()
=> 0x00008075:	f4	hlt    

Breakpoint 3, 0x00008075 in ?? ()
=> 0x00008075:	f4	hlt    

Breakpoint 3, 0x00008075 in ?? ()
=> 0x00008075:	f4	hlt    

Breakpoint 3, 0x00008075 in ?? ()
=> 0x00008075:	f4	hlt    
Continuing.

Breakpoint 3, 0x00008075 in ?? ()
=> 0x00008075:	f4	hlt    
Continuing.

Breakpoint 3, 0x00008075 in ?? ()
=> 0x00008075:	f4	hlt    
Continuing.

Breakpoint 1, 0x00008031 in ?? ()
=> 0x00008031:	66 b9 28 00	mov    $0x28,%cx
Continuing.

Program received signal SIGINT, Interrupt.
0x0000d09f in ?? ()
=> 0x0000d09f:	00 00	add    %al,(%eax)
Detaching from pid process 1
Remote connection closed
warning: No executable has been specified and target does not support
determining executable automatically.  Try using the "file" command.
0x0000fff0 in ?? ()
Breakpoint 1 at 0x8000
Continuing.

Breakpoint 1, 0x00008000 in ?? ()
=> 0x00008000:	ba 92 00 ec 0c	mov    $0xcec0092,%edx
Dump of assembler code from 0x8031 to 0x8061:
   0x00008031:	mov    $0x28,%cx
   0x00008035:	add    %al,(%eax)
   0x00008037:	mov    %cx,(%bp,%di)
   0x0000803b:	mov    %ax,0x2(%bp,%di)
   0x00008040:	mov    %ax,%di
   0x00008043:	mov    $0x808c,%ax
   0x00008047:	add    %al,(%eax)
   0x00008049:	mov    %ax,%si
   0x0000804c:	mov    $0x6766000a,%ecx
   0x00008051:	mov    (%esi),%eax
   0x00008053:	mov    %ax,(%bx)
   0x00008057:	add    $0x4,%di
   0x0000805b:	add    $0x4,%si
   0x0000805f:	loop   0x804f
End of assembler dump.
Dump of assembler code from 0x805f to 0x808f:
   0x0000805f:	loop   0x804f
   0x00008061:	mov    $0x80b5,%bx
   0x00008065:	add    %al,(%eax)
   0x00008067:	lgdtl  (%bp,%di)
   0x0000806b:	mov    %cr0,%eax
   0x0000806e:	or     $0x1,%ax
   0x00008072:	mov    %eax,%cr0
   0x00008075:	mov    $0xc08e0010,%eax
   0x0000807a:	mov    %eax,%ds
   0x0000807c:	mov    %eax,%fs
   0x0000807e:	mov    %eax,%gs
   0x00008080:	mov    %eax,%ss
   0x00008082:	push   $0x8
   0x00008084:	push   $0xfacb8088
   0x00008089:	hlt    
   0x0000808a:	jmp    0x8088
   0x0000808c:	add    %al,(%eax)
   0x0000808e:	add    %al,(%eax)
End of assembler dump.
Breakpoint 2 at 0x8084
Continuing.

Breakpoint 2, 0x00008084 in ?? ()
=> 0x00008084:	68 88 80 cb fa	push   $0xfacb8088
0x00008087 in ?? ()
=> 0x00008087:	cb	lret   
0x00008088 in ?? ()
=> 0x00008088:	fa	cli    
$1 = 0x8
$2 = void
$3 = 0x8088
0x00008089 in ?? ()
=> 0x00008089:	f4	hlt    
Continuing.
[Inferior 1 (process 1) exited normally]
warning: No executable has been specified and target does not support
determining executable automatically.  Try using the "file" command.
0x0000fff0 in ?? ()
Breakpoint 1 at 0x8000
Continuing.

Breakpoint 1, 0x00008000 in ?? ()
=> 0x00008000:	ba 92 00 ec 0c	mov    $0xcec0092,%edx
0x7bf0:	0x00	0x00	0x00	0x08	0x00	0x00	0x00	0x9b
0x7bf8:	0x7d	0x00	0x58	0x7d	0x02	0xdf	0x7c	0x00
0x7c00:	0xeb	0x3c	0x00	0x5a	0x69	0x67	0x68	0x74
0x7c08:	0x63	0x68	0x00	0x00	0x02	0x01	0x01	0x00
$1 = (void *) 0x7bfa
Dump of assembler code from 0x7d58 to 0x7d78:
   0x00007d58:	mov    $0x24ec01f7,%edx
   0x00007d5d:	sarb   $0x75,(%eax,%eax,2)
   0x00007d61:	divb   0x1f2ba01(%eax)
   0x00007d67:	out    %al,(%dx)
   0x00007d68:	mov    %bx,%ax
   0x00007d6b:	mov    $0x66ee01f3,%edx
   0x00007d70:	shr    $0x8,%eax
   0x00007d73:	mov    $0x66ee01f4,%edx
End of assembler dump.
Detaching from pid process 1
Remote connection closed
warning: No executable has been specified and target does not support
determining executable automatically.  Try using the "file" command.
0x0000fff0 in ?? ()
Breakpoint 1 at 0x8000
Continuing.

Breakpoint 1, 0x00008000 in ?? ()
=> 0x00008000:	ba 92 00 ec 0c	mov    $0xcec0092,%edx
0x7bf0:	0x00	0x00	0x00	0x08	0x00	0x00	0x00	0xa1
0x7bf8:	0x7d	0x00	0x00	0x46	0x5e	0x7d	0x00	0x00
0x7c00:	0xeb	0x3c	0x00	0x5a	0x69	0x67	0x68	0x74
0x7c08:	0x63	0x68	0x00	0x00	0x02	0x01	0x01	0x00
eax            0x0                 0
ecx            0x0                 0
edx            0x0                 0
ebx            0x0                 0
esp            0x7bfc              0x7bfc
ebp            0x7bfe              0x7bfe
esi            0x0                 0
edi            0x0                 0
eip            0x8000              0x8000
eflags         0x202               [ IOPL=0 IF ]
cs             0x0                 0
ss             0x0                 0
ds             0x0                 0
es             0x0                 0
fs             0x0                 0
gs             0x0                 0
fs_base        0x0                 0
gs_base        0x0                 0
k_gs_base      0x0                 0
cr0            0x10                [ ET ]
cr2            0x0                 0
cr3            0x0                 [ PDBR=0 PCID=0 ]
cr4            0x0                 [ ]
cr8            0x0                 0
efer           0x0                 [ ]
xmm0           {v4_float = {0x0, 0x0, 0x0, 0x0}, v2_double = {0x0, 0x0}, v16_int8 = {0x0 <repeats 16 times>}, v8_int16 = {0x0, 0x0, 0x0, 0x0, 0x0, 0x0, 0x0, 0x0}, v4_int32 = {0x0, 0x0, 0x0, 0x0}, v2_int64 = {0x0, 0x0}, uint128 = 0x0}
xmm1           {v4_float = {0x0, 0x0, 0x0, 0x0}, v2_double = {0x0, 0x0}, v16_int8 = {0x0 <repeats 16 times>}, v8_int16 = {0x0, 0x0, 0x0, 0x0, 0x0, 0x0, 0x0, 0x0}, v4_int32 = {0x0, 0x0, 0x0, 0x0}, v2_int64 = {0x0, 0x0}, uint128 = 0x0}
xmm2           {v4_float = {0x0, 0x0, 0x0, 0x0}, v2_double = {0x0, 0x0}, v16_int8 = {0x0 <repeats 16 times>}, v8_int16 = {0x0, 0x0, 0x0, 0x0, 0x0, 0x0, 0x0, 0x0}, v4_int32 = {0x0, 0x0, 0x0, 0x0}, v2_int64 = {0x0, 0x0}, uint128 = 0x0}
xmm3           {v4_float = {0x0, 0x0, 0x0, 0x0}, v2_double = {0x0, 0x0}, v16_int8 = {0x0 <repeats 16 times>}, v8_int16 = {0x0, 0x0, 0x0, 0x0, 0x0, 0x0, 0x0, 0x0}, v4_int32 = {0x0, 0x0, 0x0, 0x0}, v2_int64 = {0x0, 0x0}, uint128 = 0x0}
xmm4           {v4_float = {0x0, 0x0, 0x0, 0x0}, v2_double = {0x0, 0x0}, v16_int8 = {0x0 <repeats 16 times>}, v8_int16 = {0x0, 0x0, 0x0, 0x0, 0x0, 0x0, 0x0, 0x0}, v4_int32 = {0x0, 0x0, 0x0, 0x0}, v2_int64 = {0x0, 0x0}, uint128 = 0x0}
xmm5           {v4_float = {0x0, 0x0, 0x0, 0x0}, v2_double = {0x0, 0x0}, v16_int8 = {0x0 <repeats 16 times>}, v8_int16 = {0x0, 0x0, 0x0, 0x0, 0x0, 0x0, 0x0, 0x0}, v4_int32 = {0x0, 0x0, 0x0, 0x0}, v2_int64 = {0x0, 0x0}, uint128 = 0x0}
xmm6           {v4_float = {0x0, 0x0, 0x0, 0x0}, v2_double = {0x0, 0x0}, v16_int8 = {0x0 <repeats 16 times>}, v8_int16 = {0x0, 0x0, 0x0, 0x0, 0x0, 0x0, 0x0, 0x0}, v4_int32 = {0x0, 0x0, 0x0, 0x0}, v2_int64 = {0x0, 0x0}, uint128 = 0x0}
xmm7           {v4_float = {0x0, 0x0, 0x0, 0x0}, v2_double = {0x0, 0x0}, v16_int8 = {0x0 <repeats 16 times>}, v8_int16 = {0x0, 0x0, 0x0, 0x0, 0x0, 0x0, 0x0, 0x0}, v4_int32 = {0x0, 0x0, 0x0, 0x0}, v2_int64 = {0x0, 0x0}, uint128 = 0x0}
mxcsr          0x1f80              [ IM DM ZM OM UM PM ]
Continuing.
[Inferior 1 (process 1) exited normally]
warning: No executable has been specified and target does not support
determining executable automatically.  Try using the "file" command.
0x0000fff0 in ?? ()
Breakpoint 1 at 0x808e
Continuing.

Program received signal SIGINT, Interrupt.
0x000080a2 in ?? ()
=> 0x000080a2:	eb fc	jmp    0x80a0
0x100000:	0x00	0x00	0x00	0x00	0x00	0x00	0x00	0x00
0x100008:	0x00	0x00	0x00	0x00	0x00	0x00	0x00	0x00
0x100010:	0x00	0x00	0x00	0x00	0x00	0x00	0x00	0x00
0x100018:	0x00	0x00	0x00	0x00	0x00	0x00	0x00	0x00
0xffff0:	0xea	0x5b	0xe0	0x00	0xf0	0x30	0x36	0x2f
0xffff8:	0x32	0x33	0x2f	0x39	0x39	0x00	0xfc	0x47
0x100000:	0x00	0x00	0x00	0x00	0x00	0x00	0x00	0x00
0x100008:	0x00	0x00	0x00	0x00	0x00	0x00	0x00	0x00
A syntax error in expression, near `0x67452301'.
0xffff0:	0xea	0x5b	0xe0	0x00	0xf0	0x30	0x36	0x2f
0xffff8:	0x32	0x33	0x2f	0x39	0x39	0x00	0xfc	0x47
0x100000:	0x01	0x23	0x45	0x67	0x00	0x00	0x00	0x00
0x100008:	0x00	0x00	0x00	0x00	0x00	0x00	0x00	0x00
Continuing.
[Inferior 1 (process 1) exited normally]
warning: No executable has been specified and target does not support
determining executable automatically.  Try using the "file" command.
0x0000fff0 in ?? ()
Breakpoint 1 at 0x8000
Continuing.

Breakpoint 1, 0x00008000 in ?? ()
=> 0x00008000:	ba 92 00 ec 0c	mov    $0xcec0092,%edx
0x00008003 in ?? ()
=> 0x00008003:	ec	in     (%dx),%al
0x00008004 in ?? ()
=> 0x00008004:	0c 02	or     $0x2,%al
0x00008006 in ?? ()
=> 0x00008006:	ee	out    %al,(%dx)
0x00008007 in ?? ()
=> 0x00008007:	66 ba 00 00	mov    $0x0,%dx
0x0000800d in ?? ()
=> 0x0000800d:	66 b8 d9 80	mov    $0x80d9,%ax
0x00008013 in ?? ()
=> 0x00008013:	66 b9 00 10	mov    $0x1000,%cx
Dump of assembler code from 0x813 to 0x843:
   0x00000813:	add    %al,(%eax)
   0x00000815:	add    %al,(%eax)
   0x00000817:	add    %al,(%eax)
   0x00000819:	add    %al,(%eax)
   0x0000081b:	add    %al,(%eax)
   0x0000081d:	add    %al,(%eax)
   0x0000081f:	add    %al,(%eax)
   0x00000821:	add    %al,(%eax)
   0x00000823:	add    %al,(%eax)
   0x00000825:	add    %al,(%eax)
   0x00000827:	add    %al,(%eax)
   0x00000829:	add    %al,(%eax)
   0x0000082b:	add    %al,(%eax)
   0x0000082d:	add    %al,(%eax)
   0x0000082f:	add    %al,(%eax)
   0x00000831:	add    %al,(%eax)
   0x00000833:	add    %al,(%eax)
   0x00000835:	add    %al,(%eax)
   0x00000837:	add    %al,(%eax)
   0x00000839:	add    %al,(%eax)
   0x0000083b:	add    %al,(%eax)
   0x0000083d:	add    %al,(%eax)
   0x0000083f:	add    %al,(%eax)
   0x00000841:	add    %al,(%eax)
End of assembler dump.
Dump of assembler code from 0x8013 to 0x8043:
=> 0x00008013:	mov    $0x1000,%cx
   0x00008017:	add    %al,(%eax)
   0x00008019:	div    %cx
   0x0000801c:	cmp    $0x0,%dx
   0x00008020:	mul    %cx
   0x00008023:	je     0x802b
   0x00008025:	add    $0x1000,%ax
   0x00008029:	add    %al,(%eax)
   0x0000802b:	mov    $0x80d3,%bx
   0x0000802f:	add    %al,(%eax)
   0x00008031:	mov    $0x28,%cx
   0x00008035:	add    %al,(%eax)
   0x00008037:	mov    %cx,(%bp,%di)
   0x0000803b:	mov    %ax,0x2(%bp,%di)
   0x00008040:	mov    %ax,%di
End of assembler dump.
Breakpoint 2 at 0x8040
Continuing.

Breakpoint 2, 0x00008040 in ?? ()
=> 0x00008040:	66 89 c7	mov    %ax,%di
Dump of assembler code from 0x8040 to 0x8070:
=> 0x00008040:	mov    %ax,%di
   0x00008043:	mov    $0x80aa,%ax
   0x00008047:	add    %al,(%eax)
   0x00008049:	mov    %ax,%si
   0x0000804c:	mov    $0x6766000a,%ecx
   0x00008051:	mov    (%esi),%eax
   0x00008053:	mov    %ax,(%bx)
   0x00008057:	add    $0x4,%di
   0x0000805b:	add    $0x4,%si
   0x0000805f:	loop   0x804f
   0x00008061:	mov    $0x80d3,%bx
   0x00008065:	add    %al,(%eax)
   0x00008067:	lgdtl  (%bp,%di)
   0x0000806b:	mov    %cr0,%eax
   0x0000806e:	or     $0x1,%ax
End of assembler dump.
Breakpoint 3 at 0x8061
Continuing.

Breakpoint 3, 0x00008061 in ?? ()
=> 0x00008061:	66 bb d3 80	mov    $0x80d3,%bx
Dump of assembler code from 0x8061 to 0x8091:
=> 0x00008061:	mov    $0x80d3,%bx
   0x00008065:	add    %al,(%eax)
   0x00008067:	lgdtl  (%bp,%di)
   0x0000806b:	mov    %cr0,%eax
   0x0000806e:	or     $0x1,%ax
   0x00008072:	mov    %eax,%cr0
   0x00008075:	mov    $0xc08e0010,%eax
   0x0000807a:	mov    %eax,%ds
   0x0000807c:	mov    %eax,%fs
   0x0000807e:	mov    %eax,%gs
   0x00008080:	mov    %eax,%ss
   0x00008082:	ljmp   $0x20b8,$0x88087
   0x00008089:	add    %cl,0xbb66d8(%esi)
   0x0000808f:	add    %dl,(%eax)
End of assembler dump.
Breakpoint 4 at 0x8082
Continuing.

Breakpoint 4, 0x00008082 in ?? ()
=> 0x00008082:	ea 87 80 08 00 b8 20	ljmp   $0x20b8,$0x88087
0x00008087 in ?? ()
=> 0x00008087:	b8 20 00 8e d8	mov    $0xd88e0020,%eax
0x0000808c in ?? ()
=> 0x0000808c:	66 bb 00 00	mov    $0x0,%bx
0x00008090 in ?? ()
=> 0x00008090:	10 00	adc    %al,(%eax)
0x8080:	0x8e	0xd0	0xea	0x87	0x80	0x08	0x00	0xb8
0x8088:	0x20	0x00	0x8e	0xd8	0x66	0xbb	0x00	0x00
0x8090:	0x10	0x00	0x66	0xb8	0x01	0x23	0x45	0x67
0x8098:	0x3e	0x66	0x67	0x89	0x03	0x66	0xb8	0x00
0x00008092 in ?? ()
=> 0x00008092:	66 b8 01 23	mov    $0x2301,%ax
0x00008096 in ?? ()
=> 0x00008096:	45	inc    %ebp
$1 = 0x0
Please answer y or n.
Detaching from pid process 1
Remote connection closed
warning: No executable has been specified and target does not support
determining executable automatically.  Try using the "file" command.
0x0000fff0 in ?? ()
Breakpoint 1 at 0x8061
Continuing.

Breakpoint 1, 0x00008061 in ?? ()
=> 0x00008061:	66 bb d3 80	mov    $0x80d3,%bx
Dump of assembler code from 0x8061 to 0x8091:
=> 0x00008061:	mov    $0x80d3,%bx
   0x00008065:	add    %al,(%eax)
   0x00008067:	lgdtl  (%bp,%di)
   0x0000806b:	mov    %cr0,%eax
   0x0000806e:	or     $0x1,%ax
   0x00008072:	mov    %eax,%cr0
   0x00008075:	mov    $0xc08e0010,%eax
   0x0000807a:	mov    %eax,%ds
   0x0000807c:	mov    %eax,%fs
   0x0000807e:	mov    %eax,%gs
   0x00008080:	mov    %eax,%ss
   0x00008082:	ljmp   $0x20b8,$0x88087
   0x00008089:	add    %cl,0xbb66d8(%esi)
   0x0000808f:	add    %dl,(%eax)
End of assembler dump.
Breakpoint 2 at 0x8082
Continuing.

Breakpoint 2, 0x00008082 in ?? ()
=> 0x00008082:	ea 87 80 08 00 b8 20	ljmp   $0x20b8,$0x88087
0x00008087 in ?? ()
=> 0x00008087:	b8 20 00 8e d8	mov    $0xd88e0020,%eax
0x0000808c in ?? ()
=> 0x0000808c:	66 bb 00 00	mov    $0x0,%bx
0x00008090 in ?? ()
=> 0x00008090:	10 00	adc    %al,(%eax)
$1 = 0xd88e0020
Detaching from pid process 1
Remote connection closed
warning: No executable has been specified and target does not support
determining executable automatically.  Try using the "file" command.
0x0000fff0 in ?? ()
Breakpoint 1 at 0x8061
Continuing.

Breakpoint 1, 0x00008061 in ?? ()
=> 0x00008061:	66 bb d3 80	mov    $0x80d3,%bx
Dump of assembler code from 0x8061 to 0x8091:
=> 0x00008061:	mov    $0x80d3,%bx
   0x00008065:	add    %al,(%eax)
   0x00008067:	lgdtl  (%bp,%di)
   0x0000806b:	mov    %cr0,%eax
   0x0000806e:	or     $0x1,%ax
   0x00008072:	mov    %eax,%cr0
   0x00008075:	mov    $0xc08e0010,%eax
   0x0000807a:	mov    %eax,%ds
   0x0000807c:	mov    %eax,%fs
   0x0000807e:	mov    %eax,%gs
   0x00008080:	mov    %eax,%ss
   0x00008082:	ljmp   $0x20b8,$0x88087
   0x00008089:	add    %cl,0xbb66d8(%esi)
   0x0000808f:	add    %dl,(%eax)
End of assembler dump.
Breakpoint 2 at 0x8082
Continuing.

Breakpoint 2, 0x00008082 in ?? ()
=> 0x00008082:	ea 87 80 08 00 b8 20	ljmp   $0x20b8,$0x88087
0x00008087 in ?? ()
=> 0x00008087:	b8 20 00 8e d8	mov    $0xd88e0020,%eax
0x0000808c in ?? ()
=> 0x0000808c:	66 bb 00 00	mov    $0x0,%bx
warning: Error detected on fd 0
error detected on stdin
Remote connection closed
warning: No executable has been specified and target does not support
determining executable automatically.  Try using the "file" command.
0x0000fff0 in ?? ()
Breakpoint 1 at 0x8082
Continuing.

Breakpoint 1, 0x00008082 in ?? ()
=> 0x00008082:	ea 87 80 08 00 66 b8	ljmp   $0xb866,$0x88087
0x00008087 in ?? ()
=> 0x00008087:	66 b8 20 00	mov    $0x20,%ax
0x0000808b in ?? ()
=> 0x0000808b:	00 00	add    %al,(%eax)
0x0000808d in ?? ()
=> 0x0000808d:	8e d8	mov    %eax,%ds
0x0000808f in ?? ()
=> 0x0000808f:	66 bb 00 00	mov    $0x0,%bx
0x00008093 in ?? ()
=> 0x00008093:	10 00	adc    %al,(%eax)
Detaching from pid process 1
Remote connection closed
warning: No executable has been specified and target does not support
determining executable automatically.  Try using the "file" command.
0x0000fff0 in ?? ()
Breakpoint 1 at 0x8082
Continuing.

Breakpoint 1, 0x00008082 in ?? ()
=> 0x00008082:	ea 87 80 08 00 66 b8	ljmp   $0xb866,$0x88087
eax            0x10                16
ecx            0x0                 0
edx            0x0                 0
ebx            0x80d6              32982
esp            0x7bfc              0x7bfc
ebp            0x7bfe              0x7bfe
esi            0x80d5              32981
edi            0x9028              36904
eip            0x8082              0x8082
eflags         0x206               [ IOPL=0 IF PF ]
cs             0x0                 0
ss             0x10                16
ds             0x10                16
es             0x10                16
fs             0x10                16
gs             0x10                16
fs_base        0x0                 0
gs_base        0x0                 0
k_gs_base      0x0                 0
cr0            0x11                [ ET PE ]
cr2            0x0                 0
cr3            0x0                 [ PDBR=0 PCID=0 ]
cr4            0x0                 [ ]
cr8            0x0                 0
efer           0x0                 [ ]
xmm0           {v4_float = {0x0, 0x0, 0x0, 0x0}, v2_double = {0x0, 0x0}, v16_int8 = {0x0 <repeats 16 times>}, v8_int16 = {0x0, 0x0, 0x0, 0x0, 0x0, 0x0, 0x0, 0x0}, v4_int32 = {0x0, 0x0, 0x0, 0x0}, v2_int64 = {0x0, 0x0}, uint128 = 0x0}
xmm1           {v4_float = {0x0, 0x0, 0x0, 0x0}, v2_double = {0x0, 0x0}, v16_int8 = {0x0 <repeats 16 times>}, v8_int16 = {0x0, 0x0, 0x0, 0x0, 0x0, 0x0, 0x0, 0x0}, v4_int32 = {0x0, 0x0, 0x0, 0x0}, v2_int64 = {0x0, 0x0}, uint128 = 0x0}
xmm2           {v4_float = {0x0, 0x0, 0x0, 0x0}, v2_double = {0x0, 0x0}, v16_int8 = {0x0 <repeats 16 times>}, v8_int16 = {0x0, 0x0, 0x0, 0x0, 0x0, 0x0, 0x0, 0x0}, v4_int32 = {0x0, 0x0, 0x0, 0x0}, v2_int64 = {0x0, 0x0}, uint128 = 0x0}
xmm3           {v4_float = {0x0, 0x0, 0x0, 0x0}, v2_double = {0x0, 0x0}, v16_int8 = {0x0 <repeats 16 times>}, v8_int16 = {0x0, 0x0, 0x0, 0x0, 0x0, 0x0, 0x0, 0x0}, v4_int32 = {0x0, 0x0, 0x0, 0x0}, v2_int64 = {0x0, 0x0}, uint128 = 0x0}
xmm4           {v4_float = {0x0, 0x0, 0x0, 0x0}, v2_double = {0x0, 0x0}, v16_int8 = {0x0 <repeats 16 times>}, v8_int16 = {0x0, 0x0, 0x0, 0x0, 0x0, 0x0, 0x0, 0x0}, v4_int32 = {0x0, 0x0, 0x0, 0x0}, v2_int64 = {0x0, 0x0}, uint128 = 0x0}
xmm5           {v4_float = {0x0, 0x0, 0x0, 0x0}, v2_double = {0x0, 0x0}, v16_int8 = {0x0 <repeats 16 times>}, v8_int16 = {0x0, 0x0, 0x0, 0x0, 0x0, 0x0, 0x0, 0x0}, v4_int32 = {0x0, 0x0, 0x0, 0x0}, v2_int64 = {0x0, 0x0}, uint128 = 0x0}
xmm6           {v4_float = {0x0, 0x0, 0x0, 0x0}, v2_double = {0x0, 0x0}, v16_int8 = {0x0 <repeats 16 times>}, v8_int16 = {0x0, 0x0, 0x0, 0x0, 0x0, 0x0, 0x0, 0x0}, v4_int32 = {0x0, 0x0, 0x0, 0x0}, v2_int64 = {0x0, 0x0}, uint128 = 0x0}
xmm7           {v4_float = {0x0, 0x0, 0x0, 0x0}, v2_double = {0x0, 0x0}, v16_int8 = {0x0 <repeats 16 times>}, v8_int16 = {0x0, 0x0, 0x0, 0x0, 0x0, 0x0, 0x0, 0x0}, v4_int32 = {0x0, 0x0, 0x0, 0x0}, v2_int64 = {0x0, 0x0}, uint128 = 0x0}
mxcsr          0x1f80              [ IM DM ZM OM UM PM ]
$1 = void
$2 = void
Detaching from pid process 1
Remote connection closed
warning: No executable has been specified and target does not support
determining executable automatically.  Try using the "file" command.
0x0000fff0 in ?? ()
Breakpoint 1 at 0x8082
Continuing.

Breakpoint 1, 0x00008082 in ?? ()
=> 0x00008082:	ea 87 80 08 00 66 b8	ljmp   $0xb866,$0x88087
0x9000:	0x00	0x00	0x00	0x00	0x00	0x00	0x00	0x00
0x9008:	0xff	0xff	0x00	0x00	0x00	0x9a	0xcf	0x00
0x9010:	0xff	0xff	0x00	0x00	0x00	0x93	0xcf	0x00
0x9018:	0xff	0xff	0x00	0x00	0x01	0x9a	0xcf	0x00
0x9000:	0x00	0x00	0x00	0x00	0x00	0x00	0x00	0x00
0x9008:	0xff	0xff	0x00	0x00	0x00	0x9a	0xcf	0x00
0x9010:	0xff	0xff	0x00	0x00	0x00	0x93	0xcf	0x00
0x9018:	0xff	0xff	0x00	0x00	0x01	0x9a	0xcf	0x00
0x9020:	0xff	0xff	0x00	0x00	0x01	0x92	0xcf	0x00
0x9028:	0x00	0x00	0x00	0x00	0x00	0x00	0x00	0x00
Dump of assembler code from 0x8082 to 0x80b2:
=> 0x00008082:	ljmp   $0xb866,$0x88087
   0x00008089:	and    %al,(%eax)
   0x0000808b:	add    %al,(%eax)
   0x0000808d:	mov    %eax,%ds
   0x0000808f:	mov    $0x0,%bx
   0x00008093:	adc    %al,(%eax)
   0x00008095:	mov    $0x2301,%ax
   0x00008099:	inc    %ebp
   0x0000809a:	addr16 mov %ax,%ds:(%bp,%di)
   0x000080a0:	mov    $0x7e00,%ax
   0x000080a4:	add    %al,(%eax)
   0x000080a6:	mov    %ax,%di
   0x000080a9:	cli    
   0x000080aa:	hlt    
   0x000080ab:	jmp    0x80a9
   0x000080ad:	add    %al,(%eax)
   0x000080af:	add    %al,(%eax)
   0x000080b1:	add    %al,(%eax)
End of assembler dump.
0x00008087 in ?? ()
=> 0x00008087:	66 b8 20 00	mov    $0x20,%ax
0x0000808b in ?? ()
=> 0x0000808b:	00 00	add    %al,(%eax)
0x0000808d in ?? ()
=> 0x0000808d:	8e d8	mov    %eax,%ds
0x0000808f in ?? ()
=> 0x0000808f:	66 bb 00 00	mov    $0x0,%bx
0x00008093 in ?? ()
=> 0x00008093:	10 00	adc    %al,(%eax)
0x00008095 in ?? ()
=> 0x00008095:	66 b8 01 23	mov    $0x2301,%ax
0x00008099 in ?? ()
=> 0x00008099:	45	inc    %ebp
0x0000809a in ?? ()
=> 0x0000809a:	67 3e 66 67 89 03	addr16 mov %ax,%ds:(%bp,%di)
Detaching from pid process 1
Ending remote debugging.
[Inferior 1 (process 1) detached]
warning: No executable has been specified and target does not support
determining executable automatically.  Try using the "file" command.
0x0000fff0 in ?? ()
Breakpoint 1 at 0x8082
Continuing.

Breakpoint 1, 0x00008082 in ?? ()
=> 0x00008082:	ea 87 80 08 00 bb 01	jmp    0x1bb:0x88087
0x00008087 in ?? ()
=> 0x00008087:	bb 01 00 c1 e3	mov    ebx,0xe3c10001
0x0000808c in ?? ()
=> 0x0000808c:	14 b8	adc    al,0xb8
Detaching from pid process 1
Remote connection closed
warning: No executable has been specified and target does not support
determining executable automatically.  Try using the "file" command.
0x0000fff0 in ?? ()
Breakpoint 1 at 0x8082
Continuing.

Breakpoint 1, 0x00008082 in ?? ()
=> 0x00008082:	ea 87 80 08 00 bb 00	jmp    0xbb:0x88087
0x00008087 in ?? ()
=> 0x00008087:	bb 00 00 b8 01	mov    ebx,0x1b80000
Detaching from pid process 1
Remote connection closed
.gdbinit:4: Error in sourced command file:
Remote connection closed
Quit
warning: No executable has been specified and target does not support
determining executable automatically.  Try using the "file" command.
0x0000fff0 in ?? ()
Breakpoint 1 at 0x8082
Continuing.

Breakpoint 1, 0x00008082 in ?? ()
=> 0x00008082:	ea 87 80 08 00 bb 00	jmp    0xbb:0x88087
0x00008087 in ?? ()
=> 0x00008087:	bb 00 00 10 00	mov    ebx,0x100000
0x0000808c in ?? ()
=> 0x0000808c:	b8 01 23 3e 66	mov    eax,0x663e2301
Detaching from pid process 1
Remote connection closed
warning: No executable has been specified and target does not support
determining executable automatically.  Try using the "file" command.
0x0000fff0 in ?? ()
Breakpoint 1 at 0x8082
Continuing.

Breakpoint 1, 0x00008082 in ?? ()
=> 0x00008082:	ea 87 80 08 00 bb 00	jmp    0xbb:0x88087
0x00008087 in ?? ()
=> 0x00008087:	bb 00 00 10 00	mov    ebx,0x100000
0x0000808c in ?? ()
=> 0x0000808c:	b8 45 67 23 01	mov    eax,0x1236745
0x00008091 in ?? ()
=> 0x00008091:	3e 66 67 89 03	mov    WORD PTR ds:[bp+di],ax
0x00008096 in ?? ()
=> 0x00008096:	66 b8 00 7e	mov    ax,0x7e00
0xffff0:	0xea	0x5b	0xe0	0x00	0xf0	0x30	0x36	0x2f
0xffff8:	0x32	0x33	0x2f	0x39	0x39	0x00	0xfc	0x47
0x100000:	0x00	0x00	0x00	0x00	0x00	0x00	0x00	0x00
0x100008:	0x00	0x00	0x00	0x00	0x00	0x00	0x00	0x00
$1 = 0x9028
Detaching from pid process 1
Remote connection closed
warning: No executable has been specified and target does not support
determining executable automatically.  Try using the "file" command.
0x0000fff0 in ?? ()
Breakpoint 1 at 0x8082
Continuing.

Breakpoint 1, 0x00008082 in ?? ()
=> 0x00008082:	ea 87 80 08 00 b8 20	jmp    0x20b8:0x88087
0x00008087 in ?? ()
=> 0x00008087:	b8 20 00 00 00	mov    eax,0x20
0x0000808c in ?? ()
=> 0x0000808c:	8e d8	mov    ds,eax
0x0000808e in ?? ()
=> 0x0000808e:	b8 67 45 23 01	mov    eax,0x1234567
0x00008093 in ?? ()
=> 0x00008093:	bb 00 00 00 00	mov    ebx,0x0
0x00008098 in ?? ()
=> 0x00008098:	66 89 07	mov    WORD PTR [edi],ax
$1 = 0x9028
0x0000809b in ?? ()
=> 0x0000809b:	66 b8 00 7e	mov    ax,0x7e00
0x9028:	0x00	0x00	0x00	0x00	0x00	0x00	0x00	0x00
0x9030:	0x00	0x00	0x00	0x00	0x00	0x00	0x00	0x00
0x9038:	0x00	0x00	0x00	0x00	0x00	0x00	0x00	0x00
0x9040:	0x00	0x00	0x00	0x00	0x00	0x00	0x00	0x00
0x109028:	0x00	0x00	0x00	0x00	0x00	0x00	0x00	0x00
0x109030:	0x00	0x00	0x00	0x00	0x00	0x00	0x00	0x00
0x109038:	0x00	0x00	0x00	0x00	0x00	0x00	0x00	0x00
0x109040:	0x00	0x00	0x00	0x00	0x00	0x00	0x00	0x00
0x100000:	0x00	0x00	0x00	0x00	0x00	0x00	0x00	0x00
0x100008:	0x00	0x00	0x00	0x00	0x00	0x00	0x00	0x00
0x100010:	0x00	0x00	0x00	0x00	0x00	0x00	0x00	0x00
0x100018:	0x00	0x00	0x00	0x00	0x00	0x00	0x00	0x00
0x0:	0x53	0xff	0x00	0xf0	0x53	0xff	0x00	0xf0
0x8:	0xc3	0xe2	0x00	0xf0	0x53	0xff	0x00	0xf0
0x10:	0x53	0xff	0x00	0xf0	0x54	0xff	0x00	0xf0
0x18:	0x53	0xff	0x00	0xf0	0x53	0xff	0x00	0xf0
Detaching from pid process 1
Ending remote debugging.
[Inferior 1 (process 1) detached]
warning: No executable has been specified and target does not support
determining executable automatically.  Try using the "file" command.
0x0000fff0 in ?? ()
Breakpoint 1 at 0x8082
Continuing.

Breakpoint 1, 0x00008082 in ?? ()
=> 0x00008082:	ea 87 80 08 00 bb 00	jmp    0xbb:0x88087
0x00008087 in ?? ()
=> 0x00008087:	bb 00 00 10 00	mov    ebx,0x100000
0x0000808c in ?? ()
=> 0x0000808c:	b8 67 45 23 01	mov    eax,0x1234567
0x00008091 in ?? ()
=> 0x00008091:	89 03	mov    DWORD PTR [ebx],eax
0x00008093 in ?? ()
=> 0x00008093:	b8 00 7e 00 00	mov    eax,0x7e00
0x100000:	0x67	0x45	0x23	0x01	0x00	0x00	0x00	0x00
0x100008:	0x00	0x00	0x00	0x00	0x00	0x00	0x00	0x00
0x100010:	0x00	0x00	0x00	0x00	0x00	0x00	0x00	0x00
0x100018:	0x00	0x00	0x00	0x00	0x00	0x00	0x00	0x00
Detaching from pid process 1
Ending remote debugging.
[Inferior 1 (process 1) detached]
warning: No executable has been specified and target does not support
determining executable automatically.  Try using the "file" command.
0x0000fff0 in ?? ()
Breakpoint 1 at 0x8082
Continuing.

Breakpoint 1, 0x00008082 in ?? ()
=> 0x00008082:	ea 87 80 08 00 66 bb	jmp    0xbb66:0x88087
0x00008087 in ?? ()
=> 0x00008087:	66 bb 20 00	mov    bx,0x20
0x0000808b in ?? ()
=> 0x0000808b:	8e db	mov    ds,ebx
0x0000808d in ?? ()
=> 0x0000808d:	31 db	xor    ebx,ebx
0x0000808f in ?? ()
=> 0x0000808f:	b8 01 23 45 67	mov    eax,0x67452301
0x00008094 in ?? ()
=> 0x00008094:	3e 89 03	mov    DWORD PTR ds:[ebx],eax
0x00008097 in ?? ()
=> 0x00008097:	b8 00 7e 00 00	mov    eax,0x7e00
0x100000:	0x00	0x00	0x00	0x00	0x00	0x00	0x00	0x00
0x100008:	0x00	0x00	0x00	0x00	0x00	0x00	0x00	0x00
0x100010:	0x00	0x00	0x00	0x00	0x00	0x00	0x00	0x00
0x100018:	0x00	0x00	0x00	0x00	0x00	0x00	0x00	0x00
Detaching from pid process 1
Remote connection closed
warning: No executable has been specified and target does not support
determining executable automatically.  Try using the "file" command.
0x0000fff0 in ?? ()
Breakpoint 1 at 0x8082
Continuing.

Breakpoint 1, 0x00008082 in ?? ()
=> 0x00008082:	ea 87 80 08 00 66 bb	jmp    0xbb66:0x88087
0x00008087 in ?? ()
=> 0x00008087:	66 bb 20 00	mov    bx,0x20
0x0000808b in ?? ()
=> 0x0000808b:	8e db	mov    ds,ebx
0x0000808d in ?? ()
=> 0x0000808d:	31 db	xor    ebx,ebx
0x0000808f in ?? ()
=> 0x0000808f:	b8 01 23 45 67	mov    eax,0x67452301
$1 = 0x0
$2 = 0x10
0x00008094 in ?? ()
=> 0x00008094:	3e 89 03	mov    DWORD PTR ds:[ebx],eax
$3 = 0x67452301
0x00008097 in ?? ()
=> 0x00008097:	b8 00 7e 00 00	mov    eax,0x7e00
0x100000:	0x01	0x23	0x45	0x67	0x00	0x00	0x00	0x00
0x100008:	0x00	0x00	0x00	0x00	0x00	0x00	0x00	0x00
0x100010:	0x00	0x00	0x00	0x00	0x00	0x00	0x00	0x00
0x100018:	0x00	0x00	0x00	0x00	0x00	0x00	0x00	0x00
Detaching from pid process 1
Remote connection closed
warning: No executable has been specified and target does not support
determining executable automatically.  Try using the "file" command.
0x0000fff0 in ?? ()
Breakpoint 1 at 0x7c00
Continuing.

Breakpoint 1, 0x00007c00 in ?? ()
=> 0x00007c00:	eb 3c	jmp    0x7c3e
0x00007c3e in ?? ()
=> 0x00007c3e:	ba d4 03 b0 0e	mov    edx,0xeb003d4
Dump of assembler code from 0x7c3e to 0x7c6e:
=> 0x00007c3e:	mov    edx,0xeb003d4
   0x00007c43:	out    dx,al
   0x00007c44:	mov    edx,0xb003d5
   0x00007c49:	out    dx,al
   0x00007c4a:	mov    edx,0xfb003d4
   0x00007c4f:	out    dx,al
   0x00007c50:	mov    edx,0xb003d5
   0x00007c55:	out    dx,al
   0x00007c56:	mov    edi,0xb80000
   0x00007c5b:	mov    eax,0xb8c08e
   0x00007c60:	pop    es
   0x00007c61:	mov    ecx,0x892607d0
   0x00007c66:	add    eax,0xe202c783
   0x00007c6b:	clc    
   0x00007c6c:	mov    eax,cs
End of assembler dump.
Dump of assembler code from 0x7c3e to 0x7c7e:
=> 0x00007c3e:	mov    edx,0xeb003d4
   0x00007c43:	out    dx,al
   0x00007c44:	mov    edx,0xb003d5
   0x00007c49:	out    dx,al
   0x00007c4a:	mov    edx,0xfb003d4
   0x00007c4f:	out    dx,al
   0x00007c50:	mov    edx,0xb003d5
   0x00007c55:	out    dx,al
   0x00007c56:	mov    edi,0xb80000
   0x00007c5b:	mov    eax,0xb8c08e
   0x00007c60:	pop    es
   0x00007c61:	mov    ecx,0x892607d0
   0x00007c66:	add    eax,0xe202c783
   0x00007c6b:	clc    
   0x00007c6c:	mov    eax,cs
   0x00007c6e:	mov    ds,eax
   0x00007c70:	mov    es,eax
   0x00007c72:	mov    eax,0xd08e0000
   0x00007c77:	mov    ax,0x7bff
   0x00007c7b:	add    BYTE PTR [eax],al
   0x00007c7d:	mov    bp,ax
End of assembler dump.
0x00007c41 in ?? ()
=> 0x00007c41:	b0 0e	mov    al,0xe
0x00007c43 in ?? ()
=> 0x00007c43:	ee	out    dx,al
0x00007c44 in ?? ()
=> 0x00007c44:	ba d5 03 b0 00	mov    edx,0xb003d5
0x00007c47 in ?? ()
=> 0x00007c47:	b0 00	mov    al,0x0
0x00007c49 in ?? ()
=> 0x00007c49:	ee	out    dx,al
0x00007c4a in ?? ()
=> 0x00007c4a:	ba d4 03 b0 0f	mov    edx,0xfb003d4
0x00007c4d in ?? ()
=> 0x00007c4d:	b0 0f	mov    al,0xf
0x00007c4f in ?? ()
=> 0x00007c4f:	ee	out    dx,al
0x00007c50 in ?? ()
=> 0x00007c50:	ba d5 03 b0 00	mov    edx,0xb003d5
0x00007c53 in ?? ()
=> 0x00007c53:	b0 00	mov    al,0x0
0x00007c55 in ?? ()
=> 0x00007c55:	ee	out    dx,al
0x00007c56 in ?? ()
=> 0x00007c56:	bf 00 00 b8 00	mov    edi,0xb80000
0x00007c59 in ?? ()
=> 0x00007c59:	b8 00 b8 8e c0	mov    eax,0xc08eb800
0x00007c5c in ?? ()
=> 0x00007c5c:	8e c0	mov    es,eax
0x00007c5e in ?? ()
=> 0x00007c5e:	b8 00 07 b9 d0	mov    eax,0xd0b90700
0x00007c61 in ?? ()
=> 0x00007c61:	b9 d0 07 26 89	mov    ecx,0x892607d0
0x00007c64 in ?? ()
=> 0x00007c64:	26 89 05 83 c7 02 e2	mov    DWORD PTR es:0xe202c783,eax
0x00007c67 in ?? ()
=> 0x00007c67:	83 c7 02	add    edi,0x2
Dump of assembler code from 0x7c67 to 0x7c97:
=> 0x00007c67:	add    edi,0x2
   0x00007c6a:	loop   0x7c64
   0x00007c6c:	mov    eax,cs
   0x00007c6e:	mov    ds,eax
   0x00007c70:	mov    es,eax
   0x00007c72:	mov    eax,0xd08e0000
   0x00007c77:	mov    ax,0x7bff
   0x00007c7b:	add    BYTE PTR [eax],al
   0x00007c7d:	mov    bp,ax
   0x00007c80:	mov    sp,ax
   0x00007c83:	mov    edi,0xbb667e00
   0x00007c88:	and    DWORD PTR [eax],eax
   0x00007c8a:	add    BYTE PTR [eax],al
   0x00007c8c:	call   0xbbfc7d4e
   0x00007c91:	add    BYTE PTR [eax],al
   0x00007c93:	mov    esi,ebx
   0x00007c95:	shl    esi,0x5
End of assembler dump.
Breakpoint 2 at 0x7c6c
Continuing.

Breakpoint 2, 0x00007c6c in ?? ()
=> 0x00007c6c:	8c c8	mov    eax,cs
Detaching from pid process 1
Ending remote debugging.
[Inferior 1 (process 1) detached]
warning: No executable has been specified and target does not support
determining executable automatically.  Try using the "file" command.
0x0000fff0 in ?? ()
Breakpoint 1 at 0x7c6c
Continuing.

Breakpoint 1, 0x00007c6c in ?? ()
=> 0x00007c6c:	ea 71 7c 00 00 66 31	jmp    0x3166:0x7c71
0x00007c71 in ?? ()
=> 0x00007c71:	66 31 c0	xor    ax,ax
0x00007c74 in ?? ()
=> 0x00007c74:	8e d8	mov    ds,eax
0x00007c76 in ?? ()
=> 0x00007c76:	8e c0	mov    es,eax
0x00007c78 in ?? ()
=> 0x00007c78:	8e d0	mov    ss,eax
0x00007c7a in ?? ()
=> 0x00007c7a:	8e e0	mov    fs,eax
0x00007c7c in ?? ()
=> 0x00007c7c:	8e e8	mov    gs,eax
0x00007c7e in ?? ()
=> 0x00007c7e:	66 b8 fc 7b	mov    ax,0x7bfc
0x00007c84 in ?? ()
=> 0x00007c84:	66 89 c5	mov    bp,ax
0x00007c87 in ?? ()
=> 0x00007c87:	66 89 c4	mov    sp,ax
0x00007c8a in ?? ()
=> 0x00007c8a:	bf 00 7e 66 bb	mov    edi,0xbb667e00
$1 = 0x7bfc
0x00007c8d in ?? ()
=> 0x00007c8d:	66 bb 21 00	mov    bx,0x21
0x00007c93 in ?? ()
=> 0x00007c93:	e8 bd 00 fc bb	call   0xbbfc7d55
0x00007d53 in ?? ()
=> 0x00007d53:	0f 20 c6	mov    esi,cr0
$2 = 0x10
0x00007d56 in ?? ()
=> 0x00007d56:	66 89 f7	mov    di,si
0x00007d59 in ?? ()
=> 0x00007d59:	66 83 e6 fe	and    si,0xfffe
0x00007d5d in ?? ()
=> 0x00007d5d:	0f 22 c6	mov    cr0,esi
$3 = 0x10
0x00007d60 in ?? ()
=> 0x00007d60:	66 89 fe	mov    si,di
0x00007d63 in ?? ()
=> 0x00007d63:	ba f7 01 ec 24	mov    edx,0x24ec01f7
Dump of assembler code from 0x7d63 to 0x7de3:
=> 0x00007d63:	mov    edx,0x24ec01f7
   0x00007d68:	sar    BYTE PTR [eax+eax*2],0x75
   0x00007d6c:	div    BYTE PTR [eax+0x1f2ba01]
   0x00007d72:	out    dx,al
   0x00007d73:	mov    ax,bx
   0x00007d76:	mov    edx,0x66ee01f3
   0x00007d7b:	shr    eax,0x8
   0x00007d7e:	mov    edx,0x66ee01f4
   0x00007d83:	shr    eax,0x8
   0x00007d86:	mov    edx,0x66ee01f5
   0x00007d8b:	shr    eax,0x8
   0x00007d8e:	and    al,0xf
   0x00007d90:	or     al,0xe0
   0x00007d92:	mov    edx,0xbaee01f6
   0x00007d97:	test   DWORD PTR [ecx],0xbaee20b0
   0x00007d9d:	test   DWORD PTR [ecx],0x3c8824ec
   0x00007da3:	or     BYTE PTR [ebp-0xa],dh
   0x00007da6:	mov    edx,0xb901f0
   0x00007dab:	add    ebp,ebp
   0x00007dad:	mov    DWORD PTR ds:0xe202c783,eax
   0x00007db3:	clc    
   0x00007db4:	mov    cr0,esi
   0x00007db7:	ret    
   0x00007db8:	dec    esp
   0x00007db9:	dec    edi
   0x00007dba:	inc    ecx
   0x00007dbb:	inc    esp
   0x00007dbc:	inc    ebp
   0x00007dbd:	push   edx
   0x00007dbe:	and    BYTE PTR [eax],ah
   0x00007dc0:	and    BYTE PTR [eax],ah
   0x00007dc2:	and    BYTE PTR [eax],ah
   0x00007dc4:	add    BYTE PTR [eax+ebp*2+0x65],dl
   0x00007dc8:	and    BYTE PTR [edi+ebp*2+0x61],ch
   0x00007dcc:	fs gs jb 0x7df0
   0x00007dd0:	ja     0x7e33
   0x00007dd2:	jae    0x7df4
   0x00007dd4:	outs   dx,BYTE PTR ds:[esi]
   0x00007dd5:	outs   dx,DWORD PTR ds:[esi]
   0x00007dd6:	je     0x7df8
   0x00007dd8:	outs   dx,WORD PTR ds:[esi]
   0x00007dda:	jne    0x7e4a
   0x00007ddc:	fs and BYTE PTR cs:[esi+0x69],al
   0x00007de1:	ins    BYTE PTR es:[edi],dx
   0x00007de2:	and    BYTE PTR gs:[ecx+0x6e],ch
End of assembler dump.
0x00007d66 in ?? ()
=> 0x00007d66:	ec	in     al,dx
0x00007d67 in ?? ()
=> 0x00007d67:	24 c0	and    al,0xc0
0x7db0:	0xc7	0x02	0xe2	0xf8	0x0f	0x22	0xc6	0xc3
0x7db8:	0x4c	0x4f	0x41	0x44	0x45	0x52	0x20	0x20
0x7dc0:	0x20	0x20	0x20	0x20	0x00	0x54	0x68	0x65
0x7dc8:	0x20	0x6c	0x6f	0x61	0x64	0x65	0x72	0x20
0x7db0:	0xc7	0x02	0xe2	0xf8	0x0f	0x22	0xc6	0xc3
0x7db8:	0x4c	0x4f	0x41	0x44	0x45	0x52	0x20	0x20
0x7dc0:	0x20	0x20	0x20	0x20	0x00	0x54	0x68	0x65
0x7dc8:	0x20	0x6c	0x6f	0x61	0x64	0x65	0x72	0x20
Breakpoint 2 at 0x7db7
Continuing.

Breakpoint 2, 0x00007db7 in ?? ()
=> 0x00007db7:	c3	ret    
0x7e00:	0x00	0x00	0x00	0x00	0x00	0x00	0x00	0x00
0x7e08:	0x00	0x00	0x00	0x00	0x00	0x00	0x00	0x00
0x7e10:	0x00	0x00	0x00	0x00	0x00	0x00	0x00	0x00
0x7e18:	0x00	0x00	0x00	0x00	0x00	0x00	0x00	0x00
Detaching from pid process 1
Remote connection closed
warning: No executable has been specified and target does not support
determining executable automatically.  Try using the "file" command.
0x0000fff0 in ?? ()
Detaching from pid process 1
Remote connection closed
warning: No executable has been specified and target does not support
determining executable automatically.  Try using the "file" command.
0x0000fff0 in ?? ()
Breakpoint 1 at 0x8000
Continuing.

Breakpoint 1, 0x00008000 in ?? ()
=> 0x00008000:	ba 92 00 ec 0c	mov    edx,0xcec0092
0x7bf0:	0x08	0x00	0x00	0x00	0xa8	0x7d	0x00	0x00
0x7bf8:	0x46	0x02	0xe7	0x7c	0x55	0x7d	0x00	0x00
0x7c00:	0xeb	0x3c	0x00	0x5a	0x69	0x67	0x68	0x74
0x7c08:	0x63	0x68	0x00	0x00	0x02	0x01	0x01	0x00
Dump of assembler code from 0x7d55 to 0x7d5f:
   0x00007d55:	mov    eax,cr0
   0x00007d58:	mov    si,ax
   0x00007d5b:	and    ax,0xfffe
End of assembler dump.
Detaching from pid process 1
Remote connection closed
warning: No executable has been specified and target does not support
determining executable automatically.  Try using the "file" command.
0x0000fff0 in ?? ()
Breakpoint 1 at 0x8000
Continuing.

Breakpoint 1, 0x00008000 in ?? ()
=> 0x00008000:	ba 92 00 ec 0c	mov    edx,0xcec0092
Continuing.

Program received signal SIGINT, Interrupt.
0x0000808b in ?? ()
=> 0x0000808b:	eb fc	jmp    0x8089
[Inferior 1 (process 1) exited normally]
warning: No executable has been specified and target does not support
determining executable automatically.  Try using the "file" command.
0x0000fff0 in ?? ()
Continuing.

Program received signal SIGINT, Interrupt.
0x0000808b in ?? ()
=> 0x0000808b:	eb fd	jmp    0x808a
[Inferior 1 (process 1) exited normally]
The program is not being run.
The program is not being run.
The program is not being run.
warning: No executable has been specified and target does not support
determining executable automatically.  Try using the "file" command.
0x0000fff0 in ?? ()
Breakpoint 1 at 0x8082
Continuing.
[Inferior 1 (process 1) exited normally]
warning: No executable has been specified and target does not support
determining executable automatically.  Try using the "file" command.
0x0000fff0 in ?? ()
Breakpoint 1 at 0x8000
Continuing.

Breakpoint 1, 0x00008000 in ?? ()
=> 0x00008000:	ba 92 00 ec 0c	mov    edx,0xcec0092
Dump of assembler code from 0x8000 to 0x8030:
=> 0x00008000:	mov    edx,0xcec0092
   0x00008005:	add    ch,dh
   0x00008007:	mov    dx,0x0
   0x0000800b:	add    BYTE PTR [eax],al
   0x0000800d:	mov    ax,0x8191
   0x00008011:	add    BYTE PTR [eax],al
   0x00008013:	mov    cx,0x1000
   0x00008017:	add    BYTE PTR [eax],al
   0x00008019:	div    cx
   0x0000801c:	cmp    dx,0x0
   0x00008020:	mul    cx
   0x00008023:	je     0x802b
   0x00008025:	add    ax,0x1000
   0x00008029:	add    BYTE PTR [eax],al
   0x0000802b:	mov    bx,0x818b
   0x0000802f:	add    BYTE PTR [eax],al
End of assembler dump.
Breakpoint 2 at 0x8020
Continuing.

Breakpoint 2, 0x00008020 in ?? ()
=> 0x00008020:	66 f7 e1	mul    cx
Dump of assembler code from 0x8020 to 0x8050:
=> 0x00008020:	mul    cx
   0x00008023:	je     0x802b
   0x00008025:	add    ax,0x1000
   0x00008029:	add    BYTE PTR [eax],al
   0x0000802b:	mov    bx,0x818b
   0x0000802f:	add    BYTE PTR [eax],al
   0x00008031:	mov    cx,0x28
   0x00008035:	add    BYTE PTR [eax],al
   0x00008037:	mov    WORD PTR [bp+di],cx
   0x0000803b:	mov    WORD PTR [bp+di+0x2],ax
   0x00008040:	mov    di,ax
   0x00008043:	mov    ax,0x8162
   0x00008047:	add    BYTE PTR [eax],al
   0x00008049:	mov    si,ax
   0x0000804c:	mov    ecx,0x6766000a
End of assembler dump.
Detaching from pid process 1
Remote connection closed
warning: No executable has been specified and target does not support
determining executable automatically.  Try using the "file" command.
0x0000fff0 in ?? ()
Breakpoint 1 at 0x8082
Continuing.
[Inferior 1 (process 1) exited normally]
warning: No executable has been specified and target does not support
determining executable automatically.  Try using the "file" command.
0x0000fff0 in ?? ()
Detaching from pid process 1
Remote connection closed
warning: No executable has been specified and target does not support
determining executable automatically.  Try using the "file" command.
0x0000fff0 in ?? ()
Breakpoint 1 at 0x8000
Continuing.

Breakpoint 1, 0x00008000 in ?? ()
=> 0x00008000:	ba 92 00 ec 0c	mov    edx,0xcec0092
Dump of assembler code from 0x8000 to 0x8030:
=> 0x00008000:	mov    edx,0xcec0092
   0x00008005:	add    ch,dh
   0x00008007:	mov    dx,0x0
   0x0000800b:	add    BYTE PTR [eax],al
   0x0000800d:	mov    ax,0x818f
   0x00008011:	add    BYTE PTR [eax],al
   0x00008013:	mov    cx,0x1000
   0x00008017:	add    BYTE PTR [eax],al
   0x00008019:	div    cx
   0x0000801c:	cmp    dx,0x0
   0x00008020:	mul    cx
   0x00008023:	je     0x802b
   0x00008025:	add    ax,0x1000
   0x00008029:	add    BYTE PTR [eax],al
   0x0000802b:	mov    bx,0x8189
   0x0000802f:	add    BYTE PTR [eax],al
End of assembler dump.
Dump of assembler code from 0x8020 to 0x8050:
   0x00008020:	mul    cx
   0x00008023:	je     0x802b
   0x00008025:	add    ax,0x1000
   0x00008029:	add    BYTE PTR [eax],al
   0x0000802b:	mov    bx,0x8189
   0x0000802f:	add    BYTE PTR [eax],al
   0x00008031:	mov    cx,0x28
   0x00008035:	add    BYTE PTR [eax],al
   0x00008037:	mov    WORD PTR [bp+di],cx
   0x0000803b:	mov    WORD PTR [bp+di+0x2],ax
   0x00008040:	mov    di,ax
   0x00008043:	mov    ax,0x8160
   0x00008047:	add    BYTE PTR [eax],al
   0x00008049:	mov    si,ax
   0x0000804c:	mov    ecx,0x6766000a
End of assembler dump.
Dump of assembler code from 0x8040 to 0x8070:
   0x00008040:	mov    di,ax
   0x00008043:	mov    ax,0x8160
   0x00008047:	add    BYTE PTR [eax],al
   0x00008049:	mov    si,ax
   0x0000804c:	mov    ecx,0x6766000a
   0x00008051:	mov    eax,DWORD PTR [esi]
   0x00008053:	mov    WORD PTR [bx],ax
   0x00008057:	add    di,0x4
   0x0000805b:	add    si,0x4
   0x0000805f:	loop   0x804f
   0x00008061:	mov    bx,0x8189
   0x00008065:	add    BYTE PTR [eax],al
   0x00008067:	lgdtd  [bp+di]
   0x0000806b:	mov    ax,0x7bfc
   0x0000806f:	add    BYTE PTR [eax],al
End of assembler dump.
Detaching from pid process 1
Remote connection closed
warning: No executable has been specified and target does not support
determining executable automatically.  Try using the "file" command.
0x0000fff0 in ?? ()
Breakpoint 1 at 0x8040
Continuing.

Breakpoint 1, 0x00008040 in ?? ()
=> 0x00008040:	66 89 c7	mov    di,ax
Dump of assembler code from 0x8040 to 0x8070:
=> 0x00008040:	mov    di,ax
   0x00008043:	mov    ax,0x815d
   0x00008047:	add    BYTE PTR [eax],al
   0x00008049:	mov    si,ax
   0x0000804c:	mov    ecx,0x6766000a
   0x00008051:	mov    eax,DWORD PTR [esi]
   0x00008053:	mov    WORD PTR [bx],ax
   0x00008057:	add    di,0x4
   0x0000805b:	add    si,0x4
   0x0000805f:	loop   0x804f
   0x00008061:	mov    bx,0x8186
   0x00008065:	add    BYTE PTR [eax],al
   0x00008067:	lgdtd  [bp+di]
   0x0000806b:	mov    eax,cr0
   0x0000806e:	or     ax,0x1
End of assembler dump.
Dump of assembler code from 0x806e to 0x809e:
   0x0000806e:	or     ax,0x1
   0x00008072:	mov    cr0,eax
   0x00008075:	jmp    0x10b8:0x8807a
   0x0000807c:	add    BYTE PTR [eax],al
   0x0000807e:	add    BYTE PTR [esi-0x71277140],cl
   0x00008084:	loopne 0x8014
   0x00008086:	call   0xfcb95119
   0x0000808b:	jnp    0x808d
   0x0000808d:	add    BYTE PTR [ecx-0x473a763c],cl
   0x00008093:	and    DWORD PTR [eax],eax
   0x00008095:	add    BYTE PTR [eax],al
   0x00008097:	mov    ebx,0x818c
   0x0000809c:	mov    DWORD PTR [ebx],eax
End of assembler dump.
Breakpoint 2 at 0x8075
Continuing.

Breakpoint 2, 0x00008075 in ?? ()
=> 0x00008075:	ea 7a 80 08 00 b8 10	jmp    0x10b8:0x8807a
0x0000807a in ?? ()
=> 0x0000807a:	b8 10 00 00 00	mov    eax,0x10
0x0000807f in ?? ()
=> 0x0000807f:	8e c0	mov    es,eax
0x00008081 in ?? ()
=> 0x00008081:	8e d8	mov    ds,eax
0x00008083 in ?? ()
=> 0x00008083:	8e e0	mov    fs,eax
0x00008085 in ?? ()
=> 0x00008085:	8e e8	mov    gs,eax
0x00008087 in ?? ()
=> 0x00008087:	8e d0	mov    ss,eax
0x00008089 in ?? ()
=> 0x00008089:	b8 fc 7b 00 00	mov    eax,0x7bfc
0x0000808e in ?? ()
=> 0x0000808e:	89 c4	mov    esp,eax
0x00008090 in ?? ()
=> 0x00008090:	89 c5	mov    ebp,eax
0x00008092 in ?? ()
=> 0x00008092:	b8 21 00 00 00	mov    eax,0x21
0x00008097 in ?? ()
=> 0x00008097:	bb 8c 81 00 00	mov    ebx,0x818c
0x0000809c in ?? ()
=> 0x0000809c:	89 03	mov    DWORD PTR [ebx],eax
0x0000809e in ?? ()
=> 0x0000809e:	bb 8c 81 00 00	mov    ebx,0x818c
0x8180:	0x00	0x10	0x92	0xcf	0x00	0x00	0x28	0x00
0x8188:	0x00	0x90	0x00	0x00	0x21	0x00	0x00	0x00
0x8190:	0x00	0x00	0x00	0x00	0x00	0x00	0x00	0x00
0x8198:	0x00	0x00	0x00	0x00	0x00	0x00	0x00	0x00
0x000080a3 in ?? ()
=> 0x000080a3:	8b 1b	mov    ebx,DWORD PTR [ebx]
0x000080a5 in ?? ()
=> 0x000080a5:	83 fb 40	cmp    ebx,0x40
$1 = 0x21
0x000080a8 in ?? ()
=> 0x000080a8:	77 47	ja     0x80f1
0x000080aa in ?? ()
=> 0x000080aa:	bf 00 7e 00 00	mov    edi,0x7e00
source command requires file name of file to source.
0x000080af in ?? ()
=> 0x000080af:	e8 41 00 00 00	call   0x80f5
No function contains program counter for selected frame.
Dump of assembler code from 0x80af to 0x80bf:
=> 0x000080af:	call   0x80f5
   0x000080b4:	cld    
   0x000080b5:	xor    ebx,ebx
   0x000080b7:	mov    esi,ebx
   0x000080b9:	shl    esi,0x5
   0x000080bc:	add    esi,0x7e00
End of assembler dump.
No symbol table is loaded.  Use the "file" command.
Breakpoint 3 at 0x80b4
Continuing.

Breakpoint 1, 0x00008040 in ?? ()
=> 0x00008040:	66 89 c7	mov    di,ax
Continuing.

Breakpoint 2, 0x00008075 in ?? ()
=> 0x00008075:	ea 7a 80 08 00 b8 10	jmp    0x10b8:0x8807a
Continuing.

Breakpoint 1, 0x00008040 in ?? ()
=> 0x00008040:	66 89 c7	mov    di,ax
Breakpoint 4 at 0x80af
Continuing.

Breakpoint 2, 0x00008075 in ?? ()
=> 0x00008075:	ea 7a 80 08 00 b8 10	jmp    0x10b8:0x8807a
Continuing.

Breakpoint 4, 0x000080af in ?? ()
=> 0x000080af:	e8 41 00 00 00	call   0x80f5
0x000080f5 in ?? ()
=> 0x000080f5:	66 ba f7 01	mov    dx,0x1f7
0x7bf0:	0x00	0x00	0x08	0x00	0x00	0x00	0xa9	0x7d
0x7bf8:	0xb4	0x80	0x00	0x00	0xeb	0x7c	0x00	0x00
0x7c00:	0xeb	0x3c	0x00	0x5a	0x69	0x67	0x68	0x74
0x7c08:	0x63	0x68	0x00	0x00	0x02	0x01	0x01	0x00
Num     Type           Disp Enb Address    What
1       breakpoint     keep y   0x00008040 
	breakpoint already hit 3 times
2       breakpoint     keep y   0x00008075 
	breakpoint already hit 3 times
3       breakpoint     keep y   0x000080b4 
4       breakpoint     keep y   0x000080af 
	breakpoint already hit 1 time
0x000080f9 in ?? ()
=> 0x000080f9:	ec	in     al,dx
0x000080fa in ?? ()
=> 0x000080fa:	24 c0	and    al,0xc0
0x000080fc in ?? ()
=> 0x000080fc:	3c 40	cmp    al,0x40
$2 = 0x40
0x000080fe in ?? ()
=> 0x000080fe:	75 f5	jne    0x80f5
0x00008100 in ?? ()
=> 0x00008100:	b0 01	mov    al,0x1
0x00008102 in ?? ()
=> 0x00008102:	66 ba f2 01	mov    dx,0x1f2
0x00008106 in ?? ()
=> 0x00008106:	ee	out    dx,al
$3 = 0x1
0x00008107 in ?? ()
=> 0x00008107:	89 d8	mov    eax,ebx
0x00008109 in ?? ()
=> 0x00008109:	66 ba f3 01	mov    dx,0x1f3
$4 = 0x21
0x0000810d in ?? ()
=> 0x0000810d:	ee	out    dx,al
0x0000810e in ?? ()
=> 0x0000810e:	c1 e8 08	shr    eax,0x8
0x00008111 in ?? ()
=> 0x00008111:	66 ba f4 01	mov    dx,0x1f4
0x00008115 in ?? ()
=> 0x00008115:	ee	out    dx,al
0x00008116 in ?? ()
=> 0x00008116:	c1 e8 08	shr    eax,0x8
0x00008119 in ?? ()
=> 0x00008119:	66 ba f5 01	mov    dx,0x1f5
0x0000811d in ?? ()
=> 0x0000811d:	ee	out    dx,al
0x0000811e in ?? ()
=> 0x0000811e:	c1 e8 08	shr    eax,0x8
0x00008121 in ?? ()
=> 0x00008121:	24 0f	and    al,0xf
0x00008123 in ?? ()
=> 0x00008123:	0c e0	or     al,0xe0
0x00008125 in ?? ()
=> 0x00008125:	66 ba f6 01	mov    dx,0x1f6
0x00008129 in ?? ()
=> 0x00008129:	ee	out    dx,al
0x0000812a in ?? ()
=> 0x0000812a:	66 ba f7 01	mov    dx,0x1f7
0x0000812e in ?? ()
=> 0x0000812e:	b0 20	mov    al,0x20
0x00008130 in ?? ()
=> 0x00008130:	ee	out    dx,al
0x00008131 in ?? ()
=> 0x00008131:	66 ba f7 01	mov    dx,0x1f7
0x00008135 in ?? ()
=> 0x00008135:	ec	in     al,dx
0x00008136 in ?? ()
=> 0x00008136:	24 88	and    al,0x88
0x00008138 in ?? ()
=> 0x00008138:	3c 08	cmp    al,0x8
$5 = 0x8
0x0000813a in ?? ()
=> 0x0000813a:	75 f5	jne    0x8131
0x0000813c in ?? ()
=> 0x0000813c:	66 ba f0 01	mov    dx,0x1f0
0x00008140 in ?? ()
=> 0x00008140:	66 b9 00 01	mov    cx,0x100
No symbol table is loaded.  Use the "file" command.
$6 = 0x7e00
0x00008144 in ?? ()
=> 0x00008144:	66 ed	in     ax,dx
0x00008146 in ?? ()
=> 0x00008146:	66 67 89 05	mov    WORD PTR [di],ax
$7 = 0x4f4c
$8 = 76 'L'
0x0000814a in ?? ()
=> 0x0000814a:	66 83 c7 02	add    di,0x2
0x0000814e in ?? ()
=> 0x0000814e:	e2 f4	loop   0x8144
0x00008144 in ?? ()
=> 0x00008144:	66 ed	in     ax,dx
Dump of assembler code from 0x8144 to 0x814e:
=> 0x00008144:	in     ax,dx
   0x00008146:	mov    WORD PTR [di],ax
   0x0000814a:	add    di,0x2
End of assembler dump.
Dump of assembler code from 0x8144 to 0x8154:
=> 0x00008144:	in     ax,dx
   0x00008146:	mov    WORD PTR [di],ax
   0x0000814a:	add    di,0x2
   0x0000814e:	loop   0x8144
   0x00008150:	ret    
   0x00008151:	dec    ebx
   0x00008152:	inc    ebp
   0x00008153:	push   edx
End of assembler dump.
Breakpoint 5 at 0x8150
Continuing.

Breakpoint 1, 0x00008040 in ?? ()
=> 0x00008040:	66 89 c7	mov    di,ax
Breakpoint 6 at 0x8140
Continuing.

Breakpoint 2, 0x00008075 in ?? ()
=> 0x00008075:	ea 7a 80 08 00 b8 10	jmp    0x10b8:0x8807a
Continuing.

Breakpoint 4, 0x000080af in ?? ()
=> 0x000080af:	e8 41 00 00 00	call   0x80f5
Continuing.

Breakpoint 1, 0x00008040 in ?? ()
=> 0x00008040:	66 89 c7	mov    di,ax
Continuing.

Breakpoint 2, 0x00008075 in ?? ()
=> 0x00008075:	ea 7a 80 08 00 b8 10	jmp    0x10b8:0x8807a
Continuing.

Breakpoint 4, 0x000080af in ?? ()
=> 0x000080af:	e8 41 00 00 00	call   0x80f5
0x000080f5 in ?? ()
=> 0x000080f5:	66 ba f7 01	mov    dx,0x1f7
Dump of assembler code from 0x80f5 to 0x8175:
=> 0x000080f5:	mov    dx,0x1f7
   0x000080f9:	in     al,dx
   0x000080fa:	and    al,0xc0
   0x000080fc:	cmp    al,0x40
   0x000080fe:	jne    0x80f5
   0x00008100:	mov    al,0x1
   0x00008102:	mov    dx,0x1f2
   0x00008106:	out    dx,al
   0x00008107:	mov    eax,ebx
   0x00008109:	mov    dx,0x1f3
   0x0000810d:	out    dx,al
   0x0000810e:	shr    eax,0x8
   0x00008111:	mov    dx,0x1f4
   0x00008115:	out    dx,al
   0x00008116:	shr    eax,0x8
   0x00008119:	mov    dx,0x1f5
   0x0000811d:	out    dx,al
   0x0000811e:	shr    eax,0x8
   0x00008121:	and    al,0xf
   0x00008123:	or     al,0xe0
   0x00008125:	mov    dx,0x1f6
   0x00008129:	out    dx,al
   0x0000812a:	mov    dx,0x1f7
   0x0000812e:	mov    al,0x20
   0x00008130:	out    dx,al
   0x00008131:	mov    dx,0x1f7
   0x00008135:	in     al,dx
   0x00008136:	and    al,0x88
   0x00008138:	cmp    al,0x8
   0x0000813a:	jne    0x8131
   0x0000813c:	mov    dx,0x1f0
   0x00008140:	mov    cx,0x100
   0x00008144:	in     ax,dx
   0x00008146:	mov    WORD PTR [di],ax
   0x0000814a:	add    di,0x2
   0x0000814e:	loop   0x8144
   0x00008150:	ret    
   0x00008151:	dec    ebx
   0x00008152:	inc    ebp
   0x00008153:	push   edx
   0x00008154:	dec    esi
   0x00008155:	inc    ebp
   0x00008156:	dec    esp
   0x00008157:	and    BYTE PTR [eax],ah
   0x00008159:	and    BYTE PTR [eax],ah
   0x0000815b:	and    BYTE PTR [eax],al
   0x0000815d:	add    BYTE PTR [eax],al
   0x0000815f:	add    BYTE PTR [eax],al
   0x00008161:	add    BYTE PTR [eax],al
   0x00008163:	add    BYTE PTR [eax],al
   0x00008165:	(bad)  
   0x00008166:	inc    DWORD PTR [eax]
   0x00008168:	add    BYTE PTR [eax],al
   0x0000816a:	call   0x0:0xffff00cf
   0x00008171:	add    BYTE PTR [edx-0xff31],dl
End of assembler dump.
Num     Type           Disp Enb Address    What
1       breakpoint     keep y   0x00008040 
	breakpoint already hit 5 times
2       breakpoint     keep y   0x00008075 
	breakpoint already hit 5 times
3       breakpoint     keep y   0x000080b4 
4       breakpoint     keep y   0x000080af 
	breakpoint already hit 3 times
5       breakpoint     keep y   0x00008150 
6       breakpoint     keep y   0x00008140 
Breakpoint 7 at 0x80fc
Breakpoint 8 at 0x8100
Breakpoint 9 at 0x8107
Breakpoint 10 at 0x810e
Breakpoint 11 at 0x8119
Breakpoint 12 at 0x811e
Breakpoint 13 at 0x8129
Breakpoint 14 at 0x8130
Breakpoint 15 at 0x8136
Breakpoint 16 at 0x813c
Continuing.

Breakpoint 7, 0x000080fc in ?? ()
=> 0x000080fc:	3c 40	cmp    al,0x40
Continuing.

Breakpoint 8, 0x00008100 in ?? ()
=> 0x00008100:	b0 01	mov    al,0x1
Continuing.

Breakpoint 9, 0x00008107 in ?? ()
=> 0x00008107:	89 d8	mov    eax,ebx
Continuing.

Breakpoint 10, 0x0000810e in ?? ()
=> 0x0000810e:	c1 e8 08	shr    eax,0x8
Continuing.

Breakpoint 11, 0x00008119 in ?? ()
=> 0x00008119:	66 ba f5 01	mov    dx,0x1f5
Continuing.

Breakpoint 12, 0x0000811e in ?? ()
=> 0x0000811e:	c1 e8 08	shr    eax,0x8
Continuing.

Breakpoint 13, 0x00008129 in ?? ()
=> 0x00008129:	ee	out    dx,al
Continuing.

Breakpoint 14, 0x00008130 in ?? ()
=> 0x00008130:	ee	out    dx,al
Continuing.

Breakpoint 1, 0x00008040 in ?? ()
=> 0x00008040:	66 89 c7	mov    di,ax
Num     Type           Disp Enb Address    What
1       breakpoint     keep y   0x00008040 
	breakpoint already hit 6 times
2       breakpoint     keep y   0x00008075 
	breakpoint already hit 5 times
3       breakpoint     keep y   0x000080b4 
4       breakpoint     keep y   0x000080af 
	breakpoint already hit 3 times
5       breakpoint     keep y   0x00008150 
6       breakpoint     keep y   0x00008140 
7       breakpoint     keep y   0x000080fc 
	breakpoint already hit 1 time
8       breakpoint     keep y   0x00008100 
	breakpoint already hit 1 time
9       breakpoint     keep y   0x00008107 
	breakpoint already hit 1 time
10      breakpoint     keep y   0x0000810e 
	breakpoint already hit 1 time
11      breakpoint     keep y   0x00008119 
	breakpoint already hit 1 time
12      breakpoint     keep y   0x0000811e 
	breakpoint already hit 1 time
13      breakpoint     keep y   0x00008129 
	breakpoint already hit 1 time
14      breakpoint     keep y   0x00008130 
	breakpoint already hit 1 time
15      breakpoint     keep y   0x00008136 
16      breakpoint     keep y   0x0000813c 
Num     Type           Disp Enb Address    What
1       breakpoint     keep y   0x00008040 
	breakpoint already hit 6 times
14      breakpoint     keep y   0x00008130 
	breakpoint already hit 1 time
15      breakpoint     keep y   0x00008136 
16      breakpoint     keep y   0x0000813c 
Continuing.

Breakpoint 14, 0x00008130 in ?? ()
=> 0x00008130:	ee	out    dx,al
0x00008131 in ?? ()
=> 0x00008131:	66 ba f7 01	mov    dx,0x1f7
0x00008135 in ?? ()
=> 0x00008135:	ec	in     al,dx

Breakpoint 15, 0x00008136 in ?? ()
=> 0x00008136:	24 88	and    al,0x88
0x00008138 in ?? ()
=> 0x00008138:	3c 08	cmp    al,0x8
Continuing.

Breakpoint 1, 0x00008040 in ?? ()
=> 0x00008040:	66 89 c7	mov    di,ax
Breakpoint 17 at 0x8131
Num     Type           Disp Enb Address    What
1       breakpoint     keep y   0x00008040 
	breakpoint already hit 7 times
15      breakpoint     keep y   0x00008136 
	breakpoint already hit 1 time
16      breakpoint     keep y   0x0000813c 
17      breakpoint     keep y   0x00008131 
Continuing.

Breakpoint 17, 0x00008131 in ?? ()
=> 0x00008131:	66 ba f7 01	mov    dx,0x1f7
Continuing.

Breakpoint 1, 0x00008040 in ?? ()
=> 0x00008040:	66 89 c7	mov    di,ax
Num     Type           Disp Enb Address    What
1       breakpoint     keep y   0x00008040 
	breakpoint already hit 8 times
15      breakpoint     keep y   0x00008136 
	breakpoint already hit 1 time
16      breakpoint     keep y   0x0000813c 
17      breakpoint     keep y   0x00008131 
	breakpoint already hit 1 time
Breakpoint 18 at 0x8131
Breakpoint 19 at 0x8135
Breakpoint 20 at 0x8136
Breakpoint 21 at 0x813c
Breakpoint 22 at 0x8138
Breakpoint 23 at 0x813a
Continuing.

Breakpoint 18, 0x00008131 in ?? ()
=> 0x00008131:	66 ba f7 01	mov    dx,0x1f7
Continuing.

Breakpoint 19, 0x00008135 in ?? ()
=> 0x00008135:	ec	in     al,dx
Continuing.

Breakpoint 20, 0x00008136 in ?? ()
=> 0x00008136:	24 88	and    al,0x88
Continuing.

Breakpoint 22, 0x00008138 in ?? ()
=> 0x00008138:	3c 08	cmp    al,0x8
Continuing.

Breakpoint 23, 0x0000813a in ?? ()
=> 0x0000813a:	75 f5	jne    0x8131
Continuing.

Breakpoint 21, 0x0000813c in ?? ()
=> 0x0000813c:	66 ba f0 01	mov    dx,0x1f0
Continuing.

Breakpoint 18, 0x00008131 in ?? ()
=> 0x00008131:	66 ba f7 01	mov    dx,0x1f7
$9 = 0x8
$10 = 0x8131
Num     Type           Disp Enb Address    What
18      breakpoint     keep y   0x00008131 
	breakpoint already hit 2 times
19      breakpoint     keep y   0x00008135 
	breakpoint already hit 1 time
20      breakpoint     keep y   0x00008136 
	breakpoint already hit 1 time
21      breakpoint     keep y   0x0000813c 
	breakpoint already hit 1 time
22      breakpoint     keep y   0x00008138 
	breakpoint already hit 1 time
23      breakpoint     keep y   0x0000813a 
	breakpoint already hit 1 time
Continuing.

Breakpoint 19, 0x00008135 in ?? ()
=> 0x00008135:	ec	in     al,dx
Continuing.

Breakpoint 20, 0x00008136 in ?? ()
=> 0x00008136:	24 88	and    al,0x88
Continuing.

Breakpoint 22, 0x00008138 in ?? ()
=> 0x00008138:	3c 08	cmp    al,0x8
Continuing.

Breakpoint 23, 0x0000813a in ?? ()
=> 0x0000813a:	75 f5	jne    0x8131
Continuing.

Breakpoint 21, 0x0000813c in ?? ()
=> 0x0000813c:	66 ba f0 01	mov    dx,0x1f0
Continuing.

Breakpoint 19, 0x00008135 in ?? ()
=> 0x00008135:	ec	in     al,dx
0x7e00:	0x00	0x00	0x00	0x00	0x00	0x00	0xff	0xff
0x7e08:	0x00	0x00	0x00	0x00	0x00	0x00	0x00	0x00
0x7e10:	0x00	0x00	0x00	0x00	0x00	0x00	0x00	0x00
0x7e18:	0x00	0x00	0x00	0x00	0x00	0x00	0x00	0x00
Num     Type           Disp Enb Address    What
19      breakpoint     keep y   0x00008135 
	breakpoint already hit 3 times
20      breakpoint     keep y   0x00008136 
	breakpoint already hit 2 times
21      breakpoint     keep y   0x0000813c 
	breakpoint already hit 2 times
22      breakpoint     keep y   0x00008138 
	breakpoint already hit 2 times
23      breakpoint     keep y   0x0000813a 
	breakpoint already hit 2 times
Continuing.

Breakpoint 20, 0x00008136 in ?? ()
=> 0x00008136:	24 88	and    al,0x88
Continuing.

Breakpoint 22, 0x00008138 in ?? ()
=> 0x00008138:	3c 08	cmp    al,0x8
Continuing.

Breakpoint 23, 0x0000813a in ?? ()
=> 0x0000813a:	75 f5	jne    0x8131
Continuing.

Breakpoint 22, 0x00008138 in ?? ()
=> 0x00008138:	3c 08	cmp    al,0x8
Continuing.

Breakpoint 23, 0x0000813a in ?? ()
=> 0x0000813a:	75 f5	jne    0x8131
Continuing.

Breakpoint 22, 0x00008138 in ?? ()
=> 0x00008138:	3c 08	cmp    al,0x8
Num     Type           Disp Enb Address    What
21      breakpoint     keep y   0x0000813c 
	breakpoint already hit 2 times
22      breakpoint     keep y   0x00008138 
	breakpoint already hit 5 times
23      breakpoint     keep y   0x0000813a 
	breakpoint already hit 4 times
Continuing.

Breakpoint 23, 0x0000813a in ?? ()
=> 0x0000813a:	75 f5	jne    0x8131
Undefined command: "diasa".  Try "help".
Undefined command: "diaasa".  Try "help".
Dump of assembler code from 0x813a to 0x814a:
=> 0x0000813a:	jne    0x8131
   0x0000813c:	mov    dx,0x1f0
   0x00008140:	mov    cx,0x100
   0x00008144:	in     ax,dx
   0x00008146:	mov    WORD PTR [di],ax
End of assembler dump.
Num     Type           Disp Enb Address    What
21      breakpoint     keep y   0x0000813c 
	breakpoint already hit 2 times
23      breakpoint     keep y   0x0000813a 
	breakpoint already hit 5 times
Num     Type           Disp Enb Address    What
21      breakpoint     keep y   0x0000813c 
	breakpoint already hit 2 times
Continuing.

Program received signal SIGINT, Interrupt.
0x000e8390 in ?? ()
=> 0x000e8390:	f3 a4	rep movs BYTE PTR es:[edi],BYTE PTR ds:[esi]
Detaching from pid process 1
Remote connection closed
warning: No executable has been specified and target does not support
determining executable automatically.  Try using the "file" command.
0x0000fff0 in ?? ()
Breakpoint 1 at 0x813a
Continuing.

Breakpoint 1, 0x0000813a in ?? ()
=> 0x0000813a:	75 f5	jne    0x8131
Breakpoint 2 at 0x813c
Continuing.

Breakpoint 1, 0x0000813a in ?? ()
=> 0x0000813a:	75 f5	jne    0x8131
$1 = 0x80
0x00008131 in ?? ()
=> 0x00008131:	66 ba f7 01	mov    dx,0x1f7
0x00008135 in ?? ()
=> 0x00008135:	ec	in     al,dx
0x00008136 in ?? ()
=> 0x00008136:	24 88	and    al,0x88
$2 = 0x58
Continuing.

Breakpoint 1, 0x0000813a in ?? ()
=> 0x0000813a:	75 f5	jne    0x8131
Continuing.

Breakpoint 1, 0x0000813a in ?? ()
=> 0x0000813a:	75 f5	jne    0x8131
$3 = 0x80
0x00008131 in ?? ()
=> 0x00008131:	66 ba f7 01	mov    dx,0x1f7
0x00008135 in ?? ()
=> 0x00008135:	ec	in     al,dx
0x00008136 in ?? ()
=> 0x00008136:	24 88	and    al,0x88
0x00008138 in ?? ()
=> 0x00008138:	3c 08	cmp    al,0x8

Breakpoint 1, 0x0000813a in ?? ()
=> 0x0000813a:	75 f5	jne    0x8131

Breakpoint 2, 0x0000813c in ?? ()
=> 0x0000813c:	66 ba f0 01	mov    dx,0x1f0
0x00008140 in ?? ()
=> 0x00008140:	66 b9 00 01	mov    cx,0x100
0x00008144 in ?? ()
=> 0x00008144:	66 ed	in     ax,dx
0x00008146 in ?? ()
=> 0x00008146:	66 67 89 05	mov    WORD PTR [di],ax
0x0000814a in ?? ()
=> 0x0000814a:	66 83 c7 02	add    di,0x2
Num     Type           Disp Enb Address    What
1       breakpoint     keep y   0x0000813a 
	breakpoint already hit 5 times
2       breakpoint     keep y   0x0000813c 
	breakpoint already hit 1 time
Dump of assembler code from 0x814a to 0x815a:
=> 0x0000814a:	add    di,0x2
   0x0000814e:	loop   0x8144
   0x00008150:	ret    
   0x00008151:	dec    ebx
   0x00008152:	inc    ebp
   0x00008153:	push   edx
   0x00008154:	dec    esi
   0x00008155:	inc    ebp
   0x00008156:	dec    esp
   0x00008157:	and    BYTE PTR [eax],ah
   0x00008159:	and    BYTE PTR [eax],ah
End of assembler dump.
Breakpoint 3 at 0x8150
Continuing.

Breakpoint 1, 0x0000813a in ?? ()
=> 0x0000813a:	75 f5	jne    0x8131
Continuing.

Breakpoint 1, 0x0000813a in ?? ()
=> 0x0000813a:	75 f5	jne    0x8131
Num     Type           Disp Enb Address    What
1       breakpoint     keep y   0x0000813a 
	breakpoint already hit 7 times
2       breakpoint     keep y   0x0000813c 
	breakpoint already hit 1 time
3       breakpoint     keep y   0x00008150 
Continuing.
[Inferior 1 (process 1) exited normally]
warning: No executable has been specified and target does not support
determining executable automatically.  Try using the "file" command.
0x0000fff0 in ?? ()
Breakpoint 1 at 0x8000
Continuing.

Breakpoint 1, 0x00008000 in ?? ()
=> 0x00008000:	ba 92 00 ec 0c	mov    edx,0xcec0092
Dump of assembler code from 0x8000 to 0x8030:
=> 0x00008000:	mov    edx,0xcec0092
   0x00008005:	add    ch,dh
   0x00008007:	mov    dx,0x0
   0x0000800b:	add    BYTE PTR [eax],al
   0x0000800d:	mov    ax,0x813a
   0x00008011:	add    BYTE PTR [eax],al
   0x00008013:	mov    cx,0x1000
   0x00008017:	add    BYTE PTR [eax],al
   0x00008019:	div    cx
   0x0000801c:	cmp    dx,0x0
   0x00008020:	mul    cx
   0x00008023:	je     0x802b
   0x00008025:	add    ax,0x1000
   0x00008029:	add    BYTE PTR [eax],al
   0x0000802b:	mov    bx,0x812e
   0x0000802f:	add    BYTE PTR [eax],al
End of assembler dump.
Dump of assembler code from 0x8023 to 0x8053:
   0x00008023:	je     0x802b
   0x00008025:	add    ax,0x1000
   0x00008029:	add    BYTE PTR [eax],al
   0x0000802b:	mov    bx,0x812e
   0x0000802f:	add    BYTE PTR [eax],al
   0x00008031:	mov    cx,0x28
   0x00008035:	add    BYTE PTR [eax],al
   0x00008037:	mov    WORD PTR [bp+di],cx
   0x0000803b:	mov    WORD PTR [bp+di+0x2],ax
   0x00008040:	mov    di,ax
   0x00008043:	mov    ax,0x8105
   0x00008047:	add    BYTE PTR [eax],al
   0x00008049:	mov    si,ax
   0x0000804c:	mov    ecx,0x6766000a
   0x00008051:	mov    eax,DWORD PTR [esi]
End of assembler dump.
Dump of assembler code from 0x8040 to 0x8080:
   0x00008040:	mov    di,ax
   0x00008043:	mov    ax,0x8105
   0x00008047:	add    BYTE PTR [eax],al
   0x00008049:	mov    si,ax
   0x0000804c:	mov    ecx,0x6766000a
   0x00008051:	mov    eax,DWORD PTR [esi]
   0x00008053:	mov    WORD PTR [bx],ax
   0x00008057:	add    di,0x4
   0x0000805b:	add    si,0x4
   0x0000805f:	loop   0x804f
   0x00008061:	mov    bx,0x812e
   0x00008065:	add    BYTE PTR [eax],al
   0x00008067:	lgdtd  [bp+di]
   0x0000806b:	mov    eax,cr0
   0x0000806e:	or     ax,0x1
   0x00008072:	mov    cr0,eax
   0x00008075:	jmp    0xe389:0x8807a
   0x0000807c:	mov    ax,WORD PTR [ebx]
   0x0000807f:	mov    ebx,0x8138
End of assembler dump.
Breakpoint 2 at 0x8075
Continuing.

Breakpoint 2, 0x00008075 in ?? ()
=> 0x00008075:	ea 7a 80 08 00 89 e3	jmp    0xe389:0x8807a
0x0000807a in ?? ()
=> 0x0000807a:	89 e3	mov    ebx,esp
0x0000807c in ?? ()
=> 0x0000807c:	66 8b 03	mov    ax,WORD PTR [ebx]
0x0000807f in ?? ()
=> 0x0000807f:	bb 38 81 00 00	mov    ebx,0x8138
$1 = 0x7d69
0x00008084 in ?? ()
=> 0x00008084:	66 89 03	mov    WORD PTR [ebx],ax
0x00008087 in ?? ()
=> 0x00008087:	b8 21 00 00 00	mov    eax,0x21
0x8130:	0x00	0x90	0x00	0x00	0x00	0x00	0x00	0x00
0x8138:	0x69	0x7d	0x00	0x00	0x00	0x00	0x00	0x00
0x8140:	0x00	0x00	0x00	0x00	0x00	0x00	0x00	0x00
0x8148:	0x00	0x00	0x00	0x00	0x00	0x00	0x00	0x00
0x0000808c in ?? ()
=> 0x0000808c:	bb 34 81 00 00	mov    ebx,0x8134
0x00008091 in ?? ()
=> 0x00008091:	89 03	mov    DWORD PTR [ebx],eax
0x00008093 in ?? ()
=> 0x00008093:	bb 34 81 00 00	mov    ebx,0x8134
0x00008098 in ?? ()
=> 0x00008098:	8b 1b	mov    ebx,DWORD PTR [ebx]
0x0000809a in ?? ()
=> 0x0000809a:	83 fb 40	cmp    ebx,0x40
0x0000809d in ?? ()
=> 0x0000809d:	77 56	ja     0x80f5
0x0000809f in ?? ()
=> 0x0000809f:	bf 00 7e 00 00	mov    edi,0x7e00
0x000080a4 in ?? ()
=> 0x000080a4:	bb 38 81 00 00	mov    ebx,0x8138
Detaching from pid process 1
Remote connection closed
warning: No executable has been specified and target does not support
determining executable automatically.  Try using the "file" command.
0x0000fff0 in ?? ()
Breakpoint 1 at 0x8075
Continuing.

Breakpoint 1, 0x00008075 in ?? ()
=> 0x00008075:	ea 7a 80 08 00 89 e3	jmp    0xe389:0x8807a
0x0000807a in ?? ()
=> 0x0000807a:	89 e3	mov    ebx,esp
0x0000807c in ?? ()
=> 0x0000807c:	66 8b 03	mov    ax,WORD PTR [ebx]
0x0000807f in ?? ()
=> 0x0000807f:	bb 38 81 00 00	mov    ebx,0x8138
0x00008084 in ?? ()
=> 0x00008084:	66 89 03	mov    WORD PTR [ebx],ax
0x00008087 in ?? ()
=> 0x00008087:	b8 21 00 00 00	mov    eax,0x21
0x0000808c in ?? ()
=> 0x0000808c:	bb 34 81 00 00	mov    ebx,0x8134
0x00008091 in ?? ()
=> 0x00008091:	89 03	mov    DWORD PTR [ebx],eax
0x00008093 in ?? ()
=> 0x00008093:	bb 38 81 00 00	mov    ebx,0x8138
0x00008098 in ?? ()
=> 0x00008098:	66 8b 03	mov    ax,WORD PTR [ebx]
0x0000809b in ?? ()
=> 0x0000809b:	bb 34 81 00 00	mov    ebx,0x8134
0x000080a0 in ?? ()
=> 0x000080a0:	8b 1b	mov    ebx,DWORD PTR [ebx]
$1 = 0x7d69
0x000080a2 in ?? ()
=> 0x000080a2:	83 fb 40	cmp    ebx,0x40
$2 = 0x21
0x000080a5 in ?? ()
=> 0x000080a5:	77 4e	ja     0x80f5
0x000080a7 in ?? ()
=> 0x000080a7:	bf 00 7e 00 00	mov    edi,0x7e00
0x000080ac in ?? ()
=> 0x000080ac:	ea b3 80 00 00 00 00	jmp    0x0:0x80b3
eax            0x7d69              32105
ecx            0x0                 0
edx            0x0                 0
ebx            0x21                33
esp            0x7bfc              0x7bfc
ebp            0x7bfe              0x7bfe
esi            0x812d              33069
edi            0x7e00              32256
eip            0x80ac              0x80ac
eflags         0x287               [ IOPL=0 IF SF PF CF ]
cs             0x8                 8
ss             0x0                 0
ds             0x0                 0
es             0x0                 0
fs             0x0                 0
gs             0x0                 0
fs_base        0x0                 0
gs_base        0x0                 0
k_gs_base      0x0                 0
cr0            0x11                [ ET PE ]
cr2            0x0                 0
cr3            0x0                 [ PDBR=0 PCID=0 ]
cr4            0x0                 [ ]
cr8            0x0                 0
efer           0x0                 [ ]
xmm0           {v4_float = {0x0, 0x0, 0x0, 0x0}, v2_double = {0x0, 0x0}, v16_int8 = {0x0 <repeats 16 times>}, v8_int16 = {0x0, 0x0, 0x0, 0x0, 0x0, 0x0, 0x0, 0x0}, v4_int32 = {0x0, 0x0, 0x0, 0x0}, v2_int64 = {0x0, 0x0}, uint128 = 0x0}
xmm1           {v4_float = {0x0, 0x0, 0x0, 0x0}, v2_double = {0x0, 0x0}, v16_int8 = {0x0 <repeats 16 times>}, v8_int16 = {0x0, 0x0, 0x0, 0x0, 0x0, 0x0, 0x0, 0x0}, v4_int32 = {0x0, 0x0, 0x0, 0x0}, v2_int64 = {0x0, 0x0}, uint128 = 0x0}
xmm2           {v4_float = {0x0, 0x0, 0x0, 0x0}, v2_double = {0x0, 0x0}, v16_int8 = {0x0 <repeats 16 times>}, v8_int16 = {0x0, 0x0, 0x0, 0x0, 0x0, 0x0, 0x0, 0x0}, v4_int32 = {0x0, 0x0, 0x0, 0x0}, v2_int64 = {0x0, 0x0}, uint128 = 0x0}
xmm3           {v4_float = {0x0, 0x0, 0x0, 0x0}, v2_double = {0x0, 0x0}, v16_int8 = {0x0 <repeats 16 times>}, v8_int16 = {0x0, 0x0, 0x0, 0x0, 0x0, 0x0, 0x0, 0x0}, v4_int32 = {0x0, 0x0, 0x0, 0x0}, v2_int64 = {0x0, 0x0}, uint128 = 0x0}
xmm4           {v4_float = {0x0, 0x0, 0x0, 0x0}, v2_double = {0x0, 0x0}, v16_int8 = {0x0 <repeats 16 times>}, v8_int16 = {0x0, 0x0, 0x0, 0x0, 0x0, 0x0, 0x0, 0x0}, v4_int32 = {0x0, 0x0, 0x0, 0x0}, v2_int64 = {0x0, 0x0}, uint128 = 0x0}
xmm5           {v4_float = {0x0, 0x0, 0x0, 0x0}, v2_double = {0x0, 0x0}, v16_int8 = {0x0 <repeats 16 times>}, v8_int16 = {0x0, 0x0, 0x0, 0x0, 0x0, 0x0, 0x0, 0x0}, v4_int32 = {0x0, 0x0, 0x0, 0x0}, v2_int64 = {0x0, 0x0}, uint128 = 0x0}
xmm6           {v4_float = {0x0, 0x0, 0x0, 0x0}, v2_double = {0x0, 0x0}, v16_int8 = {0x0 <repeats 16 times>}, v8_int16 = {0x0, 0x0, 0x0, 0x0, 0x0, 0x0, 0x0, 0x0}, v4_int32 = {0x0, 0x0, 0x0, 0x0}, v2_int64 = {0x0, 0x0}, uint128 = 0x0}
xmm7           {v4_float = {0x0, 0x0, 0x0, 0x0}, v2_double = {0x0, 0x0}, v16_int8 = {0x0 <repeats 16 times>}, v8_int16 = {0x0, 0x0, 0x0, 0x0, 0x0, 0x0, 0x0, 0x0}, v4_int32 = {0x0, 0x0, 0x0, 0x0}, v2_int64 = {0x0, 0x0}, uint128 = 0x0}
mxcsr          0x1f80              [ IM DM ZM OM UM PM ]
Detaching from pid process 1
Remote connection closed
warning: No executable has been specified and target does not support
determining executable automatically.  Try using the "file" command.
0x0000fff0 in ?? ()
Breakpoint 1 at 0x8075
Continuing.

Breakpoint 1, 0x00008075 in ?? ()
=> 0x00008075:	ea 7a 80 08 00 89 e3	jmp    0xe389:0x8807a
0x0000807a in ?? ()
=> 0x0000807a:	89 e3	mov    ebx,esp
0x0000807c in ?? ()
=> 0x0000807c:	66 8b 03	mov    ax,WORD PTR [ebx]
0x0000807f in ?? ()
=> 0x0000807f:	bb 3e 81 00 00	mov    ebx,0x813e
$1 = 0x7d69
0x00008084 in ?? ()
=> 0x00008084:	66 89 03	mov    WORD PTR [ebx],ax
0x00008087 in ?? ()
=> 0x00008087:	b8 21 00 00 00	mov    eax,0x21
Undefined command: "".  Try "help".
0x8130:	0x92	0xcf	0x00	0x00	0x28	0x00	0x00	0x90
0x8138:	0x00	0x00	0x00	0x00	0x00	0x00	0x69	0x7d
0x8140:	0x00	0x00	0x00	0x00	0x00	0x00	0x00	0x00
0x8148:	0x00	0x00	0x00	0x00	0x00	0x00	0x00	0x00
0x0000808c in ?? ()
=> 0x0000808c:	bb 3a 81 00 00	mov    ebx,0x813a
0x00008091 in ?? ()
=> 0x00008091:	89 03	mov    DWORD PTR [ebx],eax
0x00008093 in ?? ()
=> 0x00008093:	bb 3a 81 00 00	mov    ebx,0x813a
0x00008098 in ?? ()
=> 0x00008098:	8b 1b	mov    ebx,DWORD PTR [ebx]
0x0000809a in ?? ()
=> 0x0000809a:	83 fb 40	cmp    ebx,0x40
0x0000809d in ?? ()
=> 0x0000809d:	77 45	ja     0x80e4
0x0000809f in ?? ()
=> 0x0000809f:	bf 00 7e 00 00	mov    edi,0x7e00
0x000080a4 in ?? ()
=> 0x000080a4:	e8 3f 00 00 00	call   0x80e8
$2 = 0x21
$3 = 0x21
$4 = 0x7e00
$5 = 0x8133
eax            0x21                33
ecx            0x0                 0
edx            0x0                 0
ebx            0x21                33
esp            0x7bfc              0x7bfc
ebp            0x7bfe              0x7bfe
esi            0x8133              33075
edi            0x7e00              32256
eip            0x80a4              0x80a4
eflags         0x287               [ IOPL=0 IF SF PF CF ]
cs             0x8                 8
ss             0x0                 0
ds             0x0                 0
es             0x0                 0
fs             0x0                 0
gs             0x0                 0
fs_base        0x0                 0
gs_base        0x0                 0
k_gs_base      0x0                 0
cr0            0x11                [ ET PE ]
cr2            0x0                 0
cr3            0x0                 [ PDBR=0 PCID=0 ]
cr4            0x0                 [ ]
cr8            0x0                 0
efer           0x0                 [ ]
xmm0           {v4_float = {0x0, 0x0, 0x0, 0x0}, v2_double = {0x0, 0x0}, v16_int8 = {0x0 <repeats 16 times>}, v8_int16 = {0x0, 0x0, 0x0, 0x0, 0x0, 0x0, 0x0, 0x0}, v4_int32 = {0x0, 0x0, 0x0, 0x0}, v2_int64 = {0x0, 0x0}, uint128 = 0x0}
xmm1           {v4_float = {0x0, 0x0, 0x0, 0x0}, v2_double = {0x0, 0x0}, v16_int8 = {0x0 <repeats 16 times>}, v8_int16 = {0x0, 0x0, 0x0, 0x0, 0x0, 0x0, 0x0, 0x0}, v4_int32 = {0x0, 0x0, 0x0, 0x0}, v2_int64 = {0x0, 0x0}, uint128 = 0x0}
Quit
0x000080e8 in ?? ()
=> 0x000080e8:	be 3e 81 00 00	mov    esi,0x813e
0x000080ed in ?? ()
=> 0x000080ed:	66 8b 06	mov    ax,WORD PTR [esi]
0x000080f0 in ?? ()
=> 0x000080f0:	ea f7 80 00 00 00 00	jmp    0x0:0x80f7
$6 = 0x7d69
Undefined command: "is".  Try "help".
0x0000e05b in ?? ()
=> 0x0000e05b:	00 00	add    BYTE PTR [eax],al
Dump of assembler code from 0x80f0 to 0x80fa:
   0x000080f0:	jmp    0x0:0x80f7
   0x000080f7:	call   eax
   0x000080f9:	jmp    0x4bc3:0x880fe
End of assembler dump.
Detaching from pid process 1
Remote connection closed
warning: No executable has been specified and target does not support
determining executable automatically.  Try using the "file" command.
0x0000fff0 in ?? ()
Breakpoint 1 at 0x80f0
Continuing.

Breakpoint 1, 0x000080f0 in ?? ()
=> 0x000080f0:	ea f7 80 00 00 00 00	jmp    0x0:0x80f7
0x0000e05b in ?? ()
=> 0x0000e05b:	00 00	add    BYTE PTR [eax],al
Detaching from pid process 1
Remote connection closed
warning: No executable has been specified and target does not support
determining executable automatically.  Try using the "file" command.
0x0000fff0 in ?? ()
Breakpoint 1 at 0x80e8
Continuing.

Breakpoint 1, 0x000080e8 in ?? ()
=> 0x000080e8:	be 3b 81 00 00	mov    esi,0x813b
0x000080ed in ?? ()
=> 0x000080ed:	66 8b 06	mov    ax,WORD PTR [esi]
0x000080f0 in ?? ()
=> 0x000080f0:	31 f6	xor    esi,esi
0x000080f2 in ?? ()
=> 0x000080f2:	8e ce	mov    cs,esi
0x0000e05b in ?? ()
=> 0x0000e05b:	00 00	add    BYTE PTR [eax],al
$1 = 0xe05b
$2 = 0xf000
$3 = 0x0
Detaching from pid process 1
Remote connection closed
warning: No executable has been specified and target does not support
determining executable automatically.  Try using the "file" command.
0x0000fff0 in ?? ()
Breakpoint 1 at 0x8075
Continuing.

Breakpoint 1, 0x00008075 in ?? ()
=> 0x00008075:	ea 7a 80 08 00 89 e3	jmp    0xe389:0x8807a
Undefined command: "sisi".  Try "help".
0x0000807a in ?? ()
=> 0x0000807a:	89 e3	mov    ebx,esp
0x0000807c in ?? ()
=> 0x0000807c:	66 8b 03	mov    ax,WORD PTR [ebx]
0x0000807f in ?? ()
=> 0x0000807f:	bb 40 81 00 00	mov    ebx,0x8140
0x00008084 in ?? ()
=> 0x00008084:	66 89 03	mov    WORD PTR [ebx],ax
0x00008087 in ?? ()
=> 0x00008087:	b8 21 00 00 00	mov    eax,0x21
0x0000808c in ?? ()
=> 0x0000808c:	bb 3c 81 00 00	mov    ebx,0x813c
0x00008091 in ?? ()
=> 0x00008091:	89 03	mov    DWORD PTR [ebx],eax
0x00008093 in ?? ()
=> 0x00008093:	bb 3c 81 00 00	mov    ebx,0x813c
0x00008098 in ?? ()
=> 0x00008098:	8b 1b	mov    ebx,DWORD PTR [ebx]
0x0000809a in ?? ()
=> 0x0000809a:	83 fb 40	cmp    ebx,0x40
0x0000809d in ?? ()
=> 0x0000809d:	77 45	ja     0x80e4
0x0000809f in ?? ()
=> 0x0000809f:	bf 00 7e 00 00	mov    edi,0x7e00
0x000080a4 in ?? ()
=> 0x000080a4:	e8 3f 00 00 00	call   0x80e8
0x000080e8 in ?? ()
=> 0x000080e8:	be 40 81 00 00	mov    esi,0x8140
0x000080ed in ?? ()
=> 0x000080ed:	66 8b 06	mov    ax,WORD PTR [esi]
0x000080f0 in ?? ()
=> 0x000080f0:	66 6a 00	pushw  0x0
0x000080f3 in ?? ()
=> 0x000080f3:	68 f9 80 00 00	push   0x80f9
0x000080f8 in ?? ()
=> 0x000080f8:	cb	retf   
0x0000e05b in ?? ()
=> 0x0000e05b:	00 00	add    BYTE PTR [eax],al
0x0000e062 in ?? ()
=> 0x0000e062:	00 00	add    BYTE PTR [eax],al
0x0000d09f in ?? ()
=> 0x0000d09f:	00 00	add    BYTE PTR [eax],al
0x0000d0a0 in ?? ()
=> 0x0000d0a0:	00 00	add    BYTE PTR [eax],al
0x0000d0a1 in ?? ()
=> 0x0000d0a1:	00 00	add    BYTE PTR [eax],al
0x0000d0a7 in ?? ()
=> 0x0000d0a7:	00 00	add    BYTE PTR [eax],al
0x0000d0a9 in ?? ()
=> 0x0000d0a9:	00 00	add    BYTE PTR [eax],al
0x0000d0ab in ?? ()
=> 0x0000d0ab:	00 00	add    BYTE PTR [eax],al
0x00000000 in ?? ()
=> 0x00000000:	53	push   ebx
0x000080fa in ?? ()
=> 0x000080fa:	d0 ea	shr    dl,1
Detaching from pid process 1
Remote connection closed
warning: No executable has been specified and target does not support
determining executable automatically.  Try using the "file" command.
0x0000fff0 in ?? ()
Breakpoint 1 at 0x8075
Continuing.
[Inferior 1 (process 1) exited normally]
warning: No executable has been specified and target does not support
determining executable automatically.  Try using the "file" command.
0x0000fff0 in ?? ()
Breakpoint 1 at 0x8076
Continuing.

Breakpoint 1, 0x00008076 in ?? ()
=> 0x00008076:	ea 7b 80 08 00 89 e3	jmp    0xe389:0x8807b
0x0000807b in ?? ()
=> 0x0000807b:	89 e3	mov    ebx,esp
0x0000807d in ?? ()
=> 0x0000807d:	66 8b 03	mov    ax,WORD PTR [ebx]
0x00008080 in ?? ()
=> 0x00008080:	bb 40 81 00 00	mov    ebx,0x8140
0x00008085 in ?? ()
=> 0x00008085:	66 89 03	mov    WORD PTR [ebx],ax
0x00008088 in ?? ()
=> 0x00008088:	b8 21 00 00 00	mov    eax,0x21
0x0000808d in ?? ()
=> 0x0000808d:	bb 3c 81 00 00	mov    ebx,0x813c
0x00008092 in ?? ()
=> 0x00008092:	89 03	mov    DWORD PTR [ebx],eax
0x00008094 in ?? ()
=> 0x00008094:	bb 3c 81 00 00	mov    ebx,0x813c
0x00008099 in ?? ()
=> 0x00008099:	8b 1b	mov    ebx,DWORD PTR [ebx]
0x0000809b in ?? ()
=> 0x0000809b:	83 fb 40	cmp    ebx,0x40
0x0000809e in ?? ()
=> 0x0000809e:	77 45	ja     0x80e5
0x000080a0 in ?? ()
=> 0x000080a0:	bf 00 7e 00 00	mov    edi,0x7e00
0x000080a5 in ?? ()
=> 0x000080a5:	e8 3e 00 00 00	call   0x80e8
0x000080e8 in ?? ()
=> 0x000080e8:	be 40 81 00 00	mov    esi,0x8140
0x000080ed in ?? ()
=> 0x000080ed:	66 8b 06	mov    ax,WORD PTR [esi]
0x000080f0 in ?? ()
=> 0x000080f0:	66 6a 00	pushw  0x0
0x000080f3 in ?? ()
=> 0x000080f3:	68 f9 80 00 00	push   0x80f9
0x000080f8 in ?? ()
=> 0x000080f8:	cb	retf   
0x0000e05b in ?? ()
=> 0x0000e05b:	00 00	add    BYTE PTR [eax],al
Detaching from pid process 1
Remote connection closed
warning: No executable has been specified and target does not support
determining executable automatically.  Try using the "file" command.
0x0000fff0 in ?? ()
Breakpoint 1 at 0x8076
Continuing.

Breakpoint 1, 0x00008076 in ?? ()
=> 0x00008076:	ea 7b 80 08 00 89 e3	jmp    0xe389:0x8807b
0x0000807b in ?? ()
=> 0x0000807b:	89 e3	mov    ebx,esp
0x0000807d in ?? ()
=> 0x0000807d:	66 8b 03	mov    ax,WORD PTR [ebx]
source command requires file name of file to source.
0x00008080 in ?? ()
=> 0x00008080:	bb 3d 81 00 00	mov    ebx,0x813d
0x00008085 in ?? ()
=> 0x00008085:	66 89 03	mov    WORD PTR [ebx],ax
0x00008088 in ?? ()
=> 0x00008088:	b8 21 00 00 00	mov    eax,0x21
0x0000808d in ?? ()
=> 0x0000808d:	bb 39 81 00 00	mov    ebx,0x8139
0x00008092 in ?? ()
=> 0x00008092:	89 03	mov    DWORD PTR [ebx],eax
0x00008094 in ?? ()
=> 0x00008094:	bb 39 81 00 00	mov    ebx,0x8139
0x00008099 in ?? ()
=> 0x00008099:	8b 1b	mov    ebx,DWORD PTR [ebx]
0x0000809b in ?? ()
=> 0x0000809b:	83 fb 40	cmp    ebx,0x40
0x0000809e in ?? ()
=> 0x0000809e:	77 45	ja     0x80e5
0x000080a0 in ?? ()
=> 0x000080a0:	bf 00 7e 00 00	mov    edi,0x7e00
0x000080a5 in ?? ()
=> 0x000080a5:	e8 3e 00 00 00	call   0x80e8
0x000080e8 in ?? ()
=> 0x000080e8:	be 3d 81 00 00	mov    esi,0x813d
0x000080ed in ?? ()
=> 0x000080ed:	66 8b 06	mov    ax,WORD PTR [esi]
0x000080f0 in ?? ()
=> 0x000080f0:	66 ea f6 80 00 00	jmp    0x0:0x80f6
0x0000e05b in ?? ()
=> 0x0000e05b:	00 00	add    BYTE PTR [eax],al
0x80f0:	0x66	0xea	0xf6	0x80	0x00	0x00	0xff	0xd0
0x80f8:	0xea	0xfd	0x80	0x08	0x00	0xc3	0x4b	0x45
0x8100:	0x52	0x4e	0x45	0x4c	0x20	0x20	0x20	0x20
0x8108:	0x20	0x00	0x00	0x00	0x00	0x00	0x00	0x00
Detaching from pid process 1
Remote connection closed
warning: No executable has been specified and target does not support
determining executable automatically.  Try using the "file" command.
0x0000fff0 in ?? ()
Breakpoint 1 at 0x8000
Continuing.

Breakpoint 1, 0x00008000 in ?? ()
=> 0x00008000:	ba 92 00 ec 0c	mov    edx,0xcec0092
Dump of assembler code from 0x8000 to 0x8040:
=> 0x00008000:	mov    edx,0xcec0092
   0x00008005:	add    ch,dh
   0x00008007:	mov    dx,0x0
   0x0000800b:	add    BYTE PTR [eax],al
   0x0000800d:	mov    ax,0x8143
   0x00008011:	add    BYTE PTR [eax],al
   0x00008013:	mov    cx,0x1000
   0x00008017:	add    BYTE PTR [eax],al
   0x00008019:	div    cx
   0x0000801c:	cmp    dx,0x0
   0x00008020:	mul    cx
   0x00008023:	je     0x802b
   0x00008025:	add    ax,0x1000
   0x00008029:	add    BYTE PTR [eax],al
   0x0000802b:	mov    bx,0x8133
   0x0000802f:	add    BYTE PTR [eax],al
   0x00008031:	mov    cx,0x28
   0x00008035:	add    BYTE PTR [eax],al
   0x00008037:	mov    WORD PTR [bp+di],cx
   0x0000803b:	mov    WORD PTR [bp+di+0x2],ax
End of assembler dump.
Dump of assembler code from 0x8000 to 0x8048:
=> 0x00008000:	mov    edx,0xcec0092
   0x00008005:	add    ch,dh
   0x00008007:	mov    dx,0x0
   0x0000800b:	add    BYTE PTR [eax],al
   0x0000800d:	mov    ax,0x8143
   0x00008011:	add    BYTE PTR [eax],al
   0x00008013:	mov    cx,0x1000
   0x00008017:	add    BYTE PTR [eax],al
   0x00008019:	div    cx
   0x0000801c:	cmp    dx,0x0
   0x00008020:	mul    cx
   0x00008023:	je     0x802b
   0x00008025:	add    ax,0x1000
   0x00008029:	add    BYTE PTR [eax],al
   0x0000802b:	mov    bx,0x8133
   0x0000802f:	add    BYTE PTR [eax],al
   0x00008031:	mov    cx,0x28
   0x00008035:	add    BYTE PTR [eax],al
   0x00008037:	mov    WORD PTR [bp+di],cx
   0x0000803b:	mov    WORD PTR [bp+di+0x2],ax
   0x00008040:	mov    di,ax
   0x00008043:	mov    ax,0x810a
   0x00008047:	add    BYTE PTR [eax],al
End of assembler dump.
Breakpoint 2 at 0x8040
Continuing.

Breakpoint 2, 0x00008040 in ?? ()
=> 0x00008040:	66 89 c7	mov    di,ax
Dump of assembler code from 0x8040 to 0x8088:
=> 0x00008040:	mov    di,ax
   0x00008043:	mov    ax,0x810a
   0x00008047:	add    BYTE PTR [eax],al
   0x00008049:	mov    si,ax
   0x0000804c:	mov    ecx,0x6766000a
   0x00008051:	mov    eax,DWORD PTR [esi]
   0x00008053:	mov    WORD PTR [bx],ax
   0x00008057:	add    di,0x4
   0x0000805b:	add    si,0x4
   0x0000805f:	loop   0x804f
   0x00008061:	mov    bx,0x8133
   0x00008065:	add    BYTE PTR [eax],al
   0x00008067:	lgdtd  [bp+di]
   0x0000806b:	mov    eax,cr0
   0x0000806e:	or     ax,0x1
   0x00008072:	mov    cr0,eax
   0x00008075:	jmp    0xe389:0x8807a
   0x0000807c:	mov    ax,WORD PTR [ebx]
   0x0000807f:	mov    ebx,0x813d
   0x00008084:	mov    DWORD PTR [ebx],eax
   0x00008086:	add    ebx,0x4
End of assembler dump.
Breakpoint 3 at 0x8075
Continuing.

Breakpoint 3, 0x00008075 in ?? ()
=> 0x00008075:	ea 7a 80 08 00 89 e3	jmp    0xe389:0x8807a
0x0000807a in ?? ()
=> 0x0000807a:	89 e3	mov    ebx,esp
0x0000807c in ?? ()
=> 0x0000807c:	66 8b 03	mov    ax,WORD PTR [ebx]
0x0000807f in ?? ()
=> 0x0000807f:	bb 3d 81 00 00	mov    ebx,0x813d
$1 = 0x7d69
0x00008084 in ?? ()
=> 0x00008084:	89 03	mov    DWORD PTR [ebx],eax
0x00008086 in ?? ()
=> 0x00008086:	83 c3 04	add    ebx,0x4
0x8130:	0xcf	0x00	0x00	0x28	0x00	0x00	0x90	0x00
0x8138:	0x00	0x00	0x00	0x00	0x00	0x69	0x7d	0x00
0x8140:	0x00	0x00	0x00	0x00	0x00	0x00	0x00	0x00
0x8148:	0x00	0x00	0x00	0x00	0x00	0x00	0x00	0x00
0x00008089 in ?? ()
=> 0x00008089:	31 c0	xor    eax,eax
0x0000808b in ?? ()
=> 0x0000808b:	66 89 03	mov    WORD PTR [ebx],ax
0x0000808e in ?? ()
=> 0x0000808e:	b8 21 00 00 00	mov    eax,0x21
0x8130:	0xcf	0x00	0x00	0x28	0x00	0x00	0x90	0x00
0x8138:	0x00	0x00	0x00	0x00	0x00	0x69	0x7d	0x00
0x8140:	0x00	0x00	0x00	0x00	0x00	0x00	0x00	0x00
0x8148:	0x00	0x00	0x00	0x00	0x00	0x00	0x00	0x00
0x00008093 in ?? ()
=> 0x00008093:	bb 39 81 00 00	mov    ebx,0x8139
0x00008098 in ?? ()
=> 0x00008098:	89 03	mov    DWORD PTR [ebx],eax
0x0000809a in ?? ()
=> 0x0000809a:	bb 39 81 00 00	mov    ebx,0x8139
0x0000809f in ?? ()
=> 0x0000809f:	8b 1b	mov    ebx,DWORD PTR [ebx]
0x000080a1 in ?? ()
=> 0x000080a1:	83 fb 40	cmp    ebx,0x40
0x000080a4 in ?? ()
=> 0x000080a4:	77 45	ja     0x80eb
0x000080a6 in ?? ()
=> 0x000080a6:	bf 00 7e 00 00	mov    edi,0x7e00
0x000080ab in ?? ()
=> 0x000080ab:	e8 3f 00 00 00	call   0x80ef
0x000080ef in ?? ()
=> 0x000080ef:	be 3d 81 00 00	mov    esi,0x813d
0x000080f4 in ?? ()
=> 0x000080f4:	ff 2e	jmp    FWORD PTR [esi]
0x0000e05b in ?? ()
=> 0x0000e05b:	00 00	add    BYTE PTR [eax],al
Detaching from pid process 1
Remote connection closed
warning: No executable has been specified and target does not support
determining executable automatically.  Try using the "file" command.
0x0000fff0 in ?? ()
Breakpoint 1 at 0x8075
Continuing.

Breakpoint 1, 0x00008075 in ?? ()
=> 0x00008075:	ea 7a 80 18 00 89 e3	jmp    0xe389:0x18807a
0x0000807a in ?? ()
=> 0x0000807a:	89 e3	mov    ebx,esp
0x0000807c in ?? ()
=> 0x0000807c:	66 8b 03	mov    ax,WORD PTR [ebx]
0x0000807f in ?? ()
=> 0x0000807f:	bb 4f 81 00 00	mov    ebx,0x814f
$1 = 0x7d69
0x00008084 in ?? ()
=> 0x00008084:	89 03	mov    DWORD PTR [ebx],eax
0x00008086 in ?? ()
=> 0x00008086:	83 c3 04	add    ebx,0x4
0x00008089 in ?? ()
=> 0x00008089:	66 b8 08 00	mov    ax,0x8
0x0000808d in ?? ()
=> 0x0000808d:	66 89 03	mov    WORD PTR [ebx],ax
0x00008090 in ?? ()
=> 0x00008090:	b8 21 00 00 00	mov    eax,0x21
0x8140:	0x10	0x92	0xcf	0x00	0x00	0x38	0x00	0x00
0x8148:	0x90	0x00	0x00	0x00	0x00	0x00	0x00	0x69
0x8150:	0x7d	0x00	0x00	0x08	0x00	0x00	0x00	0x00
0x8158:	0x00	0x00	0x00	0x00	0x00	0x00	0x00	0x00
Detaching from pid process 1
Remote connection closed
warning: No executable has been specified and target does not support
determining executable automatically.  Try using the "file" command.
0x0000fff0 in ?? ()
Breakpoint 1 at 0x8075
Continuing.

Breakpoint 1, 0x00008075 in ?? ()
=> 0x00008075:	ea 7a 80 18 00 89 e3	jmp    0xe389:0x18807a
0x0000807a in ?? ()
=> 0x0000807a:	89 e3	mov    ebx,esp
$1 = 0x18
0x0000807c in ?? ()
=> 0x0000807c:	66 8b 03	mov    ax,WORD PTR [ebx]
0x0000807f in ?? ()
=> 0x0000807f:	bb 4f 81 00 00	mov    ebx,0x814f
0x00008084 in ?? ()
=> 0x00008084:	89 03	mov    DWORD PTR [ebx],eax
0x00008086 in ?? ()
=> 0x00008086:	83 c3 02	add    ebx,0x2
0x00008089 in ?? ()
=> 0x00008089:	66 b8 08 00	mov    ax,0x8
0x0000808d in ?? ()
=> 0x0000808d:	66 89 03	mov    WORD PTR [ebx],ax
0x00008090 in ?? ()
=> 0x00008090:	b8 21 00 00 00	mov    eax,0x21
0x8014:	0xb9	0x00	0x10	0x00	0x00	0x66	0xf7	0xf1
0x801c:	0x66	0x83	0xfa	0x00	0x66	0xf7	0xe1	0x74
0x8024:	0x06	0x66	0x05	0x00	0x10	0x00	0x00	0x66
0x802c:	0xbb	0x45	0x81	0x00	0x00	0x66	0xb9	0x38
0x8140:	0x10	0x92	0xcf	0x00	0x00	0x38	0x00	0x00
0x8148:	0x90	0x00	0x00	0x00	0x00	0x00	0x00	0x69
0x8150:	0x7d	0x08	0x00	0x00	0x00	0x00	0x00	0x00
0x8158:	0x00	0x00	0x00	0x00	0x00	0x00	0x00	0x00
0x00008095 in ?? ()
=> 0x00008095:	bb 4b 81 00 00	mov    ebx,0x814b
0x0000809a in ?? ()
=> 0x0000809a:	89 03	mov    DWORD PTR [ebx],eax
0x0000809c in ?? ()
=> 0x0000809c:	bb 4b 81 00 00	mov    ebx,0x814b
0x000080a1 in ?? ()
=> 0x000080a1:	8b 1b	mov    ebx,DWORD PTR [ebx]
0x000080a3 in ?? ()
=> 0x000080a3:	83 fb 40	cmp    ebx,0x40
0x000080a6 in ?? ()
=> 0x000080a6:	77 45	ja     0x80ed
0x000080a8 in ?? ()
=> 0x000080a8:	bf 00 7e 00 00	mov    edi,0x7e00
0x000080ad in ?? ()
=> 0x000080ad:	e8 3f 00 00 00	call   0x80f1
0x000080f1 in ?? ()
=> 0x000080f1:	be 4f 81 00 00	mov    esi,0x814f
0x000080f6 in ?? ()
=> 0x000080f6:	ff 2e	jmp    FWORD PTR [esi]
0x0000e05b in ?? ()
=> 0x0000e05b:	00 00	add    BYTE PTR [eax],al
$2 = 0x0
eax            0x0                 0
ecx            0x0                 0
edx            0x663               1635
ebx            0x0                 0
esp            0x0                 0x0
ebp            0x0                 0x0
esi            0x0                 0
edi            0x0                 0
eip            0xe05b              0xe05b
eflags         0x2                 [ IOPL=0 ]
cs             0xf000              61440
ss             0x0                 0
ds             0x0                 0
es             0x0                 0
fs             0x0                 0
gs             0x0                 0
fs_base        0x0                 0
gs_base        0x0                 0
k_gs_base      0x0                 0
cr0            0x60000010          [ CD NW ET ]
cr2            0x0                 0
cr3            0x0                 [ PDBR=0 PCID=0 ]
cr4            0x0                 [ ]
cr8            0x0                 0
efer           0x0                 [ ]
xmm0           {v4_float = {0x0, 0x0, 0x0, 0x0}, v2_double = {0x0, 0x0}, v16_int8 = {0x0 <repeats 16 times>}, v8_int16 = {0x0, 0x0, 0x0, 0x0, 0x0, 0x0, 0x0, 0x0}, v4_int32 = {0x0, 0x0, 0x0, 0x0}, v2_int64 = {0x0, 0x0}, uint128 = 0x0}
xmm1           {v4_float = {0x0, 0x0, 0x0, 0x0}, v2_double = {0x0, 0x0}, v16_int8 = {0x0 <repeats 16 times>}, v8_int16 = {0x0, 0x0, 0x0, 0x0, 0x0, 0x0, 0x0, 0x0}, v4_int32 = {0x0, 0x0, 0x0, 0x0}, v2_int64 = {0x0, 0x0}, uint128 = 0x0}
xmm2           {v4_float = {0x0, 0x0, 0x0, 0x0}, v2_double = {0x0, 0x0}, v16_int8 = {0x0 <repeats 16 times>}, v8_int16 = {0x0, 0x0, 0x0, 0x0, 0x0, 0x0, 0x0, 0x0}, v4_int32 = {0x0, 0x0, 0x0, 0x0}, v2_int64 = {0x0, 0x0}, uint128 = 0x0}
xmm3           {v4_float = {0x0, 0x0, 0x0, 0x0}, v2_double = {0x0, 0x0}, v16_int8 = {0x0 <repeats 16 times>}, v8_int16 = {0x0, 0x0, 0x0, 0x0, 0x0, 0x0, 0x0, 0x0}, v4_int32 = {0x0, 0x0, 0x0, 0x0}, v2_int64 = {0x0, 0x0}, uint128 = 0x0}
xmm4           {v4_float = {0x0, 0x0, 0x0, 0x0}, v2_double = {0x0, 0x0}, v16_int8 = {0x0 <repeats 16 times>}, v8_int16 = {0x0, 0x0, 0x0, 0x0, 0x0, 0x0, 0x0, 0x0}, v4_int32 = {0x0, 0x0, 0x0, 0x0}, v2_int64 = {0x0, 0x0}, uint128 = 0x0}
xmm5           {v4_float = {0x0, 0x0, 0x0, 0x0}, v2_double = {0x0, 0x0}, v16_int8 = {0x0 <repeats 16 times>}, v8_int16 = {0x0, 0x0, 0x0, 0x0, 0x0, 0x0, 0x0, 0x0}, v4_int32 = {0x0, 0x0, 0x0, 0x0}, v2_int64 = {0x0, 0x0}, uint128 = 0x0}
xmm6           {v4_float = {0x0, 0x0, 0x0, 0x0}, v2_double = {0x0, 0x0}, v16_int8 = {0x0 <repeats 16 times>}, v8_int16 = {0x0, 0x0, 0x0, 0x0, 0x0, 0x0, 0x0, 0x0}, v4_int32 = {0x0, 0x0, 0x0, 0x0}, v2_int64 = {0x0, 0x0}, uint128 = 0x0}
xmm7           {v4_float = {0x0, 0x0, 0x0, 0x0}, v2_double = {0x0, 0x0}, v16_int8 = {0x0 <repeats 16 times>}, v8_int16 = {0x0, 0x0, 0x0, 0x0, 0x0, 0x0, 0x0, 0x0}, v4_int32 = {0x0, 0x0, 0x0, 0x0}, v2_int64 = {0x0, 0x0}, uint128 = 0x0}
mxcsr          0x1f80              [ IM DM ZM OM UM PM ]
Detaching from pid process 1
Remote connection closed
warning: No executable has been specified and target does not support
determining executable automatically.  Try using the "file" command.
0x0000fff0 in ?? ()
Breakpoint 1 at 0x8075
Continuing.

Breakpoint 1, 0x00008075 in ?? ()
=> 0x00008075:	ea 7a 80 18 00 89 e3	jmp    0xe389:0x18807a
0x0000807a in ?? ()
=> 0x0000807a:	89 e3	mov    ebx,esp
0x0000807c in ?? ()
=> 0x0000807c:	66 8b 03	mov    ax,WORD PTR [ebx]
0x0000807f in ?? ()
=> 0x0000807f:	bb 55 81 00 00	mov    ebx,0x8155
0x00008084 in ?? ()
=> 0x00008084:	89 03	mov    DWORD PTR [ebx],eax
0x00008086 in ?? ()
=> 0x00008086:	83 c3 02	add    ebx,0x2
0x00008089 in ?? ()
=> 0x00008089:	66 b8 08 00	mov    ax,0x8
0x0000808d in ?? ()
=> 0x0000808d:	66 89 03	mov    WORD PTR [ebx],ax
0x9000:	0x00	0x00	0x00	0x00	0x00	0x00	0x00	0x00
0x9008:	0xff	0xff	0x00	0x00	0x00	0x9a	0x8f	0x00
0x9010:	0xff	0xff	0x00	0x00	0x00	0x92	0x8f	0x00
0x9018:	0xff	0xff	0x00	0x00	0x00	0x9a	0xcf	0x00
0x9000:	0x00	0x00	0x00	0x00	0x00	0x00	0x00	0x00
0x9008:	0xff	0xff	0x00	0x00	0x00	0x9a	0x8f	0x00
0x9010:	0xff	0xff	0x00	0x00	0x00	0x92	0x8f	0x00
0x9018:	0xff	0xff	0x00	0x00	0x00	0x9a	0xcf	0x00
0x9020:	0xff	0xff	0x00	0x00	0x00	0x92	0xcf	0x00
0x9028:	0xff	0xff	0x00	0x00	0x10	0x9a	0xcf	0x00
0x9030:	0xff	0xff	0x00	0x00	0x10	0x92	0xcf	0x00
0x9038:	0x00	0x00	0x00	0x00	0x00	0x00	0x00	0x00
0x00008090 in ?? ()
=> 0x00008090:	b8 21 00 00 00	mov    eax,0x21
0x00008095 in ?? ()
=> 0x00008095:	bb 51 81 00 00	mov    ebx,0x8151
0x0000809a in ?? ()
=> 0x0000809a:	89 03	mov    DWORD PTR [ebx],eax
0x0000809c in ?? ()
=> 0x0000809c:	bb 51 81 00 00	mov    ebx,0x8151
0x000080a1 in ?? ()
=> 0x000080a1:	8b 1b	mov    ebx,DWORD PTR [ebx]
0x000080a3 in ?? ()
=> 0x000080a3:	83 fb 40	cmp    ebx,0x40
0x000080a6 in ?? ()
=> 0x000080a6:	77 45	ja     0x80ed
0x000080a8 in ?? ()
=> 0x000080a8:	bf 00 7e 00 00	mov    edi,0x7e00
0x000080ad in ?? ()
=> 0x000080ad:	e8 3f 00 00 00	call   0x80f1
0x000080f1 in ?? ()
=> 0x000080f1:	fa	cli    
0x000080f2 in ?? ()
=> 0x000080f2:	be 55 81 00 00	mov    esi,0x8155
0x000080f7 in ?? ()
=> 0x000080f7:	ea fe 80 00 00 08 00	jmp    0x8:0x80fe
0x000080fe in ?? ()
=> 0x000080fe:	ff d0	call   eax
0x00000021 in ?? ()
=> 0x00000021:	fe 00	inc    BYTE PTR [eax]
$1 = 0x21
Detaching from pid process 1
Remote connection closed
warning: No executable has been specified and target does not support
determining executable automatically.  Try using the "file" command.
0x0000fff0 in ?? ()
Breakpoint 1 at 0x80ad
Continuing.

Breakpoint 1, 0x000080ad in ?? ()
=> 0x000080ad:	e8 3f 00 00 00	call   0x80f1
0x000080f1 in ?? ()
=> 0x000080f1:	be 57 81 00 00	mov    esi,0x8157
0x000080f6 in ?? ()
=> 0x000080f6:	66 8b 06	mov    ax,WORD PTR [esi]
0x000080f9 in ?? ()
=> 0x000080f9:	ea 00 81 00 00 08 00	jmp    0x8:0x8100
0x00008100 in ?? ()
=> 0x00008100:	ff d0	call   eax
$1 = 0x7d69
0x00007d69 in ?? ()
=> 0x00007d69:	ba f7 01 ec 24	mov    edx,0x24ec01f7
0x00007d6c in ?? ()
=> 0x00007d6c:	ec	in     al,dx
0x00007d6d in ?? ()
=> 0x00007d6d:	24 c0	and    al,0xc0
eax            0x7d50              32080
ecx            0x0                 0
edx            0x1f7               503
ebx            0x21                33
esp            0x7bf6              0x7bf6
ebp            0x7bfe              0x7bfe
esi            0x8157              33111
edi            0x7e00              32256
eip            0x7d6d              0x7d6d
eflags         0x287               [ IOPL=0 IF SF PF CF ]
cs             0x8                 8
ss             0x0                 0
ds             0x0                 0
es             0x0                 0
fs             0x0                 0
gs             0x0                 0
fs_base        0x0                 0
gs_base        0x0                 0
k_gs_base      0x0                 0
cr0            0x11                [ ET PE ]
cr2            0x0                 0
cr3            0x0                 [ PDBR=0 PCID=0 ]
cr4            0x0                 [ ]
cr8            0x0                 0
efer           0x0                 [ ]
xmm0           {v4_float = {0x0, 0x0, 0x0, 0x0}, v2_double = {0x0, 0x0}, v16_int8 = {0x0 <repeats 16 times>}, v8_int16 = {0x0, 0x0, 0x0, 0x0, 0x0, 0x0, 0x0, 0x0}, v4_int32 = {0x0, 0x0, 0x0, 0x0}, v2_int64 = {0x0, 0x0}, uint128 = 0x0}
xmm1           {v4_float = {0x0, 0x0, 0x0, 0x0}, v2_double = {0x0, 0x0}, v16_int8 = {0x0 <repeats 16 times>}, v8_int16 = {0x0, 0x0, 0x0, 0x0, 0x0, 0x0, 0x0, 0x0}, v4_int32 = {0x0, 0x0, 0x0, 0x0}, v2_int64 = {0x0, 0x0}, uint128 = 0x0}
Quit
Dump of assembler code from 0x7d6d to 0x7dad:
=> 0x00007d6d:	and    al,0xc0
   0x00007d6f:	cmp    al,0x40
   0x00007d71:	jne    0x7d69
   0x00007d73:	mov    al,0x1
   0x00007d75:	mov    edx,0x66ee01f2
   0x00007d7a:	mov    eax,ebx
   0x00007d7c:	mov    edx,0x66ee01f3
   0x00007d81:	shr    eax,0x8
   0x00007d84:	mov    edx,0x66ee01f4
   0x00007d89:	shr    eax,0x8
   0x00007d8c:	mov    edx,0x66ee01f5
   0x00007d91:	shr    eax,0x8
   0x00007d94:	and    al,0xf
   0x00007d96:	or     al,0xe0
   0x00007d98:	mov    edx,0xbaee01f6
   0x00007d9d:	test   DWORD PTR [ecx],0xbaee20b0
   0x00007da3:	test   DWORD PTR [ecx],0x3c8824ec
   0x00007da9:	or     BYTE PTR [ebp-0xa],dh
   0x00007dac:	mov    edx,0xb901f0
End of assembler dump.
0x00007d6f in ?? ()
=> 0x00007d6f:	3c 40	cmp    al,0x40
0x00007d71 in ?? ()
=> 0x00007d71:	75 f6	jne    0x7d69
0x00007d73 in ?? ()
=> 0x00007d73:	b0 01	mov    al,0x1
0x00007d75 in ?? ()
=> 0x00007d75:	ba f2 01 ee 66	mov    edx,0x66ee01f2
0x00007d78 in ?? ()
=> 0x00007d78:	ee	out    dx,al
0x00007d79 in ?? ()
=> 0x00007d79:	66 89 d8	mov    ax,bx
0x00007d7c in ?? ()
=> 0x00007d7c:	ba f3 01 ee 66	mov    edx,0x66ee01f3
0x00007d7f in ?? ()
=> 0x00007d7f:	ee	out    dx,al
0x00007d80 in ?? ()
=> 0x00007d80:	66 c1 e8 08	shr    ax,0x8
0x00007d84 in ?? ()
=> 0x00007d84:	ba f4 01 ee 66	mov    edx,0x66ee01f4
0x00007d87 in ?? ()
=> 0x00007d87:	ee	out    dx,al
0x00007d88 in ?? ()
=> 0x00007d88:	66 c1 e8 08	shr    ax,0x8
0x00007d8c in ?? ()
=> 0x00007d8c:	ba f5 01 ee 66	mov    edx,0x66ee01f5
0x00007d8f in ?? ()
=> 0x00007d8f:	ee	out    dx,al
0x00007d90 in ?? ()
=> 0x00007d90:	66 c1 e8 08	shr    ax,0x8
0x00007d94 in ?? ()
=> 0x00007d94:	24 0f	and    al,0xf
0x00007d96 in ?? ()
=> 0x00007d96:	0c e0	or     al,0xe0
0x00007d98 in ?? ()
=> 0x00007d98:	ba f6 01 ee ba	mov    edx,0xbaee01f6
0x00007d9b in ?? ()
=> 0x00007d9b:	ee	out    dx,al
0x00007d9c in ?? ()
=> 0x00007d9c:	ba f7 01 b0 20	mov    edx,0x20b001f7
0x00007d9f in ?? ()
=> 0x00007d9f:	b0 20	mov    al,0x20
0x00007da1 in ?? ()
=> 0x00007da1:	ee	out    dx,al
0x00007da2 in ?? ()
=> 0x00007da2:	ba f7 01 ec 24	mov    edx,0x24ec01f7
0x00007da5 in ?? ()
=> 0x00007da5:	ec	in     al,dx
Dump of assembler code from 0x7da5 to 0x7dd5:
=> 0x00007da5:	in     al,dx
   0x00007da6:	and    al,0x88
   0x00007da8:	cmp    al,0x8
   0x00007daa:	jne    0x7da2
   0x00007dac:	mov    edx,0xb901f0
   0x00007db1:	add    ebp,ebp
   0x00007db3:	mov    DWORD PTR ds:0xe202c783,eax
   0x00007db9:	clc    
   0x00007dba:	ret    
   0x00007dbb:	dec    esp
   0x00007dbc:	dec    edi
   0x00007dbd:	inc    ecx
   0x00007dbe:	inc    esp
   0x00007dbf:	inc    ebp
   0x00007dc0:	push   edx
   0x00007dc1:	and    BYTE PTR [eax],ah
   0x00007dc3:	and    BYTE PTR [eax],ah
   0x00007dc5:	and    BYTE PTR [eax],al
   0x00007dc7:	push   esp
   0x00007dc8:	push   0x6f6c2065
   0x00007dcd:	popa   
   0x00007dce:	fs gs jb 0x7df2
   0x00007dd2:	ja     0x7e35
   0x00007dd4:	jae    0x7df6
End of assembler dump.
Breakpoint 2 at 0x7dac
Continuing.

Breakpoint 2, 0x00007dac in ?? ()
=> 0x00007dac:	ba f0 01 b9 00	mov    edx,0xb901f0
0x00007daf in ?? ()
=> 0x00007daf:	b9 00 01 ed 89	mov    ecx,0x89ed0100
0x00007db2 in ?? ()
=> 0x00007db2:	ed	in     eax,dx
0x00007db3 in ?? ()
=> 0x00007db3:	89 05 83 c7 02 e2	mov    DWORD PTR ds:0xe202c783,eax
0x00007db5 in ?? ()
=> 0x00007db5:	83 c7 02	add    edi,0x2
Breakpoint 3 at 0x7dba
Continuing.

Breakpoint 3, 0x00007dba in ?? ()
=> 0x00007dba:	c3	ret    
0x7e00:	0x4c	0x4f	0x41	0x44	0x45	0x52	0x20	0x20
0x7e08:	0x20	0x20	0x20	0x20	0x00	0xab	0x5a	0x72
0x7e10:	0xcf	0x56	0xcf	0x56	0x00	0x00	0x5a	0x72
0x7e18:	0xcf	0x56	0x03	0x00	0x4d	0x01	0x00	0x00
0x7e20:	0x4b	0x45	0x52	0x4e	0x45	0x4c	0x20	0x20
0x7e28:	0x20	0x20	0x20	0x20	0x00	0xb3	0x5a	0x72
0x7e30:	0xcf	0x56	0xcf	0x56	0x00	0x00	0x5a	0x72
0x7e38:	0xcf	0x56	0x00	0x00	0x00	0x00	0x00	0x00
0x7e00:	76 'L'	79 'O'	65 'A'	68 'D'	69 'E'	82 'R'	32 ' '	32 ' '
0x7e08:	32 ' '	32 ' '	32 ' '	32 ' '	0 '\000'	-85 '\253'	90 'Z'	114 'r'
0x7e10:	-49 '\317'	86 'V'	-49 '\317'	86 'V'	0 '\000'	0 '\000'	90 'Z'	114 'r'
0x7e18:	-49 '\317'	86 'V'	3 '\003'	0 '\000'	77 'M'	1 '\001'	0 '\000'	0 '\000'
0x7e20:	75 'K'	69 'E'	82 'R'	78 'N'	69 'E'	76 'L'	32 ' '	32 ' '
0x7e28:	32 ' '	32 ' '	32 ' '	32 ' '	0 '\000'	-77 '\263'	90 'Z'	114 'r'
0x7e30:	-49 '\317'	86 'V'	-49 '\317'	86 'V'	0 '\000'	0 '\000'	90 'Z'	114 'r'
0x7e38:	-49 '\317'	86 'V'	0 '\000'	0 '\000'	0 '\000'	0 '\000'	0 '\000'	0 '\000'
Detaching from pid process 1
Remote connection closed
warning: No executable has been specified and target does not support
determining executable automatically.  Try using the "file" command.
0x0000fff0 in ?? ()
Breakpoint 1 at 0x8075
Continuing.

Breakpoint 1, 0x00008075 in ?? ()
=> 0x00008075:	ea 7a 80 18 00 89 e3	jmp    0xe389:0x18807a
Dump of assembler code from 0x8075 to 0x80b5:
=> 0x00008075:	jmp    0xe389:0x18807a
   0x0000807c:	mov    ax,WORD PTR [ebx]
   0x0000807f:	mov    ebx,0x814e
   0x00008084:	mov    WORD PTR [ebx],ax
   0x00008087:	mov    eax,0x21
   0x0000808c:	mov    ebx,0x814a
   0x00008091:	mov    DWORD PTR [ebx],eax
   0x00008093:	mov    ebx,0x814a
   0x00008098:	mov    ebx,DWORD PTR [ebx]
   0x0000809a:	cmp    ebx,0x40
   0x0000809d:	ja     0x80e4
   0x0000809f:	mov    edi,0x7e00
   0x000080a4:	call   0x80e8
   0x000080a9:	cld    
   0x000080aa:	xor    ebx,ebx
   0x000080ac:	mov    esi,ebx
   0x000080ae:	shl    esi,0x5
   0x000080b1:	add    esi,0x7e00
End of assembler dump.
Breakpoint 2 at 0x80e8
Continuing.

Breakpoint 2, 0x000080e8 in ?? ()
=> 0x000080e8:	be 4e 81 00 00	mov    esi,0x814e
Dump of assembler code from 0x80e8 to 0x8128:
=> 0x000080e8:	mov    esi,0x814e
   0x000080ed:	mov    ax,WORD PTR [esi]
   0x000080f0:	jmp    0x8:0x80f7
   0x000080f7:	call   eax
   0x000080f9:	jmp    0x4bc3:0x1880fe
   0x00008100:	inc    ebp
   0x00008101:	push   edx
   0x00008102:	dec    esi
   0x00008103:	inc    ebp
   0x00008104:	dec    esp
   0x00008105:	and    BYTE PTR [eax],ah
   0x00008107:	and    BYTE PTR [eax],ah
   0x00008109:	and    BYTE PTR [eax],al
   0x0000810b:	add    BYTE PTR [eax],al
   0x0000810d:	add    BYTE PTR [eax],al
   0x0000810f:	add    BYTE PTR [eax],al
   0x00008111:	add    BYTE PTR [eax],al
   0x00008113:	(bad)  
   0x00008114:	inc    DWORD PTR [eax]
   0x00008116:	add    BYTE PTR [eax],al
   0x00008118:	call   0x0:0xffff008f
   0x0000811f:	add    BYTE PTR [edx-0xff71],dl
   0x00008125:	add    BYTE PTR [eax],al
   0x00008127:	add    BYTE PTR [edx-0xff31],bl
End of assembler dump.
Breakpoint 3 at 0x80f9
Continuing.

Breakpoint 1, 0x00008075 in ?? ()
=> 0x00008075:	ea 7a 80 18 00 89 e3	jmp    0xe389:0x18807a
0x0000807a in ?? ()
=> 0x0000807a:	89 e3	mov    ebx,esp
Continuing.

Breakpoint 2, 0x000080e8 in ?? ()
=> 0x000080e8:	be 4e 81 00 00	mov    esi,0x814e
0x000080ed in ?? ()
=> 0x000080ed:	66 8b 06	mov    ax,WORD PTR [esi]
0x000080f0 in ?? ()
=> 0x000080f0:	ea f7 80 00 00 08 00	jmp    0x8:0x80f7
0x000080f7 in ?? ()
=> 0x000080f7:	ff d0	call   eax
0x00007d69 in ?? ()
=> 0x00007d69:	ba f7 01 ec 24	mov    edx,0x24ec01f7
Dump of assembler code from 0x7dba to 0x7dc4:
   0x00007dba:	ret    
   0x00007dbb:	dec    esp
   0x00007dbc:	dec    edi
   0x00007dbd:	inc    ecx
   0x00007dbe:	inc    esp
   0x00007dbf:	inc    ebp
   0x00007dc0:	push   edx
   0x00007dc1:	and    BYTE PTR [eax],ah
   0x00007dc3:	and    BYTE PTR [eax],ah
End of assembler dump.
Breakpoint 4 at 0x7dba
Continuing.

Breakpoint 4, 0x00007dba in ?? ()
=> 0x00007dba:	c3	ret    
0x00007c9c in ?? ()
=> 0x00007c9c:	fc	cld    
0x7bf0:	0x00	0x00	0x58	0x00	0x00	0x00	0xa6	0x7d
0x7bf8:	0x00	0x00	0x16	0x0a	0x9c	0x7c	0x00	0x00
0x7c00:	0xeb	0x3c	0x00	0x5a	0x69	0x67	0x68	0x74
0x7c08:	0x63	0x68	0x00	0x00	0x02	0x01	0x01	0x00
$1 = 0x7bfe
Detaching from pid process 1
Remote connection closed
warning: No executable has been specified and target does not support
determining executable automatically.  Try using the "file" command.
0x0000fff0 in ?? ()
Breakpoint 1 at 0x80e8
Continuing.

Breakpoint 1, 0x000080e8 in ?? ()
=> 0x000080e8:	be 4e 81 00 00	mov    esi,0x814e
0x000080ed in ?? ()
=> 0x000080ed:	66 8b 06	mov    ax,WORD PTR [esi]
0x000080f0 in ?? ()
=> 0x000080f0:	ea f7 80 00 00 08 00	jmp    0x8:0x80f7
0x000080f7 in ?? ()
=> 0x000080f7:	ff d0	call   eax
$1 = 0x7bf8
0x7bf0:	0x00	0x00	0x08	0x00	0x00	0x00	0xac	0x7d
0x7bf8:	0xa9	0x80	0x00	0x00	0x69	0x7d	0x00	0x00
0x7c00:	0xeb	0x3c	0x00	0x5a	0x69	0x67	0x68	0x74
0x7c08:	0x63	0x68	0x00	0x00	0x02	0x01	0x01	0x00
0x00007d69 in ?? ()
=> 0x00007d69:	ba f7 01 ec 24	mov    edx,0x24ec01f7
$2 = 0x7bf6
0x7bf0:	0x00	0x00	0x08	0x00	0x00	0x00	0xf9	0x80
0x7bf8:	0xa9	0x80	0x00	0x00	0x69	0x7d	0x00	0x00
0x7c00:	0xeb	0x3c	0x00	0x5a	0x69	0x67	0x68	0x74
0x7c08:	0x63	0x68	0x00	0x00	0x02	0x01	0x01	0x00
Breakpoint 2 at 0x7dba
Continuing.

Breakpoint 2, 0x00007dba in ?? ()
=> 0x00007dba:	c3	ret    
$3 = 0x7bfc
0x7bf0:	0x00	0x00	0x58	0x00	0x00	0x00	0xa6	0x7d
0x7bf8:	0x00	0x00	0x16	0x0a	0x9c	0x7c	0x00	0x00
0x7c00:	0xeb	0x3c	0x00	0x5a	0x69	0x67	0x68	0x74
0x7c08:	0x63	0x68	0x00	0x00	0x02	0x01	0x01	0x00
Detaching from pid process 1
Remote connection closed
warning: No executable has been specified and target does not support
determining executable automatically.  Try using the "file" command.
0x0000fff0 in ?? ()
Breakpoint 1 at 0x8075
Continuing.

Breakpoint 1, 0x00008075 in ?? ()
=> 0x00008075:	ea 7a 80 18 00 89 e3	jmp    0xe389:0x18807a
0x0000807a in ?? ()
=> 0x0000807a:	89 e3	mov    ebx,esp
0x0000807c in ?? ()
=> 0x0000807c:	66 8b 03	mov    ax,WORD PTR [ebx]
$1 = 0x7bfc
0x0000807f in ?? ()
=> 0x0000807f:	bb 4e 81 00 00	mov    ebx,0x814e
0x00008084 in ?? ()
=> 0x00008084:	66 89 03	mov    WORD PTR [ebx],ax
0x00008087 in ?? ()
=> 0x00008087:	b8 21 00 00 00	mov    eax,0x21
0x0000808c in ?? ()
=> 0x0000808c:	bb 4a 81 00 00	mov    ebx,0x814a
$2 = 0x7bfc
0x00008091 in ?? ()
=> 0x00008091:	89 03	mov    DWORD PTR [ebx],eax
0x00008093 in ?? ()
=> 0x00008093:	bb 4a 81 00 00	mov    ebx,0x814a
0x00008098 in ?? ()
=> 0x00008098:	8b 1b	mov    ebx,DWORD PTR [ebx]
0x0000809a in ?? ()
=> 0x0000809a:	83 fb 40	cmp    ebx,0x40
0x0000809d in ?? ()
=> 0x0000809d:	77 45	ja     0x80e4
0x0000809f in ?? ()
=> 0x0000809f:	bf 00 7e 00 00	mov    edi,0x7e00
0x000080a4 in ?? ()
=> 0x000080a4:	e8 3f 00 00 00	call   0x80e8
$3 = 0x7bfc
0x7bf0:	0x00	0x00	0x08	0x00	0x00	0x00	0xac	0x7d
0x7bf8:	0x00	0x00	0x46	0x02	0x69	0x7d	0x00	0x00
0x7c00:	0xeb	0x3c	0x00	0x5a	0x69	0x67	0x68	0x74
0x7c08:	0x63	0x68	0x00	0x00	0x02	0x01	0x01	0x00
0x000080e8 in ?? ()
=> 0x000080e8:	be 4e 81 00 00	mov    esi,0x814e
$4 = 0x7bf8
0x7bf0:	0x00	0x00	0x08	0x00	0x00	0x00	0xac	0x7d
0x7bf8:	0xa9	0x80	0x00	0x00	0x69	0x7d	0x00	0x00
0x7c00:	0xeb	0x3c	0x00	0x5a	0x69	0x67	0x68	0x74
0x7c08:	0x63	0x68	0x00	0x00	0x02	0x01	0x01	0x00
0x000080ed in ?? ()
=> 0x000080ed:	66 8b 06	mov    ax,WORD PTR [esi]
0x000080f0 in ?? ()
=> 0x000080f0:	ea f7 80 00 00 08 00	jmp    0x8:0x80f7
0x000080f7 in ?? ()
=> 0x000080f7:	ff d0	call   eax
$5 = 0x7bf8
0x7bf0:	0x00	0x00	0x08	0x00	0x00	0x00	0xac	0x7d
0x7bf8:	0xa9	0x80	0x00	0x00	0x69	0x7d	0x00	0x00
0x7c00:	0xeb	0x3c	0x00	0x5a	0x69	0x67	0x68	0x74
0x7c08:	0x63	0x68	0x00	0x00	0x02	0x01	0x01	0x00
0x00007d69 in ?? ()
=> 0x00007d69:	ba f7 01 ec 24	mov    edx,0x24ec01f7
0x7bf0:	0x00	0x00	0x08	0x00	0x00	0x00	0xf9	0x80
0x7bf8:	0xa9	0x80	0x00	0x00	0x69	0x7d	0x00	0x00
0x7c00:	0xeb	0x3c	0x00	0x5a	0x69	0x67	0x68	0x74
0x7c08:	0x63	0x68	0x00	0x00	0x02	0x01	0x01	0x00
$6 = 0x7bf6
0x00007d6c in ?? ()
=> 0x00007d6c:	ec	in     al,dx
$7 = 0x7bf6
0x00007d6d in ?? ()
=> 0x00007d6d:	24 c0	and    al,0xc0
$8 = 0x7bf6
0x00007d6f in ?? ()
=> 0x00007d6f:	3c 40	cmp    al,0x40
$9 = 0x7bf6
0x00007d71 in ?? ()
=> 0x00007d71:	75 f6	jne    0x7d69
$10 = 0x7bf6
0x00007d73 in ?? ()
=> 0x00007d73:	b0 01	mov    al,0x1
Invalid number "23xb".
0x7bf0:	0x00	0x00	0x08	0x00	0x00	0x00	0xf9	0x80
0x7bf8:	0xa9	0x80	0x00	0x00	0x69	0x7d	0x00	0x00
0x7c00:	0xeb	0x3c	0x00	0x5a	0x69	0x67	0x68	0x74
0x7c08:	0x63	0x68	0x00	0x00	0x02	0x01	0x01	0x00
0x00007d75 in ?? ()
=> 0x00007d75:	ba f2 01 ee 66	mov    edx,0x66ee01f2
0x00007d78 in ?? ()
=> 0x00007d78:	ee	out    dx,al
0x00007d79 in ?? ()
=> 0x00007d79:	66 89 d8	mov    ax,bx
$11 = 0x7bf6
Dump of assembler code from 0x7d79 to 0x7da9:
=> 0x00007d79:	mov    ax,bx
   0x00007d7c:	mov    edx,0x66ee01f3
   0x00007d81:	shr    eax,0x8
   0x00007d84:	mov    edx,0x66ee01f4
   0x00007d89:	shr    eax,0x8
   0x00007d8c:	mov    edx,0x66ee01f5
   0x00007d91:	shr    eax,0x8
   0x00007d94:	and    al,0xf
   0x00007d96:	or     al,0xe0
   0x00007d98:	mov    edx,0xbaee01f6
   0x00007d9d:	test   DWORD PTR [ecx],0xbaee20b0
   0x00007da3:	test   DWORD PTR [ecx],0x3c8824ec
End of assembler dump.
Breakpoint 2 at 0x7d94
Continuing.

Breakpoint 2, 0x00007d94 in ?? ()
=> 0x00007d94:	24 0f	and    al,0xf
$12 = 0x7bfc
Detaching from pid process 1
Remote connection closed
warning: No executable has been specified and target does not support
determining executable automatically.  Try using the "file" command.
0x0000fff0 in ?? ()
Breakpoint 1 at 0x80e8
Continuing.

Breakpoint 1, 0x000080e8 in ?? ()
=> 0x000080e8:	be 4e 81 00 00	mov    esi,0x814e
Breakpoint 2 at 0x7d79
Continuing.

Breakpoint 2, 0x00007d79 in ?? ()
=> 0x00007d79:	66 89 d8	mov    ax,bx
$1 = 0x7bf6
0x00007d7c in ?? ()
=> 0x00007d7c:	ba f3 01 ee 66	mov    edx,0x66ee01f3
0x00007d7f in ?? ()
=> 0x00007d7f:	ee	out    dx,al
$2 = 0x7bf6
0x00007d80 in ?? ()
=> 0x00007d80:	66 c1 e8 08	shr    ax,0x8
$3 = 0x7bf6
0x00007d84 in ?? ()
=> 0x00007d84:	ba f4 01 ee 66	mov    edx,0x66ee01f4
$4 = 0x7bf6
0x00007d87 in ?? ()
=> 0x00007d87:	ee	out    dx,al
$5 = 0x7bf6
0x00007d88 in ?? ()
=> 0x00007d88:	66 c1 e8 08	shr    ax,0x8
$6 = 0x7bf6
0x00007d8c in ?? ()
=> 0x00007d8c:	ba f5 01 ee 66	mov    edx,0x66ee01f5
$7 = 0x7bf6
0x00007d8f in ?? ()
=> 0x00007d8f:	ee	out    dx,al
$8 = 0x7bf6
0x00007d90 in ?? ()
=> 0x00007d90:	66 c1 e8 08	shr    ax,0x8
$9 = 0x7bf6
0x00007d94 in ?? ()
=> 0x00007d94:	24 0f	and    al,0xf
$10 = 0x7bf6
0x00007d96 in ?? ()
=> 0x00007d96:	0c e0	or     al,0xe0
$11 = 0x7bf6
0x7bf0:	0x00	0x00	0x08	0x00	0x00	0x00	0xf9	0x80
0x7bf8:	0xa9	0x80	0x00	0x00	0x69	0x7d	0x00	0x00
0x7c00:	0xeb	0x3c	0x00	0x5a	0x69	0x67	0x68	0x74
0x7c08:	0x63	0x68	0x00	0x00	0x02	0x01	0x01	0x00
0x00007d98 in ?? ()
=> 0x00007d98:	ba f6 01 ee ba	mov    edx,0xbaee01f6
0x00007d9b in ?? ()
=> 0x00007d9b:	ee	out    dx,al
0x00007d9c in ?? ()
=> 0x00007d9c:	ba f7 01 b0 20	mov    edx,0x20b001f7
0x00007d9f in ?? ()
=> 0x00007d9f:	b0 20	mov    al,0x20
0x00007da1 in ?? ()
=> 0x00007da1:	ee	out    dx,al
0x00007da2 in ?? ()
=> 0x00007da2:	ba f7 01 ec 24	mov    edx,0x24ec01f7
$12 = 0x7bf6
0x00007da5 in ?? ()
=> 0x00007da5:	ec	in     al,dx
0x00007da6 in ?? ()
=> 0x00007da6:	24 88	and    al,0x88
0x00007da8 in ?? ()
=> 0x00007da8:	3c 08	cmp    al,0x8
0x00007daa in ?? ()
=> 0x00007daa:	75 f6	jne    0x7da2
0x00007dac in ?? ()
=> 0x00007dac:	ba f0 01 b9 00	mov    edx,0xb901f0
$13 = 0x7bf6
Dump of assembler code from 0x7dac to 0x7db6:
=> 0x00007dac:	mov    edx,0xb901f0
   0x00007db1:	add    ebp,ebp
   0x00007db3:	mov    DWORD PTR ds:0xe202c783,eax
End of assembler dump.
$14 = 0x7bf6
Dump of assembler code from 0x7dac to 0x7ddc:
=> 0x00007dac:	mov    edx,0xb901f0
   0x00007db1:	add    ebp,ebp
   0x00007db3:	mov    DWORD PTR ds:0xe202c783,eax
   0x00007db9:	clc    
   0x00007dba:	ret    
   0x00007dbb:	dec    esp
   0x00007dbc:	dec    edi
   0x00007dbd:	inc    ecx
   0x00007dbe:	inc    esp
   0x00007dbf:	inc    ebp
   0x00007dc0:	push   edx
   0x00007dc1:	and    BYTE PTR [eax],ah
   0x00007dc3:	and    BYTE PTR [eax],ah
   0x00007dc5:	and    BYTE PTR [eax],al
   0x00007dc7:	push   esp
   0x00007dc8:	push   0x6f6c2065
   0x00007dcd:	popa   
   0x00007dce:	fs gs jb 0x7df2
   0x00007dd2:	ja     0x7e35
   0x00007dd4:	jae    0x7df6
   0x00007dd6:	outs   dx,BYTE PTR ds:[esi]
   0x00007dd7:	outs   dx,DWORD PTR ds:[esi]
   0x00007dd8:	je     0x7dfa
   0x00007dda:	outs   dx,WORD PTR ds:[esi]
End of assembler dump.
Breakpoint 3 at 0x7dba
Continuing.

Breakpoint 2, 0x00007d79 in ?? ()
=> 0x00007d79:	66 89 d8	mov    ax,bx
Continuing.

Breakpoint 3, 0x00007dba in ?? ()
=> 0x00007dba:	c3	ret    
$15 = 0x7bfc
Continuing.

Breakpoint 2, 0x00007d79 in ?? ()
=> 0x00007d79:	66 89 d8	mov    ax,bx
$16 = 0x7bfc
Continuing.

Breakpoint 3, 0x00007dba in ?? ()
=> 0x00007dba:	c3	ret    
Continuing.

Breakpoint 2, 0x00007d79 in ?? ()
=> 0x00007d79:	66 89 d8	mov    ax,bx
Detaching from pid process 1
Remote connection closed
warning: No executable has been specified and target does not support
determining executable automatically.  Try using the "file" command.
0x0000fff0 in ?? ()
Breakpoint 1 at 0x7dba
Breakpoint 2 at 0x80e8
Continuing.

Breakpoint 1, 0x00007dba in ?? ()
=> 0x00007dba:	c3	ret    
$1 = 0x7bfc
0x7bf0:	0x00	0x00	0x58	0x00	0x00	0x00	0xa6	0x7d
0x7bf8:	0x00	0x00	0x16	0x0a	0x9c	0x7c	0x00	0x00
0x7c00:	0xeb	0x3c	0x00	0x5a	0x69	0x67	0x68	0x74
0x7c08:	0x63	0x68	0x00	0x00	0x02	0x01	0x01	0x00
Continuing.

Breakpoint 1, 0x00007dba in ?? ()
=> 0x00007dba:	c3	ret    
Continuing.

Breakpoint 1, 0x00007dba in ?? ()
=> 0x00007dba:	c3	ret    
Continuing.

Breakpoint 2, 0x000080e8 in ?? ()
=> 0x000080e8:	be 4e 81 00 00	mov    esi,0x814e
Continuing.

Breakpoint 1, 0x00007dba in ?? ()
=> 0x00007dba:	c3	ret    
Continuing.

Breakpoint 1, 0x00007dba in ?? ()
=> 0x00007dba:	c3	ret    
Continuing.

Breakpoint 1, 0x00007dba in ?? ()
=> 0x00007dba:	c3	ret    
Continuing.

Breakpoint 2, 0x000080e8 in ?? ()
=> 0x000080e8:	be 4e 81 00 00	mov    esi,0x814e
Detaching from pid process 1
Ending remote debugging.
[Inferior 1 (process 1) detached]
warning: No executable has been specified and target does not support
determining executable automatically.  Try using the "file" command.
0x0000fff0 in ?? ()
Breakpoint 1 at 0x7dba
Breakpoint 2 at 0x80e9
Continuing.

Breakpoint 1, 0x00007dba in ?? ()
=> 0x00007dba:	c3	ret    
Continuing.

Breakpoint 1, 0x00007dba in ?? ()
=> 0x00007dba:	c3	ret    
Continuing.

Breakpoint 1, 0x00007dba in ?? ()
=> 0x00007dba:	c3	ret    
Continuing.

Breakpoint 1, 0x00007dba in ?? ()
=> 0x00007dba:	c3	ret    
Continuing.
[Inferior 1 (process 1) exited normally]
The program is not being run.
warning: No executable has been specified and target does not support
determining executable automatically.  Try using the "file" command.
0x0000fff0 in ?? ()
Breakpoint 1 at 0x8000
Continuing.

Breakpoint 1, 0x00008000 in ?? ()
=> 0x00008000:	fa	cli    
Dump of assembler code from 0x8076 to 0x8080:
   0x00008076:	add    BYTE PTR [ecx],dh
   0x00008078:	sar    BYTE PTR [ebx+0x8274],0x89
   0x0000807f:	add    ecx,DWORD PTR [ecx+0x38b66e3]
End of assembler dump.
Dump of assembler code from 0x8000 to 0x8040:
=> 0x00008000:	cli    
   0x00008001:	mov    edx,0xcec0092
   0x00008006:	add    ch,dh
   0x00008008:	xor    dx,dx
   0x0000800b:	mov    ax,0x8278
   0x0000800f:	add    BYTE PTR [eax],al
   0x00008011:	mov    cx,0x1000
   0x00008015:	add    BYTE PTR [eax],al
   0x00008017:	div    cx
   0x0000801a:	cmp    dx,0x0
   0x0000801e:	mul    cx
   0x00008021:	je     0x8029
   0x00008023:	add    ax,0x1000
   0x00008027:	add    BYTE PTR [eax],al
   0x00008029:	mov    bx,0x8266
   0x0000802d:	add    BYTE PTR [eax],al
   0x0000802f:	mov    cx,0x38
   0x00008033:	add    BYTE PTR [eax],al
   0x00008035:	mov    DWORD PTR [bp+di],ecx
   0x00008038:	mov    WORD PTR [bp+di+0x2],ax
   0x0000803d:	mov    di,ax
End of assembler dump.
Dump of assembler code from 0x8021 to 0x8061:
   0x00008021:	je     0x8029
   0x00008023:	add    ax,0x1000
   0x00008027:	add    BYTE PTR [eax],al
   0x00008029:	mov    bx,0x8266
   0x0000802d:	add    BYTE PTR [eax],al
   0x0000802f:	mov    cx,0x38
   0x00008033:	add    BYTE PTR [eax],al
   0x00008035:	mov    DWORD PTR [bp+di],ecx
   0x00008038:	mov    WORD PTR [bp+di+0x2],ax
   0x0000803d:	mov    di,ax
   0x00008040:	mov    ax,0x822d
   0x00008044:	add    BYTE PTR [eax],al
   0x00008046:	mov    si,ax
   0x00008049:	mov    ecx,0x6766000e
   0x0000804e:	mov    eax,DWORD PTR [esi]
   0x00008050:	mov    WORD PTR [bx],ax
   0x00008054:	add    di,0x4
   0x00008058:	add    si,0x4
   0x0000805c:	loop   0x804c
   0x0000805e:	mov    bx,0x8266
End of assembler dump.
Dump of assembler code from 0x805e to 0x809e:
   0x0000805e:	mov    bx,0x8266
   0x00008062:	add    BYTE PTR [eax],al
   0x00008064:	lgdtd  [bp+di]
   0x00008068:	mov    eax,cr0
   0x0000806b:	or     ax,0x1
   0x0000806f:	mov    cr0,eax
   0x00008072:	jmp    0xc031:0x188077
   0x00008079:	mov    ebx,0x8274
   0x0000807e:	mov    DWORD PTR [ebx],eax
   0x00008080:	mov    ebx,esp
   0x00008082:	mov    ax,WORD PTR [ebx]
   0x00008085:	mov    ebx,0x8270
   0x0000808a:	mov    WORD PTR [ebx],ax
   0x0000808d:	mov    eax,0x21
   0x00008092:	mov    ebx,0x826c
   0x00008097:	mov    DWORD PTR [ebx],eax
   0x00008099:	mov    ebx,0x826c
End of assembler dump.
Breakpoint 2 at 0x8072
Continuing.

Breakpoint 2, 0x00008072 in ?? ()
=> 0x00008072:	ea 77 80 18 00 31 c0	jmp    0xc031:0x188077
0x00008077 in ?? ()
=> 0x00008077:	31 c0	xor    eax,eax
Dump of assembler code from 0x8077 to 0x80f7:
=> 0x00008077:	xor    eax,eax
   0x00008079:	mov    ebx,0x8274
   0x0000807e:	mov    DWORD PTR [ebx],eax
   0x00008080:	mov    ebx,esp
   0x00008082:	mov    ax,WORD PTR [ebx]
   0x00008085:	mov    ebx,0x8270
   0x0000808a:	mov    WORD PTR [ebx],ax
   0x0000808d:	mov    eax,0x21
   0x00008092:	mov    ebx,0x826c
   0x00008097:	mov    DWORD PTR [ebx],eax
   0x00008099:	mov    ebx,0x826c
   0x0000809e:	mov    ebx,DWORD PTR [ebx]
   0x000080a0:	cmp    ebx,0x40
   0x000080a3:	ja     0x8176
   0x000080a9:	mov    edi,0x7e00
   0x000080ae:	call   0x81b1
   0x000080b3:	cld    
   0x000080b4:	xor    ebx,ebx
   0x000080b6:	mov    esi,ebx
   0x000080b8:	shl    esi,0x5
   0x000080bb:	add    esi,0x7e00
   0x000080c1:	mov    edi,0x81c8
   0x000080c6:	mov    ecx,0xb
   0x000080cb:	repz cmps BYTE PTR ds:[esi],BYTE PTR es:[edi]
   0x000080cd:	jcxz   0x80e6
   0x000080d0:	add    ebx,0x1
   0x000080d3:	cmp    ebx,0x10
   0x000080d6:	jl     0x80b6
   0x000080d8:	mov    ebx,0x826c
   0x000080dd:	mov    eax,DWORD PTR [ebx]
   0x000080df:	add    eax,0x1
   0x000080e2:	mov    DWORD PTR [ebx],eax
   0x000080e4:	jmp    0x8099
   0x000080e6:	xor    eax,eax
   0x000080e8:	shl    ebx,0x5
   0x000080eb:	add    ebx,0x7e00
   0x000080f1:	mov    eax,DWORD PTR [ebx+0x1c]
   0x000080f4:	cmp    eax,0x0
End of assembler dump.
Dump of assembler code from 0x80f4 to 0x8174:
   0x000080f4:	cmp    eax,0x0
   0x000080f7:	je     0x817d
   0x000080fd:	xor    eax,eax
   0x000080ff:	mov    ax,WORD PTR [ebx+0x1a]
   0x00008103:	mov    ebx,0x8272
   0x00008108:	mov    WORD PTR [ebx],ax
   0x0000810b:	cmp    ax,0xfff7
   0x0000810f:	ja     0x8174
   0x00008111:	cmp    ax,0x2000
   0x00008115:	jae    0x817d
   0x00008117:	xor    edx,edx
   0x00008119:	mov    ecx,0xff
   0x0000811e:	div    ecx
   0x00008120:	add    eax,0x1
   0x00008123:	mov    ebx,0x8274
   0x00008128:	mov    ebx,DWORD PTR [ebx]
   0x0000812a:	cmp    eax,ebx
   0x0000812c:	je     0x8141
   0x0000812e:	mov    ebx,0x8274
   0x00008133:	mov    DWORD PTR [ebx],eax
   0x00008135:	mov    edi,0x7e00
   0x0000813a:	mov    ebx,eax
   0x0000813c:	call   0x81b1
   0x00008141:	mov    ebx,0x8272
   0x00008146:	mov    bx,WORD PTR [ebx]
   0x00008149:	add    bx,0x3f
   0x0000814d:	mov    edi,0x100000
   0x00008152:	call   0x81b1
   0x00008157:	mov    ebx,0x8272
   0x0000815c:	mov    bx,WORD PTR [ebx]
   0x0000815f:	shl    bx,1
   0x00008162:	add    bx,0x7e00
   0x00008167:	mov    ax,WORD PTR [ebx]
   0x0000816a:	mov    ebx,0x8272
   0x0000816f:	mov    WORD PTR [ebx],ax
   0x00008172:	jmp    0x810b
End of assembler dump.
Dump of assembler code from 0x8172 to 0x81f2:
   0x00008172:	jmp    0x810b
   0x00008174:	jmp    0x81ae
   0x00008176:	mov    esi,0x81d4
   0x0000817b:	jmp    0x8182
   0x0000817d:	mov    esi,0x8200
   0x00008182:	mov    ecx,esi
   0x00008184:	mov    edi,0xb8000
   0x00008189:	mov    ah,0x7
   0x0000818b:	mov    al,BYTE PTR [esi]
   0x0000818d:	cmp    al,0x0
   0x0000818f:	je     0x819c
   0x00008191:	mov    WORD PTR [edi],ax
   0x00008194:	add    esi,0x1
   0x00008197:	add    edi,0x2
   0x0000819a:	jmp    0x818b
   0x0000819c:	mov    edx,0x3d4
   0x000081a1:	mov    al,0xf
   0x000081a3:	out    dx,al
   0x000081a4:	mov    edx,0x3d5
   0x000081a9:	sub    esi,ecx
   0x000081ab:	mov    eax,esi
   0x000081ad:	out    dx,al
   0x000081ae:	hlt    
   0x000081af:	jmp    0x81ae
   0x000081b1:	mov    esi,0x8270
   0x000081b6:	mov    ax,WORD PTR [esi]
   0x000081b9:	jmp    0x8:0x81c0
   0x000081c0:	call   eax
   0x000081c2:	jmp    0x4bc3:0x1881c7
   0x000081c9:	inc    ebp
   0x000081ca:	push   edx
   0x000081cb:	dec    esi
   0x000081cc:	inc    ebp
   0x000081cd:	dec    esp
   0x000081ce:	and    BYTE PTR [eax],ah
   0x000081d0:	and    BYTE PTR [eax],ah
   0x000081d2:	and    BYTE PTR [eax],al
   0x000081d4:	push   esp
   0x000081d5:	push   0x656b2065
   0x000081da:	jb     0x824a
   0x000081dc:	gs ins BYTE PTR es:[edi],dx
   0x000081de:	and    BYTE PTR [ecx+0x73],ch
   0x000081e1:	and    BYTE PTR [esi+0x6f],ch
   0x000081e4:	je     0x8206
   0x000081e6:	outs   dx,WORD PTR ds:[esi]
   0x000081e8:	jne    0x8258
   0x000081ea:	fs and BYTE PTR cs:[esi+0x69],al
   0x000081ef:	ins    BYTE PTR es:[edi],dx
   0x000081f0:	and    BYTE PTR gs:[ecx+0x6e],ch
End of assembler dump.
Breakpoint 3 at 0x81ae
Continuing.

Breakpoint 3, 0x000081ae in ?? ()
=> 0x000081ae:	f4	hlt    
0x100000:	0x00	0x00	0x00	0x00	0x00	0x00	0x00	0x00
0x100008:	0x00	0x00	0x00	0x00	0x00	0x00	0x00	0x00
0x100010:	0x00	0x00	0x00	0x00	0x00	0x00	0x00	0x00
0x100018:	0x00	0x00	0x00	0x00	0x00	0x00	0x00	0x00
Detaching from pid process 1
Remote connection closed
warning: No executable has been specified and target does not support
determining executable automatically.  Try using the "file" command.
0x0000fff0 in ?? ()
Breakpoint 1 at 0x81ae
Continuing.

Breakpoint 1, 0x000081ae in ?? ()
=> 0x000081ae:	f4	hlt    
0x100000:	0x31	0x32	0x33	0x0d	0x0a	0x00	0x00	0x00
0x100008:	0x00	0x00	0x00	0x00	0x00	0x00	0x00	0x00
0x100010:	0x00	0x00	0x00	0x00	0x00	0x00	0x00	0x00
0x100018:	0x00	0x00	0x00	0x00	0x00	0x00	0x00	0x00
Continuing.
[Inferior 1 (process 1) exited normally]
The program is not being run.
warning: No executable has been specified and target does not support
determining executable automatically.  Try using the "file" command.
0x0000fff0 in ?? ()
Breakpoint 1 at 0x80ae
Breakpoint 2 at 0x81ae
Continuing.

Breakpoint 2, 0x000081ae in ?? ()
=> 0x000081ae:	f4	hlt    
0x100000:	0xc5	0x00	0x00	0x00	0x00	0x00	0x00	0x00
0x100008:	0x00	0x00	0x00	0x00	0x01	0x00	0x00	0x00
0x100010:	0x01	0x00	0x00	0x00	0x5a	0x00	0x00	0x00
0x100018:	0x01	0x00	0x00	0x00	0x00	0x00	0x00	0x00
0x9000:	0x00	0x00	0x00	0x00	0x00	0x00	0x00	0x00
0x9008:	0xff	0xff	0x00	0x00	0x00	0x9a	0x8f	0x00
0x9010:	0xff	0xff	0x00	0x00	0x00	0x92	0x8f	0x00
0x9018:	0xff	0xff	0x00	0x00	0x00	0x9a	0xcf	0x00
Detaching from pid process 1
Remote connection closed
warning: No executable has been specified and target does not support
determining executable automatically.  Try using the "file" command.
0x0000fff0 in ?? ()
Breakpoint 1 at 0x81ae
Continuing.

Program received signal SIGINT, Interrupt.
0x000081c4 in ?? ()
=> 0x000081c4:	eb fd	jmp    0x81c3
0x100000:	0x7f	0x45	0x4c	0x46	0x01	0x01	0x01	0x00
0x100008:	0x00	0x00	0x00	0x00	0x00	0x00	0x00	0x00
0x100010:	0x02	0x00	0x03	0x00	0x01	0x00	0x00	0x00
0x100018:	0x0c	0x00	0x10	0x00	0x34	0x00	0x00	0x00
0x1090f0:	0x00	0x00	0x00	0x00	0x00	0x00	0x00	0x00
0x1090f8:	0x00	0x00	0x00	0x00	0x00	0x00	0x00	0x00
0x109100:	0x00	0x00	0x00	0x00	0x00	0x00	0x00	0x00
0x109108:	0x00	0x00	0x00	0x00	0x00	0x00	0x00	0x00
0x109000:	0x00	0x00	0x00	0x00	0x00	0x00	0x00	0x00
0x109008:	0x00	0x00	0x00	0x00	0x00	0x00	0x00	0x00
0x109010:	0x00	0x00	0x00	0x00	0x00	0x00	0x00	0x00
0x109018:	0x00	0x00	0x00	0x00	0x00	0x00	0x00	0x00
0x100000:	0x7f	0x45	0x4c	0x46	0x01	0x01	0x01	0x00
0x100008:	0x00	0x00	0x00	0x00	0x00	0x00	0x00	0x00
0x100010:	0x02	0x00	0x03	0x00	0x01	0x00	0x00	0x00
0x100018:	0x0c	0x00	0x10	0x00	0x34	0x00	0x00	0x00
0x100020:	0xd4	0x3e	0x00	0x00	0x00	0x00	0x00	0x00
0x100028:	0x34	0x00	0x20	0x00	0x03	0x00	0x28	0x00
0x100030:	0x10	0x00	0x0f	0x00	0x01	0x00	0x00	0x00
0x100038:	0x00	0x10	0x00	0x00	0x00	0x00	0x10	0x00
0x100040:	0x00	0x00	0x10	0x00	0x62	0x03	0x00	0x00
0x100048:	0x62	0x03	0x00	0x00	0x05	0x00	0x00	0x00
0x100050:	0x00	0x10	0x00	0x00	0x01	0x00	0x00	0x00
0x100058:	0x00	0x00	0x00	0x00	0x00	0x10	0x10	0x00
0x100060:	0x00	0x10	0x10	0x00	0x00	0x00	0x00	0x00
0x100068:	0xe8	0x3f	0x00	0x00	0x06	0x00	0x00	0x00
0x100070:	0x00	0x10	0x00	0x00	0x01	0x00	0x00	0x00
0x100078:	0x00	0x20	0x00	0x00	0x00	0x50	0x10	0x00
0x100080:	0x00	0x50	0x10	0x00	0x64	0x11	0x00	0x00
0x100088:	0x64	0x11	0x00	0x00	0x06	0x00	0x00	0x00
0x100090:	0x00	0x10	0x00	0x00	0x00	0x00	0x00	0x00
0x100098:	0x00	0x00	0x00	0x00	0x00	0x00	0x00	0x00
0x1000a0:	0x00	0x00	0x00	0x00	0x00	0x00	0x00	0x00
0x1000a8:	0x00	0x00	0x00	0x00	0x00	0x00	0x00	0x00
0x1000b0:	0x00	0x00	0x00	0x00	0x00	0x00	0x00	0x00
0x1000b8:	0x00	0x00	0x00	0x00	0x00	0x00	0x00	0x00
0x1000c0:	0x00	0x00	0x00	0x00	0x00	0x00	0x00	0x00
0x1000c8:	0x00	0x00	0x00	0x00	0x00	0x00	0x00	0x00
0x1000d0:	0x00	0x00	0x00	0x00	0x00	0x00	0x00	0x00
0x1000d8:	0x00	0x00	0x00	0x00	0x00	0x00	0x00	0x00
0x1000e0:	0x00	0x00	0x00	0x00	0x00	0x00	0x00	0x00
0x1000e8:	0x00	0x00	0x00	0x00	0x00	0x00	0x00	0x00
0x1000f0:	0x00	0x00	0x00	0x00	0x00	0x00	0x00	0x00
0x1000f8:	0x00	0x00	0x00	0x00	0x00	0x00	0x00	0x00
0x100100:	0x00	0x00	0x00	0x00	0x00	0x00	0x00	0x00
0x100108:	0x00	0x00	0x00	0x00	0x00	0x00	0x00	0x00
0x100110:	0x00	0x00	0x00	0x00	0x00	0x00	0x00	0x00
0x100118:	0x00	0x00	0x00	0x00	0x00	0x00	0x00	0x00
0x100120:	0x00	0x00	0x00	0x00	0x00	0x00	0x00	0x00
0x100128:	0x00	0x00	0x00	0x00	0x00	0x00	0x00	0x00
0x100130:	0x00	0x00	0x00	0x00	0x00	0x00	0x00	0x00
0x100138:	0x00	0x00	0x00	0x00	0x00	0x00	0x00	0x00
0x100140:	0x00	0x00	0x00	0x00	0x00	0x00	0x00	0x00
0x100148:	0x00	0x00	0x00	0x00	0x00	0x00	0x00	0x00
0x100150:	0x00	0x00	0x00	0x00	0x00	0x00	0x00	0x00
0x100158:	0x00	0x00	0x00	0x00	0x00	0x00	0x00	0x00
0x100160:	0x00	0x00	0x00	0x00	0x00	0x00	0x00	0x00
0x100168:	0x00	0x00	0x00	0x00	0x00	0x00	0x00	0x00
0x100170:	0x00	0x00	0x00	0x00	0x00	0x00	0x00	0x00
0x100178:	0x00	0x00	0x00	0x00	0x00	0x00	0x00	0x00
0x100180:	0x00	0x00	0x00	0x00	0x00	0x00	0x00	0x00
0x100188:	0x00	0x00	0x00	0x00	0x00	0x00	0x00	0x00
0x100190:	0x00	0x00	0x00	0x00	0x00	0x00	0x00	0x00
0x100198:	0x00	0x00	0x00	0x00	0x00	0x00	0x00	0x00
0x1001a0:	0x00	0x00	0x00	0x00	0x00	0x00	0x00	0x00
0x1001a8:	0x00	0x00	0x00	0x00	0x00	0x00	0x00	0x00
0x1001b0:	0x00	0x00	0x00	0x00	0x00	0x00	0x00	0x00
0x1001b8:	0x00	0x00	0x00	0x00	0x00	0x00	0x00	0x00
0x1001c0:	0x00	0x00	0x00	0x00	0x00	0x00	0x00	0x00
0x1001c8:	0x00	0x00	0x00	0x00	0x00	0x00	0x00	0x00
0x1001d0:	0x00	0x00	0x00	0x00	0x00	0x00	0x00	0x00
0x1001d8:	0x00	0x00	0x00	0x00	0x00	0x00	0x00	0x00
0x1001e0:	0x00	0x00	0x00	0x00	0x00	0x00	0x00	0x00
0x1001e8:	0x00	0x00	0x00	0x00	0x00	0x00	0x00	0x00
0x1001f0:	0x00	0x00	0x00	0x00	0x00	0x00	0x00	0x00
0x1001f8:	0x00	0x00	0x00	0x00	0x00	0x00	0x00	0x00
0x101000:	0x02	0xb0	0xad	0x1b	0x03	0x00	0x00	0x00
0x101008:	0xfb	0x4f	0x52	0xe4	0xbc	0xbe	0x4f	0x10
0x101010:	0x00	0xe8	0x3d	0x00	0x00	0x00	0x83	0xec
0x101018:	0x06	0xc7	0x44	0x24	0x02	0xc0	0x4f	0x10
0x101020:	0x00	0x66	0xa1	0x06	0x50	0x10	0x00	0x66
0x101028:	0x89	0x04	0x24	0x0f	0x01	0x14	0x24	0x83
0x101030:	0xc4	0x06	0x66	0xb9	0x10	0x00	0x8e	0xc1
0x101038:	0x8e	0xd9	0x8e	0xe1	0x8e	0xe9	0x8e	0xd1
0x101040:	0x66	0x6a	0x08	0x68	0x49	0x00	0x10	0x00
0x101048:	0xcb	0x53	0xe8	0x12	0x00	0x00	0x00	0xfa
0x101050:	0xf4	0xeb	0xfd	0x55	0x89	0xe5	0x83	0xec
0x101058:	0x08	0xe8	0x96	0x02	0x00	0x00	0x90	0xc9
0x101060:	0xc3	0x55	0x89	0xe5	0x83	0xec	0x08	0xe8
0x101068:	0x4c	0x01	0x00	0x00	0x83	0xec	0x0c	0x68
0x101070:	0x00	0x60	0x10	0x00	0xe8	0x0a	0x01	0x00
0x101078:	0x00	0x83	0xc4	0x10	0x90	0xc9	0xc3	0x55
0x101080:	0x89	0xe5	0x83	0xec	0x18	0x8b	0x45	0x08
0x101088:	0x88	0x45	0xf4	0x80	0x7d	0xf4	0x0a	0x75
0x101090:	0x49	0x0f	0xb7	0x05	0xbe	0x4f	0x10	0x00
0x101098:	0x0f	0xb7	0xc0	0x69	0xc0	0xcd	0xcc	0x00
0x1010a0:	0x00	0xc1	0xe8	0x10	0x66	0xc1	0xe8	0x06
0x1010a8:	0x66	0xa3	0xbe	0x4f	0x10	0x00	0x0f	0xb7
0x1010b0:	0x05	0xbe	0x4f	0x10	0x00	0x83	0xc0	0x01
0x1010b8:	0x66	0xa3	0xbe	0x4f	0x10	0x00	0x0f	0xb7
0x1010c0:	0x15	0xbe	0x4f	0x10	0x00	0x89	0xd0	0xc1
0x1010c8:	0xe0	0x02	0x01	0xd0	0xc1	0xe0	0x04	0x66
0x1010d0:	0xa3	0xbe	0x4f	0x10	0x00	0xe9	0x84	0x00
0x1010d8:	0x00	0x00	0x80	0x7d	0xf4	0x0d	0x75	0x36
0x1010e0:	0x0f	0xb7	0x05	0xbe	0x4f	0x10	0x00	0x0f
0x1010e8:	0xb7	0xc0	0x69	0xc0	0xcd	0xcc	0x00	0x00
0x1010f0:	0xc1	0xe8	0x10	0x66	0xc1	0xe8	0x06	0x66
0x1010f8:	0xa3	0xbe	0x4f	0x10	0x00	0x0f	0xb7	0x15
0x101100:	0xbe	0x4f	0x10	0x00	0x89	0xd0	0xc1	0xe0
0x101108:	0x02	0x01	0xd0	0xc1	0xe0	0x04	0x66	0xa3
0x101110:	0xbe	0x4f	0x10	0x00	0xeb	0x48	0xa1	0x00
0x101118:	0x50	0x10	0x00	0x0f	0xb7	0x15	0xbe	0x4f
0x101120:	0x10	0x00	0x0f	0xb7	0xd2	0x01	0xd2	0x01
0x101128:	0xc2	0x0f	0xb6	0x45	0xf4	0x88	0x02	0xa1
0x101130:	0x00	0x50	0x10	0x00	0x0f	0xb7	0x15	0xbe
0x101138:	0x4f	0x10	0x00	0x0f	0xb7	0xd2	0x01	0xd2
0x101140:	0x83	0xc2	0x01	0x01	0xc2	0x0f	0xb6	0x05
0x101148:	0x04	0x50	0x10	0x00	0x88	0x02	0x0f	0xb7
0x101150:	0x05	0xbe	0x4f	0x10	0x00	0x83	0xc0	0x01
0x101158:	0x66	0xa3	0xbe	0x4f	0x10	0x00	0x0f	0xb7
0x101160:	0x05	0xbe	0x4f	0x10	0x00	0x66	0x3d	0xce
0x101168:	0x07	0x76	0x15	0xe8	0x42	0x00	0x00	0x00
0x101170:	0x0f	0xb7	0x05	0xbe	0x4f	0x10	0x00	0x83
0x101178:	0xe8	0x50	0x66	0xa3	0xbe	0x4f	0x10	0x00
0x101180:	0x90	0xc9	0xc3	0x55	0x89	0xe5	0x83	0xec
0x101188:	0x08	0xeb	0x19	0x8b	0x45	0x08	0x0f	0xb6
0x101190:	0x00	0x0f	0xbe	0xc0	0x83	0xec	0x0c	0x50
0x101198:	0xe8	0xe2	0xfe	0xff	0xff	0x83	0xc4	0x10
0x1011a0:	0x83	0x45	0x08	0x01	0x8b	0x45	0x08	0x0f
0x1011a8:	0xb6	0x00	0x84	0xc0	0x75	0xdd	0x90	0x90
0x1011b0:	0xc9	0xc3	0x55	0x89	0xe5	0x90	0x5d	0xc3
0x1011b8:	0x55	0x89	0xe5	0x83	0xec	0x10	0x66	0xc7
0x1011c0:	0x45	0xfe	0x00	0x00	0xeb	0x34	0xa1	0x00
0x1011c8:	0x50	0x10	0x00	0x0f	0xb7	0x55	0xfe	0x01
0x1011d0:	0xd2	0x01	0xd0	0xc6	0x00	0x00	0xa1	0x00
0x1011d8:	0x50	0x10	0x00	0x0f	0xb7	0x55	0xfe	0x01
0x1011e0:	0xd2	0x83	0xc2	0x01	0x01	0xc2	0x0f	0xb6
0x1011e8:	0x05	0x04	0x50	0x10	0x00	0x88	0x02	0x0f
0x1011f0:	0xb7	0x45	0xfe	0x83	0xc0	0x01	0x66	0x89
0x1011f8:	0x45	0xfe	0x66	0x81	0x7d	0xfe	0xcf	0x07
0x103ab0:	0x69	0x74	0x47	0x44	0x54	0x5f	0x76	0x00
0x103ab8:	0x5f	0x5a	0x38	0x74	0x74	0x79	0x43	0x6c
0x103ac0:	0x65	0x61	0x72	0x76	0x00	0x5f	0x5a	0x39
0x103ac8:	0x74	0x74	0x79	0x50	0x75	0x74	0x53	0x74
0x103ad0:	0x72	0x50	0x63	0x00	0x69	0x6e	0x69	0x74
0x103ad8:	0x47	0x44	0x54	0x5f	0x00	0x74	0x74	0x79
0x103ae0:	0x50	0x75	0x74	0x53	0x74	0x72	0x00	0x5f
0x103ae8:	0x5a	0x31	0x31	0x74	0x74	0x79	0x53	0x63
Detaching from pid process 1
Remote connection closed
